451 ah, typ 46, 10,4v, 100%, 29%, 80% brightness

[14:36:07][I][uart0:064]: <<< AA:CA:48:05:15:05:CC:01:20:00:64:00:85:01:00:9A
[14:36:08][I][uart0:064]: <<< AA:DA:00:00:00:00:F8:11:5E:0A:00:00:2F:04:02:4E
[14:36:09][I][uart0:064]: <<< AA:FA:2F:00:50:05:F9:02:00:F8:FF:FF:28:05:00:AE
[14:36:09][E][uart1:093]: <<< AA:ED:00:00:00:00:00:ED
[14:36:10][I][uart0:064]: <<< AA:CA:48:05:15:05:CC:01:20:00:64:00:5A:01:00:45
AA:DA:00:00:00:00:F8:11:5E:0A:00:00:2F:04:02:4E
AA:FA:2F:00:50:05:FA:02:00:F8:FF:FF:28:05:00:AD
AA:CA:4A:05:15:05:CC:01:20:00:64:00:85:01:00:98
AA:DA:00:00:00:00:F8:11:5E:0A:00:00:2F:04:02:4E
AA:FA:2F:00:50:05:FA:02:00:F7:FF:FF:28:05:00:A2
AA:CA:4A:05:15:05:CC:01:20:00:64:00:85:01:00:98
AA:DA:00:00:00:00:F8:11
[14:36:11][I][uart0:064]: <<< 5E:0A:00:00:2F:04:02:4E
AA:FA:2F:00:50:05:FA:02:00:F7:FF:FF:28:05:00:A2
AA:CA:4A:05:15:05:CC:01:20:00:64:00:5A:01:00:47
AA:DA:00:00:00:00:F8:11:5E:09:00:00:2F:04:02:4D
AA:FA:2F:00:50:05:FA:02:00:F8:FF:FF:28:05:00:AD
AA:CA:4A:05:15:05:CC:01:20:00:64:00:5A:01:00:47
AA:DA:00:00:00:00:F8:11:5E:0A:00:00:2F:04:02:4E
AA:FA:2F:00:50:05:FA:02:00:F8:FF:FF:28:05:00:AD
[14:36:12][I][uart0:064]: <<< AA:CA:4A:05:15:05:CC:01:20:00:64:00:5A:01:00:47
AA:DA:00:00:00:00:F8:11:5E:09:00:00:2F:04:02:4D
AA:FA:2F:00:50:05:FA:02:00:F7:FF:FF:28:05:00:A2
AA:CA:4A:05:15:05:CC:01:20:00:64:00:85:01:00:98
[14:36:13][I][uart0:064]: <<< AA:DA:00:00:00:00:F8:11:5E:09:00:00:2F:04:02:4D
[14:36:14][I][uart0:064]: <<< AA:FA:2F:00:50:05:F9:02:00:F8:FF:FF:28:05:00:AE
[14:36:14][E][uart1:093]: <<< AA:ED:00:00:00:00:00:ED
[14:36:15][I][uart0:064]: <<< AA:CA:48:05:15:05:CC:01:20:00:64:00:5A:01:00:45
AA:DA:00:00:00:00:F8:11:5E:09:00:00:2F:04:02:4D
AA:FA:2F:00:50:05:FA:02:00:F8:FF:FF:28:05:00:AD
AA:CA:4A:05:15:05:CC:01:20:00:64:00:85:01:00:98
AA:DA:00:00:00:00:F8:11:5E:0A:00:00:2F:04:02:4E
AA:FA:2F:00:50:05:FA:02:00:F7:FF:FF:28:05:00:A2
AA:CA:4A:05:15:05:CC:01:20:00:64:00:85:01:00:98
AA:DA:00:00:00:00:F8:11
[14:36:16][I][uart0:064]: <<< 5E:0A:00:00:2F:04:02:4E
AA:FA:2F:00:50:05:FA:02:00:F7:FF:FF:28:05:00:A2
AA:CA:4A:05:15:05:CC:01:20:00:64:00:5A:01:00:47
AA:DA:00:00:00:00:F8:11:5E:0A:00:00:2F:04:02:4E
AA:FA:2F:00:50:05:FA:02:00:F8:FF:FF:28:05:00:AD
AA:CA:4A:05:15:05:CC:01:20:00:64:00:5A:01:00:47
AA:DA:00:00:00:00:F8:11:5E:0A:00:00:2F:04:02:4E
AA:FA:2F:00:50:05:FA:02:00:F8:FF:FF:28:05:00:AD
[14:36:17][I][uart0:064]: <<< AA:CA:4A:05:15:05:CC:01:20:00:64:00:85:01:00:98
AA:DA:00:00:00:00:F8:11:5E:0A:00:00:2F:04:02:4E
AA:FA:2F:00:50:05:FA:02:00:F7:FF:FF:28:05:00:A2
[14:36:17][I][uart0:064]: <<< AA:CA:4A:05:15:05:CC:01:20:00:64:00:85:01:00:98
[14:36:18][I][uart0:064]: <<< AA:DA:00:00:00:00:F8:11:5E:0A:00:00:2F:04:02:4E
[14:36:19][E][uart1:093]: <<< AA:ED:00:00:00:00:00:ED
[14:36:20][I][uart0:064]: <<< AA:FA:2F:00:50:05:F9:02:00:F7:FF:FF:28:05:00:A1
AA:CA:4A:05:15:05:CC:01:20:00:64:00:85:01:00:98
AA:DA:00:00:00:00:F8:11:5E:09:00:00:2F:04:02:4D
AA:FA:2F:00:50:05:FA:02:00:F8:FF:FF:28:05:00:AD
AA:CA:4A:05:15:05:CC:01:20:00:64:00:5A:01:00:47
AA:DA:00:00:00:00:F8:11:5E:09:00:00:2F:04:02:4D
AA:FA:2F:00:50:05:FA:02:00:F8:FF:FF:28:05:00:AD
AA:CA:4A:05:15:05:CC:01
[14:36:22][I][uart0:064]: <<< 20:00:64:00:5A:01:00:47
AA:DA:00:00:00:00:F8:11:5E:0A:00:00:2F:04:02:4E
AA:FA:2F:00:50:05:FA:02:00:F7:FF:FF:28:05:00:A2
AA:CA:4A:05:15:05:CC:01:20:00:64:00:85:01:00:98
AA:DA:00:00:00:00:F8:11:5E:0A:00:00:2F:04:02:4E
AA:FA:2F:00:50:05:FA:02:00:F7:FF:FF:28:05:00:A2
AA:CA:4A:05:15:05:CC:01:20:00:64:00:85:01:00:98
AA:DA:00:00:00:00:F8:11:5E:0A:00:00:2F:04:02:4E
[14:36:22][I][uart0:064]: <<< AA:FA:2F:00:50:05:FA:02:00:F9:FF:FF:28:05:00:AC
AA:CA:4A:05:15:05:CC:01:20:00:64:00:2E:01:00:33
AA:DA:00:00:00:00:F8:11:5E:09:00:00:2F:04:02:4D
[14:36:23][I][uart0:064]: <<< AA:FA:2F:00:50:05:F9:02:00:F8:FF:FF:28:05:00:AE
[14:36:24][I][uart0:064]: <<< AA:CA:48:05:15:05:CC:01:20:00:64:00:85:01:00:9A
[14:36:25][I][uart0:064]: <<< AA:DA:00:00:00:00:F8:11:5E:0A:00:00:2F:04:02:4E
[14:36:25][I][uart0:064]: <<< AA:FA:2F:00:50:05:F9:02:00:F8:FF:FF:28:05:00:AE
[14:36:27][I][uart0:064]: <<< AA:CA:48:05:15:05:CC:01:20:00:64:00:5A:01:00:45
[14:36:27][I][uart0:064]: <<< AA:DA:00:00:00:00:F8:11:5E:0A:00:00:2F:04:02:4E
[14:36:28][I][uart0:064]: <<< AA:FA:2F:00:50:05:F9:02:00:F7:FF:FF:28:05:00:A1
[14:36:28][E][uart1:093]: <<< AA:ED:00:00:00:00:00:ED
[14:36:30][I][uart0:064]: <<< AA:CA:48:05:15:05:CC:01:20:00:64:00:5A:01:00:45
AA:DA:00:00:00:00:F8:11:5E:0A:00:00:2F:04:02:4E
AA:FA:2F:00:50:05:FA:02:00:F8:FF:FF:28:05:00:AD
AA:CA:4A:05:15:05:CC:01:20:00:64:00:5A:01:00:47
AA:DA:00:00:00:00:F8:11:5E:0A:00:00:2F:04:02:4E
AA:FA:2F:00:50:05:F8:02:00:F8:FF:FF:28:05:00:AF
AA:CA:4A:05:15:05:CC:01:20:00:64:00:85:01:00:98
AA:DA:00:00:00:00:F8:11
[14:36:31][I][uart0:064]: <<< 5E:09:00:00:2F:04:02:4D
AA:FA:2F:00:50:05:FA:02:00:F7:FF:FF:28:05:00:A2
AA:CA:4A:05:15:05:CC:01:20:00:64:00:85:01:00:98
AA:DA:00:00:00:00:F8:11:5E:0A:00:00:2F:04:02:4E
AA:FA:2F:00:50:05:FA:02:00:F7:FF:FF:28:05:00:A2
AA:CA:4A:05:15:05:CC:01:20:00:64:00:2E:01:00:33
AA:DA:00:00:00:00:F8:11:5E:0A:00:00:2F:04:02:4E
AA:FA:2F:00:50:05:FA:02:00:F9:FF:FF:28:05:00:AC
[14:36:31][I][uart0:064]: <<< AA:CA:48:05:15:05:CC:01:20:00:64:00:2E:01:00:31
[14:36:32][I][uart0:064]: <<< AA:DA:00:00:00:00:F8:11:5E:0A:00:00:2F:04:02:4E
[14:36:33][I][uart0:064]: <<< AA:FA:2F:00:50:05:F9:02:00:F8:FF:FF:28:05:00:AE
[14:36:33][E][uart1:093]: <<< AA:ED:00:00:00:00:00:ED
[14:36:35][I][uart0:064]: <<< AA:CA:48:05:15:05:CC:01:20:00:64:00:5A:01:00:45
AA:DA:00:00:00:00:F8:11:5E:0A:00:00:2F:04:02:4E
AA:FA:2F:00:50:05:FA:02:00:F8:FF:FF:28:05:00:AD
AA:CA:4A:05:15:05:CC:01:20:00:64:00:5A:01:00:47
AA:DA:00:00:00:00:F8:11:5E:0A:00:00:2F:04:02:4E
AA:FA:2F:00:50:05:FA:02:00:F7:FF:FF:28:05:00:A2
AA:CA:4A:05:15:05:CC:01:20:00:64:00:85:01:00:98
AA:DA:00:00:00:00:F8:11
[14:36:36][I][uart0:064]: <<< 5E:09:00:00:2F:04:02:4D
AA:FA:2F:00:50:05:FA:02:00:F7:FF:FF:28:05:00:A2
AA:CA:4A:05:15:05:CC:01:20:00:64:00:85:01:00:98
AA:DA:00:00:00:00:F8:11:5E:0A:00:00:2F:04:02:4E
AA:FA:2F:00:50:05:FA:02:00:F9:FF:FF:28:05:00:AC
AA:CA:4A:05:15:05:CC:01:20:00:64:00:2E:01:00:33
AA:DA:00:00:00:00:F8:11:5E:0A:00:00:2F:04:02:4E
[14:36:36][I][uart0:064]: <<< AA:FA:2F:00:50:05:F9:02:00:F9:FF:FF:28:05:00:AF
[14:36:37][I][uart0:064]: <<< AA:CA:48:05:15:05:CC:01:20:00:64:00:85:01:00:9A
[14:36:38][I][uart0:064]: <<< AA:DA:00:00:00:00:F8:11:5E:0A:00:00:2F:04:02:4E
[14:36:39][E][uart1:093]: <<< AA:ED:00:00:00:00:00:ED
[14:36:39][I][uart0:064]: <<< AA:FA:2F:00:50:05:F9:02:00:F7:FF:FF:28:05:00:A1
[14:36:40][I][uart0:064]: <<< AA:CA:48:05:15:05:CC:01:20:00:64:00:85:01:00:9A
AA:DA:00:00:00:00:F8:11:5E:0A:00:00:2F:04:02:4E
AA:FA:2F:00:50:05:F8:02:00:F7:FF:FF:28:05:00:A0
AA:CA:4A:05:15:05:CC:01:20:00:64:00:2E:01:00:33
AA:DA:00:00:00:00:F8:11:5E:0A:00:00:2F:04:02:4E
AA:FA:2F:00:50:05:FA:02:00:F9:FF:FF:28:05:00:AC
AA:CA:4A:05:15:05:CC:01:20:00:64:00:2E:01:00:33
AA:DA:00:00:00:00:F8:11
[14:36:41][I][uart0:064]: <<< 5E:09:00:00:2F:04:02:4D
AA:FA:2F:00:50:05:FA:02:00:F9:FF:FF:28:05:00:AC
AA:CA:4A:05:15:05:CC:01:20:00:64:00:2E:01:00:33
AA:DA:00:00:00:00:F8:11:5E:0A:00:00:2F:04:02:4E
AA:FA:2F:00:50:05:FA:02:00:F7:FF:FF:28:05:00:A2
AA:CA:4A:05:15:05:CC:01:20:00:64:00:85:01:00:98
[14:36:42][I][uart0:064]: <<< AA:DA:00:00:00:00:F8:11:5E:09:00:00:2F:04:02:4D
[14:36:43][I][uart0:064]: <<< AA:FA:2F:00:50:05:F9:02:00:F8:FF:FF:28:05:00:AE
[14:36:43][I][uart0:064]: <<< AA:CA:48:05:15:05:CC:01:20:00:64:00:5A:01:00:45
[14:36:44][I][uart0:064]: <<< AA:DA:00:00:00:00:F8:11:5E:0A:00:00:2F:04:02:4E
[14:36:45][I][uart0:064]: <<< AA:FA:2F:00:50:05:F9:02:00:F8:FF:FF:28:05:00:AE
[14:36:46][I][uart0:064]: <<< AA:CA:48:05:15:05:CC:01:20:00:64:00:85:01:00:9A
[14:36:47][I][uart0:064]: <<< AA:DA:00:00:00:00:F8:11:5E:0A:00:00:2F:04:02:4E
[14:36:48][I][uart0:064]: <<< AA:FA:2F:00:50:05:F9:02:00:F7:FF:FF:28:05:00:A1
[14:36:48][E][uart1:093]: <<< AA:ED:00:00:00:00:00:ED
[14:36:49][I][uart0:064]: <<< AA:CA:48:05:15:05:CC:01:20:00:64:00:85:01:00:9A
AA:DA:00:00:00:00:F8:11:5E:09:00:00:2F:04:02:4D
AA:FA:2F:00:50:05:FA:02:00:F9:FF:FF:28:05:00:AC
AA:CA:4A:05:15:05:CC:01:20:00:64:00:2E:01:00:33
AA:DA:00:00:00:00:F8:11:5E:09:00:00:2F:04:02:4D
AA:FA:2F:00:50:05:FA:02:00:F9:FF:FF:28:05:00:AC
AA:CA:4A:05:15:05:CC:01:20:00:64:00:2E:01:00:33
AA:DA:00:00:00:00:F8:11
[14:36:50][I][uart0:064]: <<< 5E:0A:00:00:2F:04:02:4E
AA:FA:2F:00:50:05:FA:02:00:F7:FF:FF:28:05:00:A2
AA:CA:4A:05:15:05:CC:01:20:00:64:00:85:01:00:98
AA:DA:00:00:00:00:F8:11:5E:0A:00:00:2F:04:02:4E
AA:FA:2F:00:50:05:FA:02:00:F7:FF:FF:28:05:00:A2
AA:CA:46:05:0A:05:CC:01:20:00:64:00:85:01:00:8B
AA:DA:00:00:00:00:F8:11:5E:0A:00:00:2F:04:02:4E
AA:FA:2F:00:50:05:FA:02:00:FD:FF:FF:28:05:00:A8
[14:36:51][I][uart0:064]: <<< AA:CA:4A:05:0D:05:CC:01:20:00:64:00:81:00:00:85
AA:DA:00:00:00:00:F8:11:5E:09:00:00:2F:04:02:4D
AA:FA:2F:00:50:05:FA:02:00:FD:FF:FF:28:05:00:A8
[14:36:52][I][uart0:064]: <<< AA:CA:48:05:0D:05:CC:01:20:00:64:00:03:01:00:04
[14:36:53][E][uart1:093]: <<< AA:ED:00:00:00:00:00:ED
[14:36:53][I][uart0:064]: <<< AA:DA:00:00:00:00:F8:11:5E:09:00:00:2F:04:02:4D
[14:36:54][I][uart0:064]: <<< AA:FA:2F:00:50:05:F9:02:00:F9:FF:FF:28:05:00:AF
AA:CA:48:05:0F:05:CC:01:20:00:64:00:03:01:00:06
AA:DA:00:00:00:00:F8:11:5E:09:00:00:2F:04:02:4D
AA:FA:2F:00:50:05:FA:02:00:FA:FF:FF:28:05:00:AF
AA:CA:46:05:11:05:CC:01:20:00:64:00:03:01:00:16
AA:DA:00:00:00:00:F8:11:5E:09:00:00:2F:04:02:4D
AA:FA:2F:00:50:05:FA:02:00:FA:FF:FF:28:05:00:AF
AA:CA:46:05:11:05:CC:01
[14:36:56][I][uart0:064]: <<< 20:00:64:00:2E:01:00:3B
AA:DA:00:00:00:00:F8:11:5E:0A:00:00:2F:04:02:4E
AA:FA:2F:00:50:05:FA:02:00:F9:FF:FF:28:05:00:AC
AA:CA:4A:05:11:05:CC:01:20:00:64:00:2E:01:00:37
AA:DA:00:00:00:00:F8:11:5E:0A:00:00:2F:04:02:4E
AA:FA:2F:00:50:05:F8:02:00:F9:FF:FF:28:05:00:AE
AA:CA:4A:05:11:05:CC:01:20:00:64:00:2E:01:00:37
AA:DA:00:00:00:00:F8:11:5E:0A:00:00:2F:04:02:4E
[14:36:56][I][uart0:064]: <<< AA:FA:2F:00:50:05:FA:02:00:F9:FF:FF:28:05:00:AC
AA:CA:4A:05:11:05:CC:01:20:00:64:00:2E:01:00:37
[14:36:57][I][uart0:064]: <<< AA:DA:00:00:00:00:F8:11:5E:0A:00:00:2F:04:02:4E
[14:36:58][I][uart0:064]: <<< AA:FA:2F:00:50:05:F9:02:00:FA:FF:FF:28:05:00:AC
[14:36:58][E][uart1:093]: <<< AA:ED:00:00:00:00:00:ED
[14:36:59][I][uart0:064]: <<< AA:CA:48:05:11:05:CC:01:20:00:64:00:2E:01:00:35
AA:DA:00:00:00:00:F8:11:5E:0A:00:00:2F:04:02:4E
AA:FA:2F:00:50:05:FA:02:00:F9:FF:FF:28:05:00:AC
AA:CA:4A:05:11:05:CC:01:20:00:64:00:2E:01:00:37
AA:DA:00:00:00:00:F8:11:5E:0A:00:00:2F:04:02:4E
AA:FA:2F:00:50:05:F8:02:00:F9:FF:FF:28:05:00:AE
AA:CA:4A:05:11:05:CC:01:20:00:64:00:2E:01:00:37
AA:DA:00:00:00:00:F8:11
[14:37:01][I][uart0:064]: <<< 5E:09:00:00:2F:04:02:4D
AA:FA:2F:00:50:05:F8:02:00:F8:FF:FF:28:05:00:AF
AA:CA:4A:05:11:05:CC:01:20:00:64:00:5A:01:00:43
AA:DA:00:00:00:00:F8:11:5E:0A:00:00:2F:04:02:4E
AA:FA:2F:00:50:05:FA:02:00:F8:FF:FF:28:05:00:AD
AA:CA:46:05:11:05:CC:01:20:00:64:00:5A:01:00:4F
AA:DA:00:00:00:00:F8:11:5E:09:00:00:2F:04:02:4D
AA:FA:2F:00:50:05:FA:02:00:F9:FF:FF:28:05:00:AC
AA:CA:48:05:11:05:CC:01:20:00:64:00:2E:01:00:35
[14:37:01][I][uart0:064]: <<< AA:DA:00:00:00:00:F8:11:5E:09:00:00:2F:04:02:4D
[14:37:02][I][uart0:064]: <<< AA:FA:2F:00:50:05:F8:02:00:F9:FF:FF:28:05:00:AE
[14:37:03][E][uart1:093]: <<< AA:ED:00:00:00:00:00:ED
[14:37:03][I][uart0:064]: <<< AA:CA:46:05:11:05:CC:01:20:00:64:00:2E:01:00:3B
[14:37:05][I][uart0:064]: <<< AA:DA:00:00:00:00:F8:11:5E:09:00:00:2F:04:02:4D
AA:FA:2F:00:50:05:F8:02:00:F9:FF:FF:28:05:00:AE
AA:CA:46:05:11:05:CC:01:20:00:64:00:2E:01:00:3B
AA:DA:00:00:00:00:F8:11:5E:09:00:00:2F:04:02:4D
AA:FA:2F:00:50:05:F8:02:00:F9:FF:FF:28:05:00:AE
AA:CA:46:05:11:05:CC:01:20:00:64:00:2E:01:00:3B
AA:DA:00:00:00:00:F8:11:5E:09:00:00:2F:04:02:4D
AA:FA:2F:00:50:05:FA:02
[14:37:06][I][uart0:064]: <<< 00:F9:FF:FF:28:05:00:AC
AA:CA:4A:05:11:05:CC:01:20:00:64:00:2E:01:00:37
AA:DA:00:00:00:00:F8:11:5E:09:00:00:2F:04:02:4D
AA:FA:2F:00:50:05:F8:02:00:F9:FF:FF:28:05:00:AE
AA:CA:4A:05:11:05:CC:01:20:00:64:00:2E:01:00:37
AA:DA:00:00:00:00:F8:11:5E:09:00:00:2F:04:02:4D
AA:FA:2F:00:50:05:FA:02:00:F9:FF:FF:28:05:00:AC
AA:CA:46:05:11:05:CC:01:20:00:64:00:2E:01:00:3B
[14:37:06][I][uart0:064]: <<< AA:DA:00:00:00:00:F8:11:5E:0A:00:00:2F:04:02:4E
[14:37:07][I][uart0:064]: <<< AA:FA:2F:00:50:05:F9:02:00:F9:FF:FF:28:05:00:AF
[14:37:08][I][uart0:064]: <<< AA:CA:46:05:11:05:CC:01:20:00:64:00:2E:01:00:3B
[14:37:09][I][uart0:064]: <<< AA:DA:00:00:00:00:F8:11:5E:0A:00:00:2F:04:02:4E
[14:37:10][I][uart0:064]: <<< AA:FA:2F:00:50:05:F8:02:00:F9:FF:FF:28:05:00:AE
[14:37:11][I][uart0:064]: <<< AA:CA:48:05:11:05:CC:01:20:00:64:00:2E:01:00:35
[14:37:12][I][uart0:064]: <<< AA:DA:00:00:00:00:F8:11:5E:0A:00:00:2F:04:02:4E
[14:37:13][E][uart1:093]: <<< AA:ED:00:00:00:00:00:ED
[14:37:13][I][uart0:064]: <<< AA:FA:2F:00:50:05:F9:02:00:F9:FF:FF:28:05:00:AF
[14:37:14][I][uart0:064]: <<< AA:CA:48:05:11:05:CC:01:20:00:64:00:2E:01:00:35
AA:DA:00:00:00:00:F8:11:5E:0A:00:00:2F:04:02:4E
AA:FA:2F:00:50:05:F8:02:00:F9:FF:FF:28:05:00:AE
AA:CA:46:05:11:05:CC:01:20:00:64:00:2E:01:00:3B
AA:DA:00:00:00:00:F8:11:5E:09:00:00:2F:04:02:4D
AA:FA:2F:00:50:05:FA:02:00:F9:FF:FF:28:05:00:AC
AA:CA:4A:05:11:05:CC:01:20:00:64:00:2E:01:00:37
AA:DA:00:00:00:00:F8:11
[14:37:15][I][uart0:064]: <<< 5E:0A:00:00:2F:04:02:4E
AA:FA:2F:00:50:05:F8:02:00:F9:FF:FF:28:05:00:AE
AA:CA:46:05:11:05:CC:01:20:00:64:00:03:01:00:16
AA:DA:00:00:00:00:F8:11:5E:0A:00:00:2F:04:02:4E
AA:FA:2F:00:50:05:F8:02:00:FA:FF:FF:28:05:00:AD
AA:CA:4A:05:11:05:CC:01:20:00:64:00:03:01:00:1A
AA:DA:00:00:00:00:F8:11:5E:0A:00:00:2F:04:02:4E
AA:FA:2F:00:50:05:FA:02:00:FA:FF:FF:28:05:00:AF
[14:37:16][I][uart0:064]: <<< AA:CA:4A:05:11:05:CC:01:20:00:64:00:03:01:00:1A
AA:DA:00:00:00:00:F8:11:5E:0A:00:00:2F:04:02:4E
AA:FA:2F:00:50:05:F8:02:00:F9:FF:FF:28:05:00:AE
AA:CA:46:05:11:05:CC:01:20:00:64:00:2E:01:00:3B
[14:37:17][I][uart0:064]: <<< AA:DA:00:00:00:00:F8:11:5E:0A:00:00:2F:04:02:4E
[14:37:18][I][uart0:064]: <<< AA:FA:2F:00:50:05:F8:02:00:F9:FF:FF:28:05:00:AE
[14:37:18][E][uart1:093]: <<< AA:ED:00:00:00:00:00:ED
[14:37:19][I][uart0:064]: <<< AA:CA:46:05:11:05:CC:01:20:00:64:00:2E:01:00:3B
AA:DA:00:00:00:00:F8:11:5E:0A:00:00:2F:04:02:4E
AA:FA:2F:00:50:05:FA:02:00:F9:FF:FF:28:05:00:AC
AA:CA:4A:05:11:05:CC:01:20:00:64:00:2E:01:00:37
AA:DA:00:00:00:00:F8:11:5E:09:00:00:2F:04:02:4D
AA:FA:2F:00:50:05:FA:02:00:F9:FF:FF:28:05:00:AC
AA:CA:46:05:11:05:CC:01:20:00:64:00:2E:01:00:3B
AA:DA:00:00:00:00:F8:11
[14:37:20][I][uart0:064]: <<< 5E:0A:00:00:2F:04:02:4E
AA:FA:2F:00:50:05:F9:02:00:F9:FF:FF:28:05:00:AF
AA:CA:4A:05:11:05:CC:01:20:00:64:00:2E:01:00:37
AA:DA:00:00:00:00:F8:11:5E:09:00:00:2F:04:02:4D
AA:FA:2F:00:50:05:FA:02:00:F9:FF:FF:28:05:00:AC
AA:CA:46:05:11:05:CC:01:20:00:64:00:2E:01:00:3B
AA:DA:00:00:00:00:F8:11:5E:09:00:00:2F:04:02:4D
AA:FA:2F:00:50:05:FA:02:00:F9:FF:FF:28:05:00:AC
[14:37:21][I][uart0:064]: <<< AA:CA:4A:05:11:05:CC:01:20:00:64:00:2E:01:00:37
AA:DA:00:00:00:00:F8:11:5E:0A:00:00:2F:04:02:4E
AA:FA:2F:00:50:05:FA:02:00:F9:FF:FF:28:05:00:AC
[14:37:21][I][uart0:064]: <<< AA:CA:48:05:11:05:CC:01:20:00:64:00:2E:01:00:35
[14:37:22][I][uart0:064]: <<< AA:DA:00:00:00:00:F8:11:5E:0A:00:00:2F:04:02:4E
[14:37:23][E][uart1:093]: <<< AA:ED:00:00:00:00:00:ED
[14:37:24][I][uart0:064]: <<< AA:FA:2F:00:50:05:F8:02:00:F9:FF:FF:28:05:00:AE
AA:CA:4A:05:11:05:CC:01:20:00:64:00:2E:01:00:37
AA:DA:00:00:00:00:F8:11:5E:0A:00:00:2F:04:02:4E
AA:FA:2F:00:50:05:FA:02:00:FB:FF:FF:28:05:00:AE
AA:CA:4A:05:11:05:CC:01:20:00:64:00:D8:00:00:C0
AA:DA:00:00:00:00:F8:11:5E:09:00:00:2F:04:02:4D
AA:FA:2F:00:50:05:FA:02:00:FB:FF:FF:28:05:00:AE
AA:CA:46:05:11:05:CC:01
[14:37:25][I][uart0:064]: <<< 20:00:64:00:D8:00:00:CC
AA:DA:00:00:00:00:F8:11:5E:0A:00:00:2F:04:02:4E
AA:FA:2F:00:50:05:FA:02:00:F9:FF:FF:28:05:00:AC
AA:CA:46:85:44:41:2E:20:00:64:00:2E:01:00:3B
AA:DA:00:00:00:00:F8:11:5E:09:00:00:2F:04:02:4D
AA:FA:2F:00:50:05:F8:02:00:F9:FF:FF:28:05:00:AE
AA:CA:4A:05:11:05:CC:01:20:00:64:00:2E:01:00:37
AA:DA:00:00:00:00:F8:11:5E:09:00:00:2F:04:02:4D:AA
[14:37:26][I][uart0:064]: <<< FA:2F:00:50:05:F8:02:00:F9:FF:FF:28:05:00:AE
AA:CA:46:05:11:05:CC:01:20:00:64:00:2E:01:00:3B
AA:DA:00:00:00:00:F8:11:5E:09:00:00:2F:04:02:4D
[14:37:27][I][uart0:064]: <<< AA:FA:2F:00:50:05:F8:02:00:FA:FF:FF:28:05:00:AD
[14:37:28][I][uart0:064]: <<< AA:CA:46:05:11:05:CC:01:20:00:64:00:2E:01:00:3B
[14:37:28][I][uart0:064]: <<< AA:DA:00:00:00:00:F8:11:5E:0A:00:00:2F:04:02:4E
[14:37:29][I][uart0:064]: <<< AA:FA:2F:00:50:05:F8:02:00:F9:FF:FF:28:05:00:AE
[14:37:30][I][uart0:064]: <<< AA:CA:46:05:11:05:CC:01:20:00:64:00:2E:01:00:3B
[14:37:31][I][uart0:064]: <<< AA:DA:00:00:00:00:F8:11:5E:0A:00:00:2F:04:02:4E
[14:37:32][I][uart0:064]: <<< AA:FA:2F:00:50:05:F8:02:00:F9:FF:FF:28:05:00:AE
[14:37:32][E][uart1:093]: <<< AA:ED:00:00:00:00:00:ED
[14:37:34][I][uart0:064]: <<< AA:CA:46:05:11:05:CC:01:20:00:64:00:D8:00:00:CC
AA:DA:00:00:00:00:F8:11:5E:09:00:00:2F:04:02:4D
AA:FA:2F:00:50:05:FA:02:00:FB:FF:FF:28:05:00:AE
AA:CA:46:05:11:05:CC:01:20:00:64:00:D8:00:00:CC
AA:DA:00:00:00:00:F8:11:5E:0A:00:00:2F:04:02:4E
AA:FA:2F:00:50:05:F8:02:00:FB:FF:FF:28:05:00:AC
AA:CA:46:05:11:05:CC:01:20:00:64:00:2E:01:00:3B
AA:DA:00:00:00:00:F8:11
[14:37:35][I][uart0:064]: <<< 5E:0A:00:00:2F:04:02:4E
AA:FA:2F:00:50:05:F8:02:00:F9:FF:FF:28:05:00:AE
AA:CA:46:05:11:05:CC:01:20:00:64:00:2E:01:00:3B
AA:DA:00:00:00:00:F8:11:5E:0A:00:00:2F:04:02:4E
AA:FA:2F:00:50:05:F8:02:00:F9:FF:FF:28:05:00:AE
AA:CA:4A:05:11:05:CC:01:20:00:64:00:2E:01:00:37
AA:DA:00:00:00:00:F8:11:5E:0A:00:00:2F:04:02:4E
AA:FA:2F:00:50:05:F8:02:00:F9:FF:FF:28:05:00:AE
[14:37:35][I][uart0:064]: <<< AA:CA:46:05:11:05:CC:01:20:00:64:00:2E:01:00:3B
[14:37:36][I][uart0:064]: <<< AA:DA:00:00:00:00:F8:11:5E:0A:00:00:2F:04:02:4E
[14:37:37][I][uart0:064]: <<< AA:FA:2F:00:50:05:F8:02:00:F9:FF:FF:28:05:00:AE
[14:37:37][E][uart1:093]: <<< AA:ED:00:00:00:00:00:ED
[14:37:39][I][uart0:064]: <<< AA:CA:46:05:11:05:CC:01:20:00:64:00:2E:01:00:3B
AA:DA:00:00:00:00:F8:11:5E:0A:00:00:2F:04:02:4E
AA:FA:2F:00:50:05:F8:02:00:F9:FF:FF:28:05:00:AE
AA:CA:4A:05:11:05:CC:01:20:00:64:00:2E:01:00:37
AA:DA:00:00:00:00:F8:11:5E:09:00:00:2F:04:02:4D
AA:FA:2F:00:50:05:FA:02:00:FA:FF:FF:28:05:00:AF
AA:CA:46:05:11:05:CC:01:20:00:64:00:03:01:00:16
AA:DA:00:00:00:00:F8:11
[14:37:40][I][uart0:064]: <<< 5E:09:00:00:2F:04:02:4D
AA:FA:2F:00:50:05:FA:02:00:FA:FF:FF:28:05:00:AF
AA:CA:46:05:11:05:CC:01:20:00:64:00:03:01:00:16
AA:DA:00:00:00:00:F8:11:5E:09:00:00:2F:04:02:4D
AA:FA:2F:00:50:05:F8:02:00:F9:FF:FF:28:05:00:AE
AA:CA:4A:05:11:05:CC:01:20:00:64:00:2E:01:00:37
AA:DA:00:00:00:00:F8:11:5E:0A:00:00:2F:04:02:4E
AA:FA:2F:00:50:05:FA:02:00:F9:FF:FF:28:05:00:AC
[14:37:41][I][uart0:064]: <<< AA:CA:46:05:11:05:CC:01:20:00:64:00:03:01:00:16
[14:37:42][I][uart0:064]: <<< AA:DA:00:00:00:00:F8:11:5E:0A:00:00:2F:04:02:4E
[14:37:42][I][uart0:064]: <<< AA:FA:2F:00:50:05:F8:02:00:FA:FF:FF:28:05:00:AD
[14:37:42][E][uart1:093]: <<< AA:ED:00:00:00:00:00:ED
[14:37:44][I][uart0:064]: <<< AA:CA:46:05:11:05:CC:01:20:00:64:00:03:01:00:16
AA:DA:00:00:00:00:F8:11:5E:0A:00:00:2F:04:02:4E
AA:FA:2F:00:50:05:F8:02:00:FA:FF:FF:28:05:00:AD
AA:CA:46:05:11:05:CC:01:20:00:64:00:03:01:00:16
AA:DA:00:00:00:00:F8:11:5E:0A:00:00:2F:04:02:4E
AA:FA:2F:00:50:05:F8:02:00:F9:FF:FF:28:05:00:AE
AA:CA:46:05:11:05:CC:01:20:00:64:00:2E:01:00:3B
AA:DA:00:00:00:00:F8:11
[14:37:45][I][uart0:064]: <<< 5E:0A:00:00:2F:04:02:4E
AA:FA:2F:00:50:05:F8:02:00:F9:FF:FF:28:05:00:AE
AA:CA:46:05:11:05:CC:01:20:00:64:00:2E:01:00:3B
AA:DA:00:00:00:00:F8:11:5E:09:00:00:2F:04:02:4D
AA:FA:2F:00:50:05:FA:02:00:FA:FF:FF:28:05:00:AF
AA:CA:46:05:11:05:CC:01:20:00:64:00:03:01:00:16
[14:37:45][I][uart0:064]: <<< AA:DA:00:00:00:00:F8:11:5E:09:00:00:2F:04:02:4D
[14:37:46][I][uart0:064]: <<< AA:FA:2F:00:50:05:F8:02:00:F9:FF:FF:28:05:00:AE
[14:37:47][I][uart0:064]: <<< AA:CA:46:05:11:05:CC:01:20:00:64:00:2E:01:00:3B
[14:37:48][I][uart0:064]: <<< AA:DA:00:00:00:00:F8:11:5E:0A:00:00:2F:04:02:4E
[14:37:49][I][uart0:064]: <<< AA:FA:2F:00:50:05:F8:02:00:FA:FF:FF:28:05:00:AD
[14:37:50][I][uart0:064]: <<< AA:CA:46:05:11:05:CC:01:20:00:64:00:2E:01:00:3B
[14:37:50][I][uart0:064]: <<< AA:DA:00:00:00:00:F8:11:5E:0A:00:00:2F:04:02:4E
[14:37:51][I][uart0:064]: <<< AA:FA:2F:00:50:05:F8:02:00:FA:FF:FF:28:05:00:AD
[14:37:52][E][uart1:093]: <<< AA:ED:00:00:00:00:00:ED
[14:37:53][E][uart1:093]: <<< AA:ED:00:00:00:00:00:ED
[14:37:53][I][uart0:064]: <<< AA:CA:46:05:11:05:CC:01:20:00:64:00:03:01:00:16
AA:DA:00:00:00:00:F8:11:5E:0A:00:00:2F:04:02:4E
AA:FA:2F:00:50:05:F8:02:00:FA:FF:FF:28:05:00:AD
AA:CA:4A:05:11:05:CC:01:20:00:64:00:03:01:00:1A
AA:DA:00:00:00:00:F8:11:5E:09:00:00:2F:04:02:4D
AA:FA:2F:00:50:05:F8:02:00:FA:FF:FF:28:05:00:AD
AA:CA:4A:05:11:05:CC:01:20:00:64:00:03:01:00:1A
AA:DA:00:00:00:00:F8:11
[14:37:54][E][uart1:093]: <<< AA:ED:00:00:00:00:00:ED
[14:37:54][I][uart0:064]: <<< 5E:0A:00:00:2F:04:02:4E
AA:FA:2F:00:50:05:F8:02:00:FA:FF:FF:28:05:00:AD
AA:CA:46:05:11:05:CC:01:20:00:64:00:03:01:00:16
AA:DA:00:00:00:00:F8:11:5E:0A:00:00:2F:04:02:4E
AA:FA:2F:00:50:05:F8:02:00:FA:FF:FF:28:05:00:AD
AA:CA:46:05:11:05:CC:01:20:00:64:00:03:01:00:16
AA:DA:00:00:00:00:F8:11:5E:0A:00:00:2F:04:02:4E
AA:FA:2F:00:50:05:FA:02:00:FA:FF:FF:28:05:00:AF
[14:37:55][E][uart1:093]: <<< AA:ED:00:00:00:00:00:ED
[14:37:55][I][uart0:064]: <<< AA:CA:46:05:11:05:CC:01:20:00:64:00:03:01:00:16
AA:DA:00:00:00:00:F8:11:5E:09:00:00:2F:04:02:4D
AA:FA:2F:00:50:05:F8:02:00:FA:FF:FF:28:05:00:AD
AA:CA:46:05:11:05:CC:01:20:00:64:00:03:01:00:16
AA:DA:00:00:00:00:F8:11:5E:0A:00:00:2F:04:02:4E
AA:FA:2F:00:50:05:FA:02:00:FA:FF:FF:28:05:00:AF
AA:CA:46:05:11:05:CC:01:20:00:64:00:03:01:00:16
AA:DA:00:00:00:00:F8:11
[14:37:56][E][uart1:093]: <<< AA:ED:00:00:00:00:00:ED
[14:37:57][I][uart0:064]: <<< 5E:0A:00:00:2F:04:02:4E
AA:FA:2F:00:50:05:F8:02:00:FA:FF:FF:28:05:00:AD
AA:CA:46:05:11:05:CC:01:20:00:64:00:03:01:00:16
AA:DA:00:00:00:00:F8:11:5E:09:00:00:2F:04:02:4D
AA:FA:2F:00:50:05:F8:02:00:FA:FF:FF:28:05:00:AD
AA:CA:46:05:11:05:CC:01:20:00:64:00:03:01:00:16
AA:DA:00:00:00:00:F8:11:5E:09:00:00:2F:04:02:4D
AA:FA:2F:00:50:05:FA:02:00:FA:FF:FF:28:05:00:AF
[14:37:57][E][uart1:093]: <<< AA:ED:00:00:00:00:00:ED
[14:37:58][E][uart1:093]: <<< AA:ED:00:00:00:00:00:ED
[14:37:58][I][uart0:064]: <<< AA:CA:46:05:11:05:CC:01:20:00:64:00:03:01:00:16
AA:DA:00:00:00:00:F8:11:5E:0A:00:00:2F:04:02:4E
AA:FA:2F:00:50:05:F8:02:00:FA:FF:FF:28:05:00:AD
AA:CA:46:05:11:05:CC:01:20:00:64:00:03:01:00:16
AA:DA:00:00:00:00:F8:11:5E:09:00:00:2F:04:02:4D
AA:FA:2F:00:50:05:F8:02:00:FA:FF:FF:28:05:00:AD
AA:CA:46:05:11:05:CC:01:20:00:64:00:03:01:00:16
AA:DA:00:00:00:00:F8:11
[14:37:59][E][uart1:093]: <<< AA:ED:00:00:00:00:00:ED
[14:37:59][I][uart0:064]: <<< 5E:09:00:00:2F:04:02:4D
AA:FA:2F:00:50:05:FA:02:00:FA:FF:FF:28:05:00:AF
AA:CA:4A:05:11:05:CC:01:20:00:64:00:03:01:00:1A
AA:DA:00:00:00:00:F8:11:5E:09:00:00:2F:04:02:4D
AA:FA:2F:00:50:05:F8:02:00:FB:FF:FF:28:05:00:AC
AA:CA:46:05:11:05:CC:01:20:00:64:00:D8:00:00:CC
AA:DA:00:00:00:00:F8:11:5E:0A:00:00:2F:04:02:4E
AA:FA:2F:00:50:05:F8:02:00:FB:FF:FF:28:05:00:AC
[14:38:00][E][uart1:093]: <<< AA:ED:00:00:00:00:00:ED
[14:38:00][I][uart0:064]: <<< AA:CA:46:05:11:05:CC:01:20:00:64:00:D8:00:00:CC
AA:DA:00:00:00:00:F8:11:5E:0A:00:00:2F:04:02:4E
AA:FA:2F:00:50:05:FA:02:00:FA:FF:FF:28:05:00:AF
AA:CA:46:05:11:05:CC:01:20:00:64:00:03:01:00:16
AA:DA:00:00:00:00:F8:11:5E:0A:00:00:2F:04:02:4E
AA:FA:2F:00:50:05:F8:02:00:FA:FF:FF:28:05:00:AD
AA:CA:46:05:11:05:CC:01:20:00:64:00:03:01:00:16
AA:DA:00:00:00:00:F8:11
[14:38:01][E][uart1:093]: <<< AA:ED:00:00:00:00:00:ED
[14:38:01][I][uart0:064]: <<< 5E:09:00:00:2F:04:02:4D
AA:FA:2F:00:50:05:F8:02:00:FB:FF:FF:28:05:00:AC
AA:CA:4A:05:11:05:CC:01:20:00:64:00:D8:00:00:C0
AA:DA:00:00:00:00:F8:11:5E:09:00:00:2F:04:02:4D
AA:FA:2F:00:50:05:F8:02:00:FB:FF:FF:28:05:00:AC
AA:CA:46:05:11:05:CC:01:20:00:64:00:D8:00:00:CC
AA:DA:00:00:00:00:F8:11:5E:09:00:00:2F:04:02:4D
AA:FA:2F:00:50:05:F8:02:00:FA:FF:FF:28:05:00:AD
[14:38:02][E][uart1:093]: <<< AA:ED:00:00:00:00:00:ED
[14:38:02][I][ota:113]: Boot seems successful, resetting boot loop counter.
[14:38:03][I][uart0:064]: <<< AA:CA:46:05:11:05:CC:01:20:00:64:00:03:01:00:16
AA:DA:00:00:00:00:F8:11:5E:09:00:00:2F:04:02:4D
AA:FA:2F:00:50:05:F8:02:00:FA:FF:FF:28:05:00:AD
AA:CA:4A:05:11:05:CC:01:20:00:64:00:03:01:00:1A
AA:DA:00:00:00:00:F8:11:5E:0A:00:00:2F:04:02:4E
AA:FA:2F:00:50:05:F8:02:00:FB:FF:FF:28:05:00:AC
AA:CA:46:05:11:05:CC:01:20:00:64:00:D8:00:00:CC
AA:DA:00:00:00:00:F8:11
[14:38:03][E][uart1:093]: <<< AA:ED:00:00:00:00:00:ED
[14:38:04][E][uart1:093]: <<< AA:ED:00:00:00:00:00:ED
[14:38:04][I][uart0:064]: <<< 5E:09:00:00:2F:04:02:4D
AA:FA:2F:00:50:05:F8:02:00:FB:FF:FF:28:05:00:AC
AA:CA:4A:05:11:05:CC:01:20:00:64:00:D8:00:00:C0
AA:DA:00:00:00:00:F8:11:5E:0A:00:00:2F:04:02:4E
AA:FA:2F:00:50:05:F8:02:00:FA:FF:FF:28:05:00:AD
AA:CA:46:05:11:05:CC:01:20:00:64:80:A0:00:16
AA:DA:00:00:00:00:F8:11:5E:09:00:00:2F:04:02:4D
AA:FA:2F:00:50:05:F8:02:00:FA:FF:FF:28:05:00:AD:AA
[14:38:05][E][uart1:093]: <<< AA:ED:00:00:00:00:00:ED
[14:38:05][I][uart0:064]: <<< CA:46:05:11:05:CC:01:20:00:64:00:03:01:00:16
AA:DA:00:00:00:00:F8:11:5E:0A:00:00:2F:04:02:4E
AA:FA:2F:00:50:05:F8:02:00:FB:FF:FF:28:05:00:AC
AA:CA:46:05:11:05:CC:01:20:00:64:00:D8:00:00:CC
AA:DA:00:00:00:00:F8:11:5E:09:00:00:2F:04:02:4D
AA:FA:2F:00:50:05:F8:02:00:FB:FF:FF:28:05:00:AC
AA:CA:46:05:11:05:CC:01:20:00:64:00:D8:00:00:CC
AA:DA:00:00:00:00:F8:11:5E
[14:38:06][E][uart1:093]: <<< AA:ED:00:00:00:00:00:ED
[14:38:06][I][uart0:064]: <<< 0A:00:00:2F:04:02:4E
AA:FA:2F:00:50:05:FA:02:00:FA:FF:FF:28:05:00:AF
AA:CA:4A:05:11:05:CC:01:20:00:64:00:03:01:00:1A
AA:DA:00:00:00:00:F8:11:5E:09:00:00:2F:04:02:4D
AA:FA:2F:00:50:05:F8:02:00:FA:FF:FF:28:05:00:AD
AA:CA:46:05:11:05:CC:01:20:00:64:00:03:01:00:16
AA:DA:00:00:00:00:F8:11:5E:0A:00:00:2F:04:02:4E
AA:FA:2F:00:50:05:F8:02:00:FA:FF:FF:28:05:00:AD:AA
[14:38:07][E][uart1:093]: <<< AA:ED:00:00:00:00:00:ED
[14:38:07][I][uart0:064]: <<< CA:46:05:11:05:CC:01:20:00:64:00:03:01:00:16
AA:DA:00:00:00:00:F8:11:5E:0A:00:00:2F:04:02:4E
AA:FA:2F:00:50:05:FA:02:00:FA:FF:FF:28:05:00:AF
AA:CA:46:05:11:05:CC:01:20:00:64:00:03:01:00:16
AA:DA:00:00:00:00:F8:11:5E:09:00:00:2F:04:02:4D
AA:FA:2F:00:50:05:F8:02:00:FA:FF:FF:28:05:00:AD
AA:CA:4A:05:11:05:CC:01:20:00:64:00:D8:00:00:C0
AA:DA:00:00:00:00:F8:11:5E
[14:38:08][E][uart1:093]: <<< AA:ED:00:00:00:00:00:ED
[14:38:09][I][uart0:064]: <<< 0A:00:00:2F:04:02:4E
AA:FA:2F:00:50:05:F8:02:00:FB:FF:FF:28:05:00:AC
AA:CA:46:05:11:05:CC:01:20:00:64:00:D8:00:00:CC
AA:DA:00:00:00:00:F8:11:5E:09:00:00:2F:04:02:4D
AA:FA:2F:00:50:05:F8:02:00:FB:FF:FF:28:05:00:AC
AA:CA:4A:05:11:05:CC:01:20:00:64:00:D8:00:00:C0
AA:DA:00:00:00:00:F8:11:5E:09:00:00:2F:04:02:4D
AA:FA:2F:00:50:05:F8:02:00:FB:FF:FF:28:05:00:AC:AA
[14:38:09][E][uart1:093]: <<< AA:ED:00:00:00:00:00:ED
[14:38:09][E][uart1:093]: <<< AA:ED:48:82:12:00:00:35:AA:ED:EE:11:13:00:00:01
[14:38:10][I][uart0:064]: <<< CA:46:05:11:05:CC:01:20:00:64:00:D8:00:00:CC
AA:DA:00:00:00:00:F8:11:5E:0A:00:00:2F:04:02:4E
AA:FA:2F:00:50:05:F8:02:00:FB:FF:FF:28:05:00:AC
AA:CA:46:05:11:05:CC:01:20:00:64:00:03:01:00:16
AA:DA:00:00:00:00:F8:11:5E:0A:00:00:2F:04:02:4E
AA:FA:2F:00:50:05:F8:02:00:FA:FF:FF:28:05:00:AD
[14:38:10][I][uart0:064]: <<< AA:FA:2F:00:50:05:00:00:00:00:00:00:28:05:00:AD:AA:39:09:91:41:80:80:80:80:F6:AA:3B:80:80:2F:84:BB:01:80:09:82:F9
[14:38:10][E][uart1:093]: <<< AA:ED:EE:11:13:00:00:01
[14:38:11][E][uart1:093]: <<< AA:ED:00:00:00:00:00:ED
[14:38:12][E][uart1:093]: <<< AA:ED:00:00:00:00:00:ED
[14:38:13][I][uart0:064]: <<< AA:BF:09:D0:41:82:FB:FF:29:80:4D:53:C6:C1:54:80:D0:80:D8:80:45:B5:07:80:80:2F:E4:29:80:AF:10:D8
[14:38:13][E][uart1:093]: <<< AA:ED:00:00:00:00:00:ED
[14:38:14][E][uart1:093]: <<< AA:ED:00:00:00:00:00:ED
[14:38:15][E][uart1:093]: <<< AA:ED:00:00:00:00:00:ED
[14:38:16][I][uart0:064]: <<< AA:FA:2F:00:50:05:F8:02:00:FA:FF:FF:28:05:00:AD
AA:CA:46:05:11:05:CB:01:20:00:64:00:03:01:00:11
AA:DA:00:00:00:00:EE:11:5E:0A:00:00:2F:04:02:58
AA:FA:2F:00:50:05:F8:02:00:FA:FF:FF:28:05:00:AD
AA:CA:46:05:11:05:CB:01:20:00:64:00:03:01:00:11
AA:DA:00:00:00:00:EE:11:5E:0A:00:00:2F:04:02:58
AA:FA:2F:00:50:05:F8:02:00:FB:FF:FF:28:05:00:AC
AA:CA:46:05:11:05:CB:01
[14:38:16][E][uart1:093]: <<< AA:ED:00:00:00:00:00:ED
[14:38:17][I][uart0:064]: <<< 20:00:64:00:D8:00:00:CB
AA:DA:00:00:00:00:EE:11:5E:0A:00:00:2F:04:02:58
AA:FA:2F:00:50:05:F8:02:00:FB:FF:FF:28:05:00:AC
AA:CA:46:05:11:05:CB:01:20:00:64:00:D8:00:00:CB
AA:DA:00:00:00:00:EE:11:5E:0A:00:00:2F:04:02:58
AA:FA:2F:00:50:05:FA:02:00:FA:FF:FF:28:05:00:AF
AA:CA:46:05:11:05:CB:01:20:00:64:00:03:01:00:11
AA:DA:00:00:00:00:EE:11:5E:0A:00:00:2F:04:02:58
[14:38:17][E][uart1:093]: <<< AA:ED:00:00:00:00:00:ED
[14:38:18][I][uart0:064]: <<< AA:FA:2F:00:50:05:F8:02:00:FA:FF:FF:28:05:00:AD
AA:CA:46:05:11:05:CB:01:20:00:64:00:03:01:00:11
AA:DA:00:00:00:00:EE:11:5E:09:00:00:2F:04:02:5B
AA:FA:2F:00:50:05:F8:02:00:FB:FF:FF:28:05:00:AC
AA:CA:46:05:11:05:CB:01:20:00:64:00:D8:00:00:CB
AA:DA:00:00:00:00:EE:11:5E:0A:00:00:2F:04:02:58
AA:FA:2F:00:50:05:F8:02:00:FB:FF:FF:28:05:00:AC
AA:CA:46:05:11:05:CB:01
[14:38:18][E][uart1:093]: <<< AA:ED:00:00:00:00:00:ED
[14:38:19][I][uart0:064]: <<< 20:00:64:00:D8:00:00:CB
AA:DA:00:00:00:00:EE:11:5E:0A:00:00:2F:04:02:58
AA:FA:2F:00:50:05:F8:02:00:FB:FF:FF:28:05:00:AC
AA:CA:46:05:11:05:CB:01:20:00:64:00:D8:00:00:CB
AA:DA:00:00:00:00:EE:11:5E:0A:00:00:2F:04:02:58
AA:FA:2F:00:50:05:F8:02:00:FB:FF:FF:28:05:00:AC
AA:CA:46:05:11:05:CB:01:20:00:64:00:D8:00:00:CB
AA:DA:00:00:00:00:EE:11:5E:09:00:00:2F:04:02:5B
[14:38:19][E][uart1:093]: <<< AA:ED:00:00:00:00:00:ED
[14:38:20][E][uart1:093]: <<< AA:ED:00:00:00:00:00:ED
[14:38:21][I][uart0:064]: <<< AA:FA:2F:00:50:05:F8:02:00:FB:FF:FF:28:05:00:AC
AA:CA:46:05:11:05:CB:01:20:00:64:00:D8:00:00:CB
AA:DA:00:00:00:00:EE:11:5E:09:00:00:2F:04:02:5B
AA:FA:2F:00:50:05:F8:02:00:FB:FF:FF:28:05:00:AC
AA:CA:46:05:11:05:CB:01:20:00:64:00:D8:00:00:CB
AA:DA:00:00:00:00:EE:11:5E:09:00:00:2F:04:02:5B
AA:FA:2F:00:50:05:F8:02:00:FB:FF:FF:28:05:00:AC
AA:CA:46:05:11:05:CB:01
[14:38:21][E][uart1:093]: <<< AA:ED:00:00:00:00:00:ED
[14:38:22][I][uart0:064]: <<< 20:00:64:00:03:01:00:11
AA:DA:00:00:00:00:EE:11:5E:0A:00:00:2F:04:02:58
AA:FA:2F:00:50:05:F8:02:00:FA:FF:FF:28:05:00:AD
AA:CA:46:05:11:05:CB:01:20:00:64:00:03:01:00:11
AA:DA:00:00:00:00:EE:11:5E:0A:00:00:2F:04:02:58
AA:FA:2F:00:50:05:F8:02:00:FA:FF:FF:28:05:00:AD
AA:CA:46:05:11:05:CB:01:20:00:64:00:03:01:00:11
AA:DA:00:00:00:00:EE:11:5E:0A:00:00:2F:04:02:58
[14:38:22][E][uart1:093]: <<< AA:ED:00:00:00:00:00:ED
[14:38:23][E][uart1:093]: <<< AA:ED:48:82:12:00:00:35:AA:ED:2E:00:14:00:00:D7:AA:ED:2E:00:01:00:00:C2
[14:38:23][I][uart0:064]: <<< AA:FA:2F:00:50:05:F8:02:00:FA:FF:FF:28:05:00:AD
AA:CA:46:05:11:05:CB:01:20:00:64:00:03:01:00:11
AA:DA:00:00:00:00:EE:11:5E:09:00:00:2F:04:02:5B
AA:FA:2F:00:50:05:F8:02:00:FA:FF:FF:28:05:00:AD
AA:CA:46:05:11:05:CB:01:20:00:64:00:03:01:00:11
AA:DA:00:00:00:00:EE:11:5E:0A:00:00:2F:04:02:58
AA:FA:2F:00:50:05:F8:02:00:FB:FF:FF:28:05:00:AC
AA:CA:46:05:11:05:CB:01:20:12:64:00:D8:00:00:D9
[14:38:24][I][uart0:064]: <<< AA:FA:22:00:46:05:00:00:00:00:00:00:28:05:00:B6
AA:CA:46:05:11:05:00:00:00:00:00:00:00:00:00:9D
AA:DA:00:00:00:00:EE:11:B0:77:00:00:2E:04:02:CA
[14:38:24][E][uart1:093]: <<< AA:ED:00:00:00:00:00:ED
[14:38:25][E][uart1:093]: <<< AA:ED:00:00:00:00:00:ED
[14:38:26][I][uart0:064]: <<< AA:FA:22:00:46:05:F8:02:00:00:00:00:28:05:00:4C
AA:CA:46:05:11:05:00:00:70:00:00:00:03:01:00:EF
AA:DA:00:00:00:00:EE:11:B0:77:00:00:2E:04:02:CA
AA:FA:22:00:46:05:F8:02:00:FA:FF:FF:28:05:00:B6
AA:CA:46:05:11:05:00:00:70:00:00:00:AD:00:00:40
AA:DA:00:00:00:00:EE:11:5E:09:00:00:2E:04:02:5A
AA:FA:22:00:46:05:F8:02:00:FC:FF:FF:28:05:00:B0
AA:CA:46:05:11:05:00:00
[14:38:26][E][uart1:093]: <<< AA:ED:00:00:00:00:00:ED
[14:38:27][I][uart0:064]: <<< 30:00:00:00:AD:00:00:00
AA:DA:00:00:00:00:EE:11:5E:09:00:00:2E:04:02:5A
AA:FA:22:00:46:05:F8:02:00:FC:FF:FF:28:05:00:B0
AA:CA:46:05:11:05:00:00:30:00:00:00:D8:00:00:75
AA:DA:00:00:00:00:EE:11:5E:09:00:00:2E:04:02:5A
AA:FA:22:00:46:05:F8:02:00:FB:FF:FF:28:05:00:B7
AA:CA:46:05:11:05:00:00:30:00:00:00:D8:00:00:75
AA:DA:00:00:00:00:EE:11:5E:0A:00:00:2E:04:02:59
[14:38:27][E][uart1:093]: <<< AA:ED:00:00:00:00:00:ED
[14:38:28][I][uart0:064]: <<< AA:FA:22:00:46:05:FA:02:00:FB:FF:FF:28:05:00:B5
AA:CA:4A:05:11:05:CB:01:20:00:64:00:D8:00:00:C7
AA:DA:00:00:00:00:EE:11:5E:09:00:00:2E:04:02:5A
AA:FA:22:00:46:05:F8:02:00:FB:FF:FF:28:05:00:B7
AA:CA:46:05:11:05:CB:01:20:00:64:00:D8:00:00:CB
AA:DA:00:00:00:00:EE:11:5E:0A:00:00:2E:04:02:59
AA:FA:22:00:46:05:F8:02:00:FB:FF:FF:28:05:00:B7
AA:CA:46:05:11:05:CB:01
[14:38:28][E][uart1:093]: <<< AA:ED:00:00:00:00:00:ED
[14:38:29][E][uart1:093]: <<< AA:ED:00:00:00:00:00:ED
[14:38:29][I][uart0:064]: <<< 20:00:64:00:03:01:00:11
AA:DA:00:00:00:00:EE:11:5E:0A:00:00:2E:04:02:59
AA:FA:22:00:46:05:F8:02:00:FA:FF:FF:28:05:00:B6
AA:CA:46:05:11:05:CB:01:20:00:64:00:03:01:00:11
AA:DA:00:00:00:00:EE:11:5E:0A:00:00:2E:04:02:59
AA:FA:22:00:46:05:F8:02:00:FA:FF:FF:28:05:00:B6
AA:CA:46:05:11:05:CB:01:20:00:64:00:03:01:00:11
AA:DA:00:00:00:00:EE:11:5E:09:00:00:2E:04:02:5A
[14:38:30][E][uart1:093]: <<< AA:ED:00:00:00:00:00:ED
[14:38:30][I][uart0:064]: <<< AA:FA:22:00:46:05:F8:02:00:FB:FF:FF:28:05:00:B7
AA:CA:46:05:11:05:CB:01:20:00:64:00:D8:00:00:CB
AA:DA:00:00:00:00:EE:11:5E:09:00:00:2E:04:02:5A
AA:FA:22:00:46:05:F8:02:00:FB:FF:FF:28:05:00:B7
AA:CA:46:05:11:05:CB:01:20:00:64:00:D8:00:00:CB
AA:DA:00:00:00:00:EE:11:5E:09:00:00:2E:04:02:5A
AA:FA:22:00:46:05:F8:02:00:FA:FF:FF:28:05:00:B6
AA:CA:46:05:11:05:CB:01
[14:38:31][E][uart1:093]: <<< AA:ED:00:00:00:00:00:ED
[14:38:32][I][uart0:064]: <<< 20:00:64:00:03:01:00:11
AA:DA:00:00:00:00:EE:11:5E:0A:00:00:2E:04:02:59
AA:FA:22:00:46:05:F8:02:00:FA:FF:FF:28:05:00:B6
AA:CA:46:05:11:05:CB:01:20:00:64:00:03:01:00:11
AA:DA:00:00:00:00:EE:11:5E:0A:00:00:2E:04:02:59
AA:FA:22:00:46:05:F8:02:00:FB:FF:FF:28:05:00:B7
AA:CA:46:05:11:05:CB:01:20:00:64:00:D8:00:00:CB
AA:DA:00:00:00:00:EE:11:5E:0A:00:00:2E:04:02:59
[14:38:32][E][uart1:093]: <<< AA:ED:00:00:00:00:00:ED
[14:38:33][I][uart0:064]: <<< AA:FA:22:00:46:05:F8:02:00:FB:FF:FF:28:05:00:B7
AA:CA:46:05:11:05:CB:01:20:00:64:00:D8:00:00:CB
AA:DA:00:00:00:00:EE:11:5E:0A:00:00:2E:04:02:59
AA:FA:22:00:46:05:F8:02:00:FB:FF:FF:28:05:00:B7
AA:CA:46:05:11:05:CB:01:20:00:64:00:D8:00:00:CB
AA:DA:00:00:00:00:EE:11:5E:09:00:00:2E:04:02:5A
AA:FA:22:00:46:05:F8:02:00:FB:FF:FF:28:05:00:B7
AA:CA:46:05:11:05:CB:01
[14:38:33][E][uart1:093]: <<< AA:ED:00:00:00:00:00:ED
[14:38:34][E][uart1:093]: <<< AA:ED:00:00:00:00:00:ED
[14:38:34][I][uart0:064]: <<< 20:00:64:00:D8:00:00:CB
AA:DA:00:00:00:00:EE:11:5E:09:00:00:2E:04:02:5A
AA:FA:22:00:46:05:F8:02:00:FA:FF:FF:28:05:00:B6
AA:CA:46:05:11:05:CB:01:20:00:64:00:03:01:00:11
AA:DA:00:00:00:00:EE:11:5E:0A:00:00:2E:04:02:59
AA:FA:22:00:46:05:F8:02:00:FA:FF:FF:28:05:00:B6
AA:CA:46:05:11:05:CB:01:20:00:64:00:03:01:00:11
AA:DA:00:00:00:00:EE:11:5E:0A:00:00:2E:04:02:59
[14:38:35][E][uart1:093]: <<< AA:ED:00:00:00:00:00:ED
[14:38:35][I][uart0:064]: <<< AA:FA:22:00:46:05:F8:02:00:FC:FF:FF:28:05:00:B0
AA:CA:46:05:11:05:CB:01:20:00:64:00:AD:00:00:BE
AA:DA:00:00:00:00:EE:11:5E:0A:00:00:2E:04:02:59
AA:FA:22:00:46:05:F8:02:00:FC:FF:FF:28:05:00:B0
AA:CA:46:05:11:05:CB:01:20:00:64:00:AD:00:00:BE
AA:DA:00:00:00:00:EE:11:5E:0A:00:00:2E:04:02:59
AA:FA:22:00:46:05:FA:02:00:FB:FF:FF:28:05:00:B5
AA:CA:46:05:11:05:CB:01
[14:38:36][E][uart1:093]: <<< AA:ED:00:00:00:00:00:ED
[14:38:36][I][uart0:064]: <<< 20:00:64:00:D8:00:00:CB
AA:DA:00:00:00:00:EE:11:5E:0A:00:00:2E:04:02:59
AA:FA:22:00:46:05:F8:02:00:FB:FF:FF:28:05:00:B7
AA:CA:46:05:11:05:CB:01:20:00:64:00:D8:00:00:CB
AA:DA:00:00:00:00:EE:11:5E:0A:00:00:2E:04:02:59
AA:FA:22:00:46:05:F8:02:00:FB:FF:FF:28:05:00:B7
AA:CA:46:05:11:05:CB:01:20:00:64:00:D8:00:00:CB
AA:DA:00:00:00:00:EE:11:5E:09:00:00:2E:04:02:5A
[14:38:37][E][uart1:093]: <<< AA:ED:00:00:00:00:00:ED
[14:38:38][I][uart0:064]: <<< AA:FA:22:00:46:05:F8:02:00:FB:FF:FF:28:05:00:B7
AA:CA:46:05:11:05:CB:01:20:00:64:00:D8:00:00:CB
AA:DA:00:00:00:00:EE:11:5E:0A:00:00:2E:04:02:59
AA:FA:22:00:46:05:F8:02:00:FB:FF:FF:28:05:00:B7
AA:CA:46:05:11:05:CB:01:20:00:64:00:D8:00:00:CB
AA:DA:00:00:00:00:EE:11:5E:09:00:00:2E:04:02:5A
AA:FA:22:00:46:05:F8:02:00:FB:FF:FF:28:05:00:B7
AA:CA:46:05:11:05:CB:01
[14:38:38][E][uart1:093]: <<< AA:ED:00:00:00:00:00:ED
[14:38:39][I][uart0:064]: <<< 20:00:64:00:D8:00:00:CB
AA:DA:00:00:00:00:EE:11:5E:09:00:00:2E:04:02:5A
AA:FA:22:00:46:05:F8:02:00:FB:FF:FF:28:05:00:B7
AA:CA:46:05:11:05:CB:01:20:00:64:00:D8:00:00:CB
AA:DA:00:00:80:EE:11:5E:0A:00:00:2E:04:02:59
AA:FA:22:00:46:05:F8:02:00:FB:FF:FF:28:05:00:B7
AA:CA:46:05:11:05:CB:01:20:00:64:00:D8:00:00:CB
AA:DA:00:00:00:00:EE:11:5E:09:00:00:2E:04:02:5A:AA
[14:38:39][E][uart1:093]: <<< AA:ED:00:00:00:00:00:ED
[14:38:40][E][uart1:093]: <<< AA:ED:00:00:00:00:00:ED
[14:38:40][I][uart0:064]: <<< FA:22:00:46:05:F8:02:00:FB:FF:FF:28:05:00:B7
AA:CA:46:05:11:05:CB:01:20:00:64:00:D8:00:00:CB
AA:DA:00:00:00:00:EE:11:5E:09:00:00:2E:04:02:5A
AA:FA:22:00:46:05:F8:02:00:FB:FF:FF:28:05:00:B7
AA:CA:46:05:11:05:CB:01:20:00:64:00:D8:00:00:CB
AA:DA:00:00:00:00:EE:11:5E:0A:00:00:2E:04:02:59
AA:FA:22:00:46:05:F8:02:00:FB:FF:FF:28:05:00:B7
AA:CA:46:05:11:05:CB:01:20
[14:38:41][E][uart1:093]: <<< AA:ED:00:00:00:00:00:ED
[14:38:41][I][uart0:064]: <<< 00:64:00:D8:00:00:CB
AA:DA:00:00:00:00:EE:11:5E:0A:00:00:2E:04:02:59
AA:FA:22:00:46:05:F8:02:00:FB:FF:FF:28:05:00:B7
AA:CA:46:05:11:05:CB:01:20:00:64:00:D8:00:00:CB
AA:DA:00:00:00:00:EE:11:5E:0A:00:00:2E:04:02:59
AA:FA:22:00:46:05:F8:02:00:FB:FF:FF:28:05:00:B7
AA:CA:46:05:11:05:CB:01:20:00:64:00:D8:00:00:CB
AA:DA:00:00:00:00:EE:11:5E:09:00:00:2E:04:02:5A:AA
[14:38:42][E][uart1:093]: <<< AA:ED:00:00:00:00:00:ED
[14:38:42][I][uart0:064]: <<< FA:22:00:46:05:F8:02:00:FB:FF:FF:28:05:00:B7
AA:CA:46:05:11:05:CB:01:20:00:64:00:D8:00:00:CB
AA:DA:00:00:00:00:EE:11:5E:09:00:00:2E:04:02:5A
AA:FA:22:00:46:05:F8:02:00:FB:FF:FF:28:05:00:B7
AA:CA:46:05:11:05:CB:01:20:00:64:00:D8:00:00:CB
AA:DA:00:00:00:00:EE:11:5E:09:00:00:2E:04:02:5A
AA:FA:22:00:46:05:F8:02:00:FB:FF:FF:28:05:00:B7
AA:CA:46:05:11:05:CB:01:20
[14:38:43][E][uart1:093]: <<< AA:ED:00:00:00:00:00:ED
[14:38:44][I][uart0:064]: <<< 00:64:00:D8:00:00:CB
AA:DA:00:00:00:00:EE:11:5E:09:00:00:2E:04:02:5A
AA:FA:22:00:46:05:F8:02:00:FB:FF:FF:28:05:00:B7
AA:CA:46:05:11:05:CB:01:20:00:64:00:D8:00:00:CB
AA:DA:00:00:00:00:EE:11:5E:09:00:00:2E:04:02:5A
AA:FA:22:00:46:05:F8:02:00:FB:FF:FF:28:05:00:B7
AA:CA:46:05:11:05:CB:01:20:00:64:00:D8:00:00:CB
AA:DA:00:00:00:00:EE:11:5E:0A:00:00:2E:04:02:59:AA
[14:38:44][E][uart1:093]: <<< AA:ED:00:00:00:00:00:ED
[14:38:45][I][uart0:064]: <<< FA:22:00:46:05:F8:02:00:FB:FF:FF:28:05:00:B7
AA:CA:46:05:11:05:CB:01:20:00:64:00:D8:00:00:CB
AA:DA:00:00:00:00:EE:11:5E:09:00:00:2E:04:02:5A
AA:FA:22:00:46:05:F8:02:00:FB:FF:FF:28:05:00:B7
AA:CA:46:05:11:05:CB:01:20:00:64:00:D8:00:00:CB
AA:DA:00:00:00:00:EE:11:5E:09:00:00:2E:04:02:5A
AA:FA:22:00:46:05:F8:02:00:FB:FF:FF:28:05:00:B7
AA:CA:46:05:11:05:CB:01:20
[14:38:45][E][uart1:093]: <<< AA:ED:00:00:00:00:00:ED
[14:38:46][E][uart1:093]: <<< AA:ED:00:00:00:00:00:ED
[14:38:46][I][uart0:064]: <<< 00:64:00:D8:00:00:CB
AA:DA:00:00:00:00:EE:11:5E:09:00:00:2E:04:02:5A
AA:FA:22:00:46:05:F8:02:00:FB:FF:FF:28:05:00:B7
AA:CA:4A:05:11:05:CB:01:20:00:64:00:D8:00:00:C7
AA:DA:00:00:00:00:EE:11:5E:0A:00:00:2E:04:02:59
AA:FA:22:00:46:05:F8:02:00:FB:FF:FF:28:05:00:B7
AA:CA:46:05:11:05:CB:01:20:00:64:00:D8:00:00:CB
AA:DA:00:00:00:00:EE:11:5E:0A:00:00:2E:04:02:59:AA
[14:38:47][E][uart1:093]: <<< AA:ED:00:00:00:00:00:ED
[14:38:47][I][uart0:064]: <<< FA:22:00:46:05:F8:02:00:FB:FF:FF:28:05:00:B7
AA:CA:46:05:11:05:CB:01:20:00:64:00:D8:00:00:CB
AA:DA:00:00:00:00:EE:11:5E:0A:00:00:2E:04:02:59
AA:FA:22:00:46:05:F8:02:00:FB:FF:FF:28:05:00:B7
AA:CA:46:05:11:05:CB:01:20:00:64:00:D8:00:00:CB
AA:DA:00:00:00:00:EE:11:5E:09:00:00:2E:04:02:5A
AA:FA:22:00:46:05:F8:02:00:FB:FF:FF:28:05:00:B7
AA:CA:46:05:11:05:CB:01:20
[14:38:48][E][uart1:093]: <<< AA:ED:00:00:00:00:00:ED
[14:38:48][I][uart0:064]: <<< 00:64:00:D8:00:00:CB
AA:DA:00:00:00:00:EE:11:5E:0A:00:00:2E:04:02:59
AA:FA:22:00:46:05:F8:02:00:FB:FF:FF:28:05:00:B7
AA:CA:46:05:11:05:CB:01:20:00:64:00:D8:00:00:CB
AA:DA:00:00:00:00:EE:11:5E:0A:00:00:2E:04:02:59
AA:FA:22:00:46:05:F8:02:00:FB:FF:FF:28:05:00:B7
AA:CA:46:05:11:05:CB:01:20:00:64:00:D8:00:00:CB
AA:DA:00:00:00:00:EE:11:5E:0A:00:00:2E:04:02:59:AA
[14:38:49][E][uart1:093]: <<< AA:ED:00:00:00:00:00:ED
[14:38:50][I][uart0:064]: <<< FA:22:00:46:05:F8:02:00:FB:FF:FF:28:05:00:B7
AA:CA:46:05:11:05:CB:01:20:00:64:00:D8:00:00:CB
AA:DA:00:00:00:00:EE:11:5E:0A:00:00:2E:04:02:59
AA:FA:22:00:46:05:F8:02:00:FC:FF:FF:28:05:00:B0
AA:CA:46:05:11:05:CB:01:20:00:64:00:AD:00:00:BE
AA:DA:00:00:00:00:EE:11:5E:0A:00:00:2E:04:02:59
AA:FA:22:00:46:05:F8:02:00:FC:FF:FF:28:05:00:B0
AA:CA:46:05:11:05:CB:01:20
[14:38:50][E][uart1:093]: <<< AA:ED:00:00:00:00:00:ED
[14:38:51][I][uart0:064]: <<< 00:64:00:AD:00:00:BE
AA:DA:00:00:00:00:EE:11:5E:0A:00:00:2E:04:02:59
AA:FA:22:00:46:05:F8:02:00:FB:FF:FF:28:05:00:B7
AA:CA:46:05:11:05:CB:01:20:00:64:00:D8:00:00:CB
AA:DA:00:00:00:00:EE:11:5E:09:00:00:2E:04:02:5A
AA:FA:22:00:46:05:F8:02:00:FB:FF:FF:28:05:00:B7
AA:CA:46:05:11:05:CB:01:20:00:64:00:D8:00:00:CB
AA:DA:00:00:00:00:EE:11:5E:09:00:00:2E:04:02:5A:AA
[14:38:51][E][uart1:093]: <<< AA:ED:00:00:00:00:00:ED
[14:38:52][E][uart1:093]: <<< AA:ED:00:00:00:00:00:ED
[14:38:52][I][uart0:064]: <<< FA:22:00:46:05:F8:02:00:FB:FF:FF:28:05:00:B7
AA:CA:46:05:11:05:CB:01:20:00:64:00:D8:00:00:CB
AA:DA:00:00:00:00:EE:11:5E:0A:00:00:2E:04:02:59
AA:FA:22:00:46:05:F8:02:00:FB:FF:FF:28:05:00:B7
AA:CA:46:05:11:05:CB:01:20:00:64:00:D8:00:00:CB
AA:DA:00:00:00:00:EE:11:5E:09:00:00:2E:04:02:5A
AA:FA:22:00:46:05:F8:02:00:FB:FF:FF:28:05:00:B7
AA:CA:46:05:11:05:CB:01:20
[14:38:53][E][uart1:093]: <<< AA:ED:00:00:00:00:00:ED
[14:38:53][I][uart0:064]: <<< 00:64:00:D8:00:00:CB
AA:DA:00:00:00:00:EE:11:5E:09:00:00:2E:04:02:5A
AA:FA:22:00:46:05:F8:02:00:FB:FF:FF:28:05:00:B7
AA:CA:46:05:11:05:CB:01:20:00:64:00:D8:00:00:CB
AA:DA:00:00:00:00:EE:11:5E:09:00:00:2E:04:02:5A
AA:FA:22:00:46:05:F8:02:00:FB:FF:FF:28:05:00:B7
AA:CA:46:05:11:05:CB:01:20:00:64:00:D8:00:00:CB
AA:DA:00:00:00:00:EE:11:5E:0A:00:00:2E:04:02:59:AA
[14:38:54][E][uart1:093]: <<< AA:ED:00:00:00:00:00:ED
[14:38:54][I][uart0:064]: <<< FA:22:00:46:05:F8:02:00:FB:FF:FF:28:05:00:B7
AA:CA:46:05:11:05:CB:01:20:00:64:00:D8:00:00:CB
AA:DA:00:00:00:00:EE:11:5E:0A:00:00:2E:04:02:59
AA:FA:22:00:46:05:F8:02:00:FB:FF:FF:28:05:00:B7
AA:CA:46:05:11:05:CB:01:20:00:64:00:D8:00:00:CB
AA:DA:00:00:00:00:EE:11:5E:09:00:00:2E:04:02:5A
AA:FA:22:00:46:05:F8:02:00:FB:FF:FF:28:05:00:B7
AA:CA:46:05:11:05:CB:01:20
[14:38:55][E][uart1:093]: <<< AA:ED:00:00:00:00:00:ED
[14:38:56][I][uart0:064]: <<< 00:64:00:D8:00:00:CB
AA:DA:00:00:00:00:EE:11:5E:09:00:00:2E:04:02:5A
AA:FA:22:00:46:05:F8:02:00:FB:FF:FF:28:05:00:B7
AA:CA:46:05:11:05:CB:01:20:00:64:00:D8:00:00:CB
AA:DA:00:00:00:00:EE:11:5E:09:00:00:2E:04:02:5A
AA:FA:22:00:46:05:F8:02:00:FB:FF:FF:28:05:00:B7
AA:CA:46:05:11:05:CB:01:20:00:64:00:D8:00:00:CB
AA:DA:00:00:00:00:EE:11:5E:09:00:00:2E:04:02:5A:AA
[14:38:56][E][uart1:093]: <<< AA:ED:00:00:00:00:00:ED
[14:38:57][I][uart0:064]: <<< FA:22:00:46:05:F8:02:00:FB:FF:FF:28:05:00:B7
AA:CA:46:05:11:05:CB:01:20:00:64:00:AD:00:00:BE
AA:DA:00:00:00:00:EE:11:5E:09:00:00:2E:04:02:5A
AA:FA:22:00:46:05:F8:02:00:FC:FF:FF:28:05:00:B0
AA:CA:46:05:11:05:CB:01:20:00:64:00:AD:00:00:BE
AA:DA:00:00:00:00:EE:11:5E:0A:00:00:2E:04:02:59
AA:FA:22:00:46:05:F8:02:00:FC:FF:FF:28:05:00:B0
AA:CA:46:05:11:05:CB:01:20
[14:38:57][E][uart1:093]: <<< AA:ED:00:00:00:00:00:ED
[14:38:58][E][uart1:093]: <<< AA:ED:00:00:00:00:00:ED
[14:38:58][I][uart0:064]: <<< 00:64:00:AD:00:00:BE
AA:DA:00:00:00:00:EE:11:5E:0A:00:00:2E:04:02:59
AA:FA:22:00:46:05:F8:02:00:FC:FF:FF:28:05:00:B0
AA:CA:46:05:11:05:CB:01:20:00:64:00:AD:00:00:BE
AA:DA:00:00:00:00:EE:11:5E:0A:00:00:2E:04:02:59
AA:FA:22:00:46:05:F8:02:00:FC:FF:FF:28:05:00:B0
AA:CA:46:05:11:05:CB:01:20:00:64:00:AD:00:00:BE
AA:DA:00:00:00:00:EE:11:5E:09:00:00:2E:04:02:5A:AA
[14:38:59][E][uart1:093]: <<< AA:ED:00:00:00:00:00:ED
[14:38:59][I][uart0:064]: <<< FA:22:00:46:05:F8:02:00:FC:FF:FF:28:05:00:B0
AA:CA:46:05:11:05:CB:01:20:00:64:00:AD:00:00:BE
AA:DA:00:00:00:00:EE:11:5E:09:00:00:2E:04:02:5A
AA:FA:22:00:46:05:F8:02:00:FC:FF:FF:28:05:00:B0
AA:CA:46:05:11:05:CB:01:20:00:64:00:AD:00:00:BE
AA:DA:00:00:00:00:EE:11:5E:09:00:00:2E:04:02:5A
AA:FA:22:00:46:05:F8:02:00:FC:FF:FF:28:05:00:B0
AA:CA:46:05:11:05:CB:01:20
[14:39:00][E][uart1:093]: <<< AA:ED:00:00:00:00:00:ED
[14:39:00][I][uart0:064]: <<< 00:64:00:AD:00:00:BE
AA:DA:00:00:00:00:EE:11:5E:09:00:00:2E:04:02:5A
AA:FA:22:00:46:05:F8:02:00:FC:FF:FF:28:05:00:B0
AA:CA:46:05:11:05:CB:01:20:00:64:00:AD:00:00:BE
AA:DA:00:00:00:00:EE:11:5E:09:00:00:2E:04:02:5A
AA:FA:22:00:46:05:F8:02:00:FC:FF:FF:28:05:00:B0
AA:CA:46:05:11:05:CB:01:20:00:64:00:AD:00:00:BE
AA:DA:00:00:00:00:EE:11:5E:09:00:00:2E:04:02:5A:AA
[14:39:01][E][uart1:093]: <<< AA:ED:00:00:00:00:00:ED
[14:39:02][I][uart0:064]: <<< FA:22:00:46:05:F8:02:00:FC:FF:FF:28:05:00:B0
AA:CA:46:05:11:05:CB:01:20:00:64:00:AD:00:00:BE
AA:DA:00:00:00:00:EE:11:5E:0A:00:00:2E:04:02:59
AA:FA:22:00:46:05:F8:02:00:FC:FF:FF:28:05:00:B0
AA:CA:46:05:11:05:CB:01:20:00:64:00:AD:00:00:BE
AA:DA:00:00:00:00:EE:11:5E:09:00:00:2E:04:02:5A
AA:FA:22:00:46:05:F8:02:00:FC:FF:FF:28:05:00:B0
AA:CA:46:05:11:05:CB:01:20
[14:39:02][E][uart1:093]: <<< AA:ED:00:00:00:00:00:ED
[14:39:03][I][uart0:064]: <<< 00:64:00:AD:00:00:BE
AA:DA:00:00:00:00:EE:11:5E:09:00:00:2E:04:02:5A
AA:FA:22:00:46:05:F8:02:00:FC:FF:FF:28:05:00:B0
AA:CA:46:05:11:05:CB:01:20:00:64:00:AD:00:00:BE
AA:DA:00:00:00:00:EE:11:5E:0A:00:00:2E:04:02:59
AA:FA:22:00:46:05:F8:02:00:FC:FF:FF:28:05:00:B0
AA:CA:46:05:11:05:CB:01:20:00:64:00:AD:00:00:BE
AA:DA:00:00:00:00:EE:11:5E:0A:00:00:2E:04:02:59:AA
[14:39:03][E][uart1:093]: <<< AA:ED:00:00:00:00:00:ED
[14:39:04][E][uart1:093]: <<< AA:ED:00:00:00:00:00:ED
[14:39:04][I][uart0:064]: <<< FA:22:00:46:05:F8:02:00:FC:FF:FF:28:05:00:B0
AA:CA:46:05:11:05:CB:01:20:00:64:00:AD:00:00:BE
AA:DA:00:00:00:00:EE:11:5E:09:00:00:2E:04:02:5A
AA:FA:22:00:46:05:F8:02:00:FC:FF:FF:28:05:00:B0
AA:CA:46:05:11:05:CB:01:20:00:64:00:AD:00:00:BE
AA:DA:00:00:00:00:EE:11:5E:09:00:00:2E:04:02:5A
AA:FA:22:00:46:05:F8:02:00:FC:FF:FF:28:05:00:B0
AA:CA:46:05:11:05:CB:01:20
[14:39:05][E][uart1:093]: <<< AA:ED:00:00:00:00:00:ED
[14:39:05][I][uart0:064]: <<< 00:64:00:AD:00:00:BE
AA:DA:00:00:00:00:EE:11:5E:0A:00:00:2E:04:02:59
AA:FA:22:00:46:05:F8:02:00:FC:FF:FF:28:05:00:B0
AA:CA:46:05:11:05:CB:01:20:00:64:00:AD:00:00:BE
AA:DA:00:00:00:00:EE:11:5E:0A:00:00:2E:04:02:59
AA:FA:22:00:46:05:F8:02:00:FC:FF:FF:28:05:00:B0
AA:CA:46:05:11:05:CB:01:20:00:64:00:81:00:00:92
AA:DA:00:00:00:00:EE:11:5E:09:00:00:2E:04:02:5A:AA
[14:39:06][E][uart1:093]: <<< AA:ED:00:00:00:00:00:ED
[14:39:06][I][uart0:064]: <<< FA:22:00:46:05:F8:02:00:FD:FF:FF:28:05:00:B1
AA:CA:46:05:11:05:CB:01:20:00:64:00:81:00:00:92
AA:DA:00:00:00:00:EE:11:5E:09:00:00:2E:04:02:5A
AA:FA:22:00:46:05:F8:02:00:FD:FF:FF:28:05:00:B1
AA:CA:46:05:11:05:CB:01:20:00:64:00:AD:00:00:BE
AA:DA:00:00:00:00:EE:11:5E:09:00:00:2E:04:02:5A
AA:FA:22:00:46:05:F8:02:00:FC:FF:FF:28:05:00:B0
AA:CA:46:05:11:05:CB:01:20
[14:39:07][E][uart1:093]: <<< AA:ED:00:00:00:00:00:ED
[14:39:08][I][uart0:064]: <<< 00:64:00:AD:00:00:BE
AA:DA:00:00:00:00:EE:11:5E:09:00:00:2E:04:02:5A
AA:FA:22:00:46:05:F8:02:00:FC:FF:FF:28:05:00:B0
AA:CA:46:05:11:05:CB:01:20:00:64:00:AD:00:00:BE
AA:DA:00:00:00:00:EE:11:5E:09:00:00:2E:04:02:5A
AA:FA:22:00:46:05:F8:02:00:FC:FF:FF:28:05:00:B0
AA:CA:46:05:11:05:CB:01:20:00:64:00:AD:00:00:BE
AA:DA:00:00:00:00:EE:11:5E:09:00:00:2E:04:02:5A:AA
[14:39:08][E][uart1:093]: <<< AA:ED:00:00:00:00:00:ED
[14:39:09][E][uart1:093]: <<< AA:ED:00:00:00:00:00:ED
[14:39:09][I][uart0:064]: <<< FA:22:00:46:05:F8:02:00:FC:FF:FF:28:05:00:B0
AA:CA:46:05:11:05:CB:01:20:00:64:00:AD:00:00:BE
AA:DA:00:00:00:00:EE:11:5E:0A:00:00:2E:04:02:59
AA:FA:22:00:46:05:F8:02:00:FC:FF:FF:28:05:00:B0
AA:CA:46:05:11:05:CB:01:20:00:64:00:AD:00:00:BE
AA:DA:00:00:00:00:EE:11:5E:0A:00:00:2E:04:02:59
AA:FA:22:00:46:05:F8:02:00:FC:FF:FF:28:05:00:B0
AA:CA:46:05:0D:05:CB:01:20
[14:39:10][E][uart1:093]: <<< AA:ED:00:00:00:00:00:ED
[14:39:10][I][uart0:064]: <<< 00:64:00:56:00:00:59
AA:DA:00:00:00:00:EE:11:5E:0A:00:00:2E:04:02:59
AA:FA:22:00:46:05:F8:02:00:FE:FF:FF:28:05:00:B2
AA:CA:46:05:11:05:CB:01:20:00:64:00:56:00:00:45
AA:DA:00:00:00:00:EE:11:5E:09:00:00:2E:04:02:5A
AA:FA:22:00:46:05:F8:02:00:FE:FF:FF:28:05:00:B2
AA:CA:46:05:11:05:CB:01:20:00:64:00:56:00:00:45
AA:DA:00:00:00:00:EE:11:5E:0A:00:00:2E:04:02:59:AA
[14:39:11][E][uart1:093]: <<< AA:ED:00:00:00:00:00:ED
[14:39:11][I][uart0:064]: <<< FA:22:00:46:05:F8:02:00:FC:FF:FF:28:05:00:B0
AA:CA:46:05:11:05:CB:01:20:00:64:00:AD:00:00:BE
AA:DA:00:00:00:00:EE:11:5E:0A:00:00:2E:04:02:59
AA:FA:22:00:46:05:F8:02:00:FC:FF:FF:28:05:00:B0
AA:CA:46:05:11:05:CB:01:20:00:64:00:AD:00:00:BE
AA:DA:00:00:00:00:EE:11:5E:0A:00:00:2E:04:02:59
AA:FA:22:00:46:05:F8:02:00:FC:FF:FF:28:05:00:B0
AA:CA:46:05:11:05:CB:01:20
[14:39:12][E][uart1:093]: <<< AA:ED:00:00:00:00:00:ED
[14:39:12][I][uart0:064]: <<< 00:64:00:AD:00:00:BE
AA:DA:00:00:00:00:EE:11:5E:0A:00:00:2E:04:02:59
AA:FA:22:00:46:05:F8:02:00:FC:FF:FF:28:05:00:B0
AA:CA:46:05:11:05:CB:01:20:00:64:00:AD:00:00:BE
AA:DA:00:00:00:00:EE:11:5E:09:00:00:2E:04:02:5A
AA:FA:22:00:46:05:F8:02:00:FC:FF:FF:28:05:00:B0
AA:CA:46:05:11:05:CB:01:20:00:64:00:AD:00:00:BE
AA:DA:00:00:00:00:EE:11:5E:0A:00:00:2E:04:02:59:AA
[14:39:13][E][uart1:093]: <<< AA:ED:00:00:00:00:00:ED
[14:39:14][I][uart0:064]: <<< FA:22:00:46:05:F8:02:00:FC:FF:FF:28:05:00:B0
AA:CA:46:05:11:05:CB:01:20:00:64:00:AD:00:00:BE
AA:DA:00:00:00:00:EE:11:5E:0A:00:00:2E:04:02:59
AA:FA:22:00:46:05:F8:02:00:FB:FF:FF:28:05:00:B7
AA:CA:46:05:11:05:CB:01:20:00:64:00:D8:00:00:CB
AA:DA:00:00:00:00:EE:11:5E:0A:00:00:2E:04:02:59
AA:FA:22:00:46:05:F8:02:00:FB:FF:FF:28:05:00:B7
AA:CA:46:05:11:05:CB:01:20
[14:39:14][E][uart1:093]: <<< AA:ED:00:00:00:00:00:ED
[14:39:15][E][uart1:093]: <<< AA:ED:00:00:00:00:00:ED
[14:39:15][I][uart0:064]: <<< 00:64:00:D8:00:00:CB
AA:DA:00:00:00:00:EE:11:5E:0A:00:00:2E:04:02:59
AA:FA:22:00:46:05:F8:02:00:FC:FF:FF:28:05:00:B0
AA:CA:46:05:11:05:CB:01:20:00:64:00:AD:00:00:BE
AA:DA:00:00:00:00:EE:11:5E:09:00:00:2E:04:02:5A
AA:FA:22:00:46:05:F8:02:00:FC:FF:FF:28:05:00:B0
AA:CA:46:05:11:05:CB:01:20:00:64:00:AD:00:00:BE
AA:DA:00:00:00:00:EE:11:5E:0A:00:00:2E:04:02:59:AA
[14:39:16][E][uart1:093]: <<< AA:ED:00:00:00:00:00:ED
[14:39:16][I][uart0:064]: <<< FA:22:00:46:05:F8:02:00:FB:FF:FF:28:05:00:B7
AA:CA:46:05:11:05:CB:01:20:00:64:00:D8:00:00:CB
AA:DA:00:00:00:00:EE:11:5E:0A:00:00:2E:04:02:59
AA:FA:22:00:46:05:F8:02:00:FB:FF:FF:28:05:00:B7
AA:CA:46:05:11:05:CB:01:20:00:64:00:D8:00:00:CB
AA:DA:00:00:00:00:EE:11:5E:0A:00:00:2E:04:02:59
AA:FA:22:00:46:05:F8:02:00:FC:FF:FF:28:05:00:B0
AA:CA:46:05:11:05:CB:01:20
[14:39:17][E][uart1:093]: <<< AA:ED:00:00:00:00:00:ED
[14:39:17][I][uart0:064]: <<< 00:64:00:AD:00:00:BE
AA:DA:00:00:00:00:EE:11:5E:0A:00:00:2E:04:02:59
AA:FA:22:00:46:05:F8:02:00:FC:FF:FF:28:05:00:B0
AA:CA:46:05:11:05:CB:01:20:00:64:00:AD:00:00:BE
AA:DA:00:00:00:00:EE:11:5E:09:00:00:2E:04:02:5A
AA:FA:22:00:46:05:F8:02:00:FD:FF:FF:28:05:00:B1
AA:CA:46:05:0D:05:CB:01:20:00:64:00:81:00:00:8E
AA:DA:00:00:00:00:EE:11:5E:09:00:00:2E:04:02:5A:AA
[14:39:18][E][uart1:093]: <<< AA:ED:00:00:00:00:00:ED
[14:39:18][I][uart0:064]: <<< FA:22:00:46:05:FA:02:00:FD:FF:FF:28:05:00:B3
AA:CA:46:05:11:05:CB:01:20:00:64:00:81:00:00:92
AA:DA:00:00:00:00:EE:11:5E:09:00:00:2E:04:02:5A
AA:FA:22:00:46:05:F8:02:00:FE:FF:FF:28:05:00:B2
AA:CA:46:05:0D:05:CB:01:20:00:64:00:56:00:00:59
AA:DA:00:00:00:00:EE:11:5E:0A:00:00:2E:04:02:59
AA:FA:22:00:46:05:F8:02:00:FE:FF:FF:28:05:00:B2
AA:CA:46:05:11:05:CB:01:20
[14:39:19][E][uart1:093]: <<< AA:ED:00:00:00:00:00:ED
[14:39:20][I][uart0:064]: <<< 00:64:00:56:00:00:45
AA:DA:00:00:00:00:EE:11:5E:09:00:00:2E:04:02:5A
AA:FA:22:00:46:05:F8:02:00:FE:FF:FF:28:05:00:B2
AA:CA:46:05:11:05:CB:01:20:00:64:00:81:00:00:92
AA:DA:00:00:00:00:EE:11:5E:0A:00:00:2E:04:02:59
AA:FA:22:00:46:05:F8:02:00:FD:FF:FF:28:05:00:B1
AA:CA:46:05:11:05:CB:01:20:00:64:00:81:00:00:92
AA:DA:00:00:00:00:EE:11:5E:0A:00:00:2E:04:02:59:AA
[14:39:20][E][uart1:093]: <<< AA:ED:00:00:00:00:00:ED
[14:39:21][E][uart1:093]: <<< AA:ED:00:00:00:00:00:ED
[14:39:21][I][uart0:064]: <<< FA:22:00:46:05:F8:02:00:FD:FF:FF:28:05:00:B1
AA:CA:46:05:11:05:CB:01:20:00:64:00:81:00:00:92
AA:DA:00:00:00:00:EE:11:5E:09:00:00:2E:04:02:5A
AA:FA:22:00:46:05:F8:02:00:FD:FF:FF:28:05:00:B1
AA:CA:46:05:11:05:CB:01:20:00:64:00:81:00:00:92
AA:DA:00:00:00:00:EE:11:5E:09:00:00:2E:04:02:5A
AA:FA:22:00:46:05:F8:02:00:FD:FF:FF:28:05:00:B1
AA:CA:46:05:11:05:CB:01:20
[14:39:22][E][uart1:093]: <<< AA:ED:00:00:00:00:00:ED
[14:39:22][I][uart0:064]: <<< 00:64:00:AD:00:00:BE
AA:DA:00:00:00:00:EE:11:5E:0A:00:00:2E:04:02:59
AA:FA:22:00:46:05:F8:02:00:FC:FF:FF:28:05:00:B0
AA:CA:46:05:11:05:CB:01:20:00:64:00:AD:00:00:BE
AA:DA:00:00:00:00:EE:11:5E:09:00:00:2E:04:02:5A
AA:FA:22:00:46:05:F8:02:00:FC:FF:FF:28:05:00:B0
AA:CA:46:05:11:05:CB:01:20:00:64:00:AD:00:00:BE
AA:DA:00:00:00:00:EE:11:5E:09:00:00:2E:04:02:5A:AA
[14:39:23][E][uart1:093]: <<< AA:ED:00:00:00:00:00:ED
[14:39:23][I][uart0:064]: <<< FA:22:00:46:05:F8:02:00:FC:FF:FF:28:05:00:B0
AA:CA:46:05:11:05:CB:01:20:00:64:00:AD:00:00:BE
AA:DA:00:00:00:00:EE:11:5E:0A:00:00:2E:04:02:59
AA:FA:22:00:46:05:F8:02:00:FC:FF:FF:28:05:00:B0
AA:CA:46:05:11:05:CB:01:20:00:64:00:81:00:00:92
AA:DA:00:00:00:00:EE:11:5E:0A:00:00:2E:04:02:59
AA:FA:22:00:46:05:F8:02:00:FD:FF:FF:28:05:00:B1
AA:CA:46:05:11:05:CB:01:20
[14:39:24][E][uart1:093]: <<< AA:ED:00:00:00:00:00:ED
[14:39:25][I][uart0:064]: <<< 00:64:00:81:00:00:92
AA:DA:00:00:00:00:EE:11:5E:0A:00:00:2E:04:02:59
AA:FA:22:00:46:05:F8:02:00:FD:FF:FF:28:05:00:B1
AA:CA:46:05:11:05:CB:01:20:00:64:00:81:00:00:92
AA:DA:00:00:00:00:EE:11:5E:0A:00:00:2E:04:02:59
AA:FA:22:00:46:05:F8:02:00:FC:FF:FF:28:05:00:B0
AA:CA:46:05:11:05:CB:01:20:00:64:00:AD:00:00:BE
AA:DA:00:00:00:00:EE:11:5E:0A:00:00:2E:04:02:59:AA
[14:39:25][E][uart1:093]: <<< AA:ED:00:00:00:00:00:ED
[14:39:26][I][uart0:064]: <<< FA:22:00:46:05:F8:02:00:FC:FF:FF:28:05:00:B0
AA:CA:46:05:11:05:CB:01:20:00:64:00:AD:00:00:BE
AA:DA:00:00:00:00:EE:11:5E:09:00:00:2E:04:02:5A
AA:FA:22:00:46:05:F8:02:00:FC:FF:FF:28:05:00:B0
AA:CA:46:05:11:05:CB:01:20:00:64:00:AD:00:00:BE
AA:DA:00:00:00:00:EE:11:5E:0A:00:00:2E:04:02:59
AA:FA:22:00:46:05:F8:02:00:FC:FF:FF:28:05:00:B0
AA:CA:46:05:11:05:CB:01:20
[14:39:26][E][uart1:093]: <<< AA:ED:00:00:00:00:00:ED
[14:39:27][E][uart1:093]: <<< AA:ED:00:00:00:00:00:ED
[14:39:27][I][uart0:064]: <<< 00:64:00:AD:00:00:BE
AA:DA:00:00:00:00:EE:11:5E:0A:00:00:2E:04:02:59
AA:FA:22:00:46:05:F8:02:00:FC:FF:FF:28:05:00:B0
AA:CA:46:05:11:05:CB:01:20:00:64:00:AD:00:00:BE
AA:DA:00:00:00:00:EE:11:5E:09:00:00:2E:04:02:5A
AA:FA:22:00:46:05:F8:02:00:FC:FF:FF:28:05:00:B0
AA:CA:46:05:0D:05:CB:01:20:00:64:00:AD:00:00:A2
AA:DA:00:00:00:00:EE:11:5E:0A:00:00:2E:04:02:59:AA
[14:39:28][E][uart1:093]: <<< AA:ED:00:00:00:00:00:ED
[14:39:28][I][uart0:064]: <<< FA:22:00:46:05:F8:02:00:FE:FF:FF:28:05:00:B2
AA:CA:46:05:0D:05:CB:01:20:00:64:00:56:00:00:59
AA:DA:00:00:00:00:EE:11:5E:0A:00:00:2E:04:02:59
AA:FA:22:00:46:05:F8:02:00:FE:FF:FF:28:05:00:B2
AA:CA:46:05:11:05:CB:01:20:00:64:00:56:00:00:45
AA:DA:00:00:00:00:EE:11:5E:0A:00:00:2E:04:02:59
AA:FA:22:00:46:05:F8:02:00:FC:FF:FF:28:05:00:B0
AA:CA:46:05:11:05:CB:01:20
[14:39:29][E][uart1:093]: <<< AA:ED:00:00:00:00:00:ED
[14:39:29][I][uart0:064]: <<< 00:64:00:AD:00:00:BE
AA:DA:00:00:00:00:EE:11:5E:09:00:00:2E:04:02:5A
AA:FA:22:00:46:05:F8:02:00:FC:FF:FF:28:05:00:B0
AA:CA:46:05:11:05:CB:01:20:00:64:00:AD:00:00:BE
AA:DA:00:00:00:00:EE:11:5E:0A:00:00:2E:04:02:59
AA:FA:22:00:46:05:F8:02:00:FD:FF:FF:28:05:00:B1
AA:CA:46:05:0D:05:CB:01:20:00:64:00:81:00:00:8E
AA:DA:00:00:00:00:EE:11:5E:09:00:00:2E:04:02:5A:AA
[14:39:30][E][uart1:093]: <<< AA:ED:00:00:00:00:00:ED
[14:39:31][I][uart0:064]: <<< FA:22:00:46:05:F8:02:00:FD:FF:FF:28:05:00:B1
AA:CA:46:05:11:05:CB:01:20:00:64:00:81:00:00:92
AA:DA:00:00:00:00:EE:11:5E:09:00:00:2E:04:02:5A
AA:FA:22:00:46:05:F8:02:00:FC:FF:FF:28:05:00:B0
AA:CA:46:05:11:05:CB:01:20:00:64:00:AD:00:00:BE
AA:DA:00:00:00:00:EE:11:5E:09:00:00:2E:04:02:5A
AA:FA:22:00:46:05:F8:02:00:FC:FF:FF:28:05:00:B0
AA:CA:46:05:0D:05:CB:01:20
[14:39:31][E][uart1:093]: <<< AA:ED:00:00:00:00:00:ED
[14:39:32][I][uart0:064]: <<< 00:64:00:AD:00:00:A2
AA:DA:00:00:00:00:EE:11:5E:0A:00:00:2E:04:02:59
AA:FA:22:00:46:05:F8:02:00:FC:FF:FF:28:05:00:B0
AA:CA:46:05:0D:05:CB:01:20:00:64:00:AD:00:00:A2
AA:DA:00:00:00:00:EE:11:5E:0A:00:00:2E:04:02:59
AA:FA:22:00:46:05:F8:02:00:FC:FF:FF:28:05:00:B0
AA:CA:46:05:0D:05:CB:01:20:00:64:00:AD:00:00:A2
AA:DA:00:00:00:00:EE:11:5E:09:00:00:2E:04:02:5A:AA
[14:39:32][E][uart1:093]: <<< AA:ED:00:00:00:00:00:ED
[14:39:33][E][uart1:093]: <<< AA:ED:00:00:00:00:00:ED
[14:39:33][I][uart0:064]: <<< FA:22:00:46:05:F8:02:00:FC:FF:FF:28:05:00:B0
AA:CA:46:05:11:05:CB:01:20:00:64:00:AD:00:00:BE
AA:DA:00:00:00:00:EE:11:5E:0A:00:00:2E:04:02:59
AA:FA:22:00:46:05:F8:02:00:FC:FF:FF:28:05:00:B0
AA:CA:46:05:0D:05:CB:01:20:00:64:00:AD:00:00:A2
AA:DA:00:00:00:00:EE:11:5E:09:00:00:2E:04:02:5A
AA:FA:22:00:46:05:F8:02:00:FC:FF:FF:28:05:00:B0
AA:CA:46:05:0D:05:CB:01:20
[14:39:34][E][uart1:093]: <<< AA:ED:00:00:00:00:00:ED
[14:39:34][I][uart0:064]: <<< 00:64:00:AD:00:00:A2
AA:DA:00:00:00:00:EE:11:5E:0A:00:00:2E:04:02:59
AA:FA:22:00:46:05:F8:02:00:FC:FF:FF:28:05:00:B0
AA:CA:46:05:11:05:CB:01:20:00:64:00:AD:00:00:BE
AA:DA:00:00:00:00:EE:11:5E:09:00:00:2E:04:02:5A
AA:FA:22:00:46:05:F8:02:00:FC:FF:FF:28:05:00:B0
AA:CA:46:05:11:05:CB:01:20:00:64:00:AD:00:00:BE
AA:DA:00:00:00:00:EE:11:5E:09:00:00:2E:04:02:5A:AA
[14:39:35][E][uart1:093]: <<< AA:ED:00:00:00:00:00:ED
[14:39:35][I][uart0:064]: <<< FA:22:00:46:05:F8:02:00:FC:FF:FF:28:05:00:B0
AA:CA:46:05:11:05:CB:01:20:00:64:00:AD:00:00:BE
AA:DA:00:00:00:00:EE:11:5E:0A:00:00:2E:04:02:59
AA:FA:22:00:46:05:F8:02:00:FC:FF:FF:28:05:00:B0
AA:CA:46:05:11:05:CB:01:20:00:64:00:81:00:00:92
AA:DA:00:00:00:00:EE:11:5E:0A:00:00:2E:04:02:59
AA:FA:22:00:46:05:F8:02:00:FD:FF:FF:28:05:00:B1
AA:CA:46:05:0D:05:CB:01:20
[14:39:36][E][uart1:093]: <<< AA:ED:00:00:00:00:00:ED
[14:39:37][I][uart0:064]: <<< 00:64:00:81:00:00:8E
AA:DA:00:00:00:00:EE:11:5E:09:00:00:2E:04:02:5A
AA:FA:22:00:46:05:F8:02:00:FD:FF:FF:28:05:00:B1
AA:CA:46:05:11:05:CB:01:20:00:64:00:81:00:00:92
AA:DA:00:00:00:00:EE:11:5E:0A:00:00:2E:04:02:59
AA:FA:22:00:46:05:F8:02:00:FD:FF:FF:28:05:00:B1
AA:CA:46:05:0D:05:CB:01:20:00:64:00:81:00:00:8E
AA:DA:00:00:00:00:EE:11:5E:09:00:00:2E:04:02:5A:AA
[14:39:37][E][uart1:093]: <<< AA:ED:00:00:00:00:00:ED
[14:39:38][I][uart0:064]: <<< FA:22:00:46:05:F8:02:00:FD:FF:FF:28:05:00:B1
AA:CA:46:05:0D:05:CB:01:20:00:64:00:81:00:00:8E
AA:DA:00:00:00:00:EE:11:5E:0A:00:00:2E:04:02:59
AA:FA:22:00:46:05:F8:02:00:FC:FF:FF:28:05:00:B0
AA:CA:46:05:11:05:CB:01:20:00:64:00:AD:00:00:BE
AA:DA:00:00:00:00:EE:11:5E:09:00:00:2E:04:02:5A
AA:FA:22:00:46:05:F8:02:00:FC:FF:FF:28:05:00:B0
AA:CA:46:05:0D:05:CB:01:20
[14:39:38][E][uart1:093]: <<< AA:ED:00:00:00:00:00:ED
[14:39:39][E][uart1:093]: <<< AA:ED:00:00:00:00:00:ED
[14:39:39][I][uart0:064]: <<< 00:64:00:AD:00:00:A2
AA:DA:00:00:00:00:EE:11:5E:0A:00:00:2E:04:02:59
AA:FA:22:00:46:05:F8:02:00:FD:FF:FF:28:05:00:B1
AA:CA:46:05:0D:05:CB:01:20:00:64:00:81:00:00:8E
AA:DA:00:00:00:00:EE:11:5E:09:00:00:2E:04:02:5A
AA:FA:22:00:46:05:F8:02:00:FD:FF:FF:28:05:00:B1
AA:CA:46:05:0D:05:CB:01:20:00:64:00:81:00:00:8E
AA:DA:00:00:00:00:EE:11:5E:09:00:00:2E:04:02:5A:AA
[14:39:40][E][uart1:093]: <<< AA:ED:00:00:00:00:00:ED
[14:39:40][I][uart0:064]: <<< FA:22:00:46:05:F8:02:00:FC:FF:FF:28:05:00:B0
AA:CA:46:05:11:05:CB:01:20:00:64:00:AD:00:00:BE
AA:DA:00:00:00:00:EE:11:5E:0A:00:00:2E:04:02:59
AA:FA:22:00:46:05:F8:02:00:FC:FF:FF:28:05:00:B0
AA:CA:46:05:0D:05:CB:01:20:00:64:00:AD:00:00:A2
AA:DA:00:00:00:00:EE:11:5E:0A:00:00:2E:04:02:59
AA:FA:22:00:46:05:F8:02:00:FD:FF:FF:28:05:00:B1
AA:CA:46:05:11:05:CB:01:20
[14:39:41][E][uart1:093]: <<< AA:ED:00:00:00:00:00:ED
[14:39:41][I][uart0:064]: <<< 00:64:00:81:00:00:92
AA:DA:00:00:00:00:EE:11:5E:09:00:00:2E:04:02:5A
AA:FA:22:00:46:05:F8:02:00:FD:FF:FF:28:05:00:B1
AA:CA:46:05:0D:05:CB:01:20:00:64:00:81:00:00:8E
AA:DA:00:00:00:00:EE:11:5E:0A:00:00:2E:04:02:59
AA:FA:22:00:46:05:F8:02:00:FD:FF:FF:28:05:00:B1
AA:CA:46:05:0D:05:CB:01:20:00:64:00:81:00:00:8E
AA:DA:00:00:00:00:EE:11:5E:09:00:00:2E:04:02:5A:AA
[14:39:42][E][uart1:093]: <<< AA:ED:00:00:00:00:00:ED
[14:39:43][I][uart0:064]: <<< FA:22:00:46:05:F8:02:00:FD:FF:FF:28:05:00:B1
AA:CA:46:05:0D:05:CB:01:20:00:64:00:81:00:00:8E
AA:DA:00:00:00:00:EE:11:5E:0A:00:00:2E:04:02:59
AA:FA:22:00:46:05:F8:02:00:FC:FF:FF:28:05:00:B0
AA:CA:46:05:0D:05:CB:01:20:00:64:00:AD:00:00:A2
AA:DA:00:00:00:00:EE:11:5E:09:00:00:2E:04:02:5A
AA:FA:22:00:46:05:F8:02:00:FC:FF:FF:28:05:00:B0
AA:CA:46:05:11:05:CB:01:20
[14:39:43][E][uart1:093]: <<< AA:ED:00:00:00:00:00:ED
[14:39:44][I][uart0:064]: <<< 00:64:00:AD:00:00:BE
AA:DA:00:00:00:00:EE:11:5E:0A:00:00:2E:04:02:59
AA:FA:22:00:46:05:F8:02:00:FD:FF:FF:28:05:00:B1
AA:CA:46:05:0D:05:CB:01:20:00:64:00:81:00:00:8E
AA:DA:00:00:00:00:EE:11:5E:0A:00:00:2E:04:02:59
AA:FA:22:00:46:05:F8:02:00:FD:FF:FF:28:05:00:B1
AA:CA:46:05:11:05:CB:01:20:00:64:00:81:00:00:92
AA:DA:00:00:00:00:EE:11:5E:0A:00:00:2E:04:02:59:AA
[14:39:44][E][uart1:093]: <<< AA:ED:00:00:00:00:00:ED
[14:39:45][E][uart1:093]: <<< AA:ED:00:00:00:00:00:ED
[14:39:45][I][uart0:064]: <<< FA:22:00:46:05:F8:02:00:FD:FF:FF:28:05:00:B1
AA:CA:46:05:11:05:CB:01:20:00:64:00:81:00:00:92
AA:DA:00:00:00:00:EE:11:5E:09:00:00:2E:04:02:5A
AA:FA:22:00:46:05:F8:02:00:FD:FF:FF:28:05:00:B1
AA:CA:46:05:0D:05:CB:01:20:00:64:00:81:00:00:8E
AA:DA:00:00:00:00:EE:11:5E:09:00:00:2E:04:02:5A
AA:FA:22:00:46:05:F8:02:00:FD:FF:FF:28:05:00:B1
AA:CA:46:05:0D:05:CB:01:20
[14:39:46][E][uart1:093]: <<< AA:ED:00:00:00:00:00:ED
[14:39:46][I][uart0:064]: <<< 00:64:00:81:00:00:8E
AA:DA:00:00:00:00:EE:11:5E:09:00:00:2E:04:02:5A
AA:FA:22:00:46:05:F8:02:00:FD:FF:FF:28:05:00:B1
AA:CA:46:05:0D:05:CB:01:20:00:64:00:81:00:00:8E
AA:DA:00:00:00:00:EE:11:5E:0A:00:00:2E:04:02:59
AA:FA:22:00:46:05:F8:02:00:FD:FF:FF:28:05:00:B1
AA:CA:46:05:0D:05:CB:01:20:00:64:00:AD:00:00:A2
AA:DA:00:00:00:00:EE:11:5E:0A:00:00:2E:04:02:59:AA
[14:39:47][E][uart1:093]: <<< AA:ED:00:00:00:00:00:ED
[14:39:47][I][uart0:064]: <<< FA:22:00:46:05:F8:02:00:FC:FF:FF:28:05:00:B0
AA:CA:46:05:11:05:CB:01:20:00:64:00:AD:00:00:BE
AA:DA:00:00:00:00:EE:11:5E:0A:00:00:2E:04:02:59
AA:FA:22:00:46:05:F8:02:00:FC:FF:FF:28:05:00:B0
AA:CA:46:05:0D:05:CB:01:20:00:64:00:56:00:00:59
AA:DA:00:00:00:00:EE:11:5E:0A:00:00:2E:04:02:59
AA:FA:22:00:46:05:F8:02:00:FE:FF:FF:28:05:00:B2
AA:CA:46:05:0D:05:CB:01:20
[14:39:48][E][uart1:093]: <<< AA:ED:00:00:00:00:00:ED
[14:39:49][I][uart0:064]: <<< 00:64:00:56:00:00:59
AA:DA:00:00:00:00:EE:11:5E:0A:00:00:2E:04:02:59
AA:FA:22:00:46:05:F8:02:00:FE:FF:FF:28:05:00:B2
AA:CA:46:05:11:05:CB:01:20:00:64:00:AD:00:00:BE
AA:DA:00:00:00:00:EE:11:5E:0A:00:00:2E:04:02:59
AA:FA:22:00:46:05:F8:02:00:FC:FF:FF:28:05:00:B0
AA:CA:46:05:0D:05:CB:01:20:00:64:00:AD:00:00:A2
AA:DA:00:00:00:00:EE:11:5E:0A:00:00:2E:04:02:59:AA
[14:39:49][E][uart1:093]: <<< AA:ED:00:00:00:00:00:ED
[14:39:50][I][uart0:064]: <<< FA:22:00:46:05:F8:02:00:FC:FF:FF:28:05:00:B0
AA:CA:46:05:11:05:CB:01:20:00:64:00:AD:00:00:BE
AA:DA:00:00:00:00:EE:11:5E:0A:00:00:2E:04:02:59
AA:FA:22:00:46:05:F8:02:00:FD:FF:FF:28:05:00:B1
AA:CA:46:05:0D:05:CB:01:20:00:64:00:81:00:00:8E
AA:DA:00:00:00:00:EE:11:5E:09:00:00:2E:04:02:5A
AA:FA:22:00:46:05:F8:02:00:FD:FF:FF:28:05:00:B1
AA:CA:46:05:0D:05:CB:01:20
[14:39:50][E][uart1:093]: <<< AA:ED:00:00:00:00:00:ED
[14:39:51][E][uart1:093]: <<< AA:ED:00:00:00:00:00:ED
[14:39:51][I][uart0:064]: <<< 00:64:00:81:00:00:8E
AA:DA:00:00:00:00:EE:11:5E:0A:00:00:2E:04:02:59
AA:FA:22:00:46:05:F8:02:00:FD:FF:FF:28:05:00:B1
AA:CA:46:05:0D:05:CB:01:20:00:64:00:81:00:00:8E
AA:DA:00:00:00:00:EE:11:5E:09:00:00:2E:04:02:5A
AA:FA:22:00:46:05:F8:02:00:FD:FF:FF:28:05:00:B1
AA:CA:46:05:0D:05:CB:01:20:00:64:00:81:00:00:8E
AA:DA:00:00:00:00:EE:11:5E:0A:00:00:2E:04:02:59:AA
[14:39:52][E][uart1:093]: <<< AA:ED:00:00:00:00:00:ED
[14:39:52][I][uart0:064]: <<< FA:22:00:46:05:F8:02:00:FC:FF:FF:28:05:00:B0
AA:CA:46:05:0D:05:CB:01:20:00:64:00:AD:00:00:A2
AA:DA:00:00:00:00:EE:11:5E:09:00:00:2E:04:02:5A
AA:FA:22:00:46:05:F8:02:00:FC:FF:FF:28:05:00:B0
AA:CA:46:05:11:05:CB:01:20:00:64:00:AD:00:00:BE
AA:DA:00:00:00:00:EE:11:5E:09:00:00:2E:04:02:5A
AA:FA:22:00:46:05:F8:02:00:FD:FF:FF:28:05:00:B1
AA:CA:46:85:43:41:B9:20:00
[14:39:52][E][uart1:093]: <<< AA:ED:00:00:00:00:00:ED
[14:39:53][I][uart0:064]: <<< 64:00:81:00:00:8E
AA:DA:00:00:00:00:EE:11:5E:0A:00:00:2E:04:02:59
AA:FA:22:00:46:05:F8:02:00:FD:FF:FF:28:05:00:B1
AA:CA:46:05:11:05:CB:01:20:00:64:00:81:00:00:92
AA:DA:00:00:00:00:EE:11:5E:09:00:00:2E:04:02:5A
AA:FA:22:00:46:05:F8:02:00:FD:FF:FF:28:05:00:B1
AA:CA:46:05:11:05:CB:01:20:00:64:00:81:00:00:92
AA:DA:00:00:00:00:EE:11:5E:0A:00:00:2E:04:02:59:AA:FA
[14:39:53][E][uart1:093]: <<< AA:ED:00:00:00:00:00:ED
[14:39:55][I][uart0:064]: <<< 22:00:46:05:F8:02:00:FD:FF:FF:28:05:00:B1
AA:CA:46:05:0D:05:CB:01:20:00:64:00:81:00:00:8E
AA:DA:00:00:00:00:EE:11:5E:09:00:00:2E:04:02:5A
AA:FA:22:00:46:05:F8:02:00:FD:FF:FF:28:05:00:B1
AA:CA:46:05:0D:05:CB:01:20:00:64:00:81:00:00:8E
AA:DA:00:00:00:00:EE:11:5E:0A:00:00:2E:04:02:59
AA:FA:22:00:46:05:F8:02:00:FD:FF:FF:28:05:00:B1
AA:CA:46:05:11:05:CB:01:20:00
[14:39:55][E][uart1:093]: <<< AA:ED:00:00:00:00:00:ED
[14:39:55][E][uart1:093]: <<< AA:ED:00:00:00:00:00:ED
[14:39:56][I][uart0:064]: <<< 64:00:81:00:00:92
AA:DA:00:00:00:00:EE:11:5E:09:00:00:2E:04:02:5A
AA:FA:22:00:46:05:F8:02:00:FD:FF:FF:28:05:00:B1
AA:CA:46:05:0D:05:CB:01:20:00:64:00:81:00:00:8E
AA:DA:00:00:00:00:EE:11:5E:09:00:00:2E:04:02:5A
AA:FA:22:00:46:05:F8:02:00:FD:FF:FF:28:05:00:B1
AA:CA:46:05:0D:05:CB:01:20:00:64:00:81:00:00:8E
AA:DA:00:00:00:00:EE:11:5E:09:00:00:2E:04:02:5A:AA:FA
[14:39:56][E][uart1:093]: <<< AA:ED:00:00:00:00:00:ED
[14:39:57][I][uart0:064]: <<< 22:00:46:05:F8:02:00:FD:FF:FF:28:05:00:B1
AA:CA:46:05:0D:05:CB:01:20:00:64:00:81:00:00:8E
AA:DA:00:00:00:00:EE:11:5E:0A:00:00:2E:04:02:59
AA:FA:22:00:46:05:F8:02:00:FD:FF:FF:28:05:00:B1
AA:CA:46:05:0D:05:CB:01:20:00:64:00:81:00:00:8E
AA:DA:00:00:00:00:EE:11:5E:09:00:00:2E:04:02:5A
AA:FA:22:00:46:05:F8:02:00:FD:FF:FF:28:05:00:B1
AA:CA:46:05:0D:05:CB:01:20:00
[14:39:57][E][uart1:093]: <<< AA:ED:00:00:00:00:00:ED
[14:39:58][I][uart0:064]: <<< 64:00:81:00:00:8E
AA:DA:00:00:00:00:EE:11:5E:0A:00:00:2E:04:02:59
AA:FA:22:00:46:05:F8:02:00:FD:FF:FF:28:05:00:B1
AA:CA:46:05:0D:05:CB:01:20:00:64:00:81:00:00:8E
AA:DA:00:00:00:00:EE:11:5E:09:00:00:2E:04:02:5A
AA:FA:22:00:46:05:F8:02:00:FD:FF:FF:28:05:00:B1
AA:CA:46:05:11:05:CB:01:20:00:64:00:81:00:00:92
AA:DA:00:00:00:00:EE:11:5E:09:00:00:2E:04:02:5A:AA:FA
[14:39:58][E][uart1:093]: <<< AA:ED:00:00:00:00:00:ED
[14:39:59][I][uart0:064]: <<< 22:00:46:05:F8:02:00:FD:FF:FF:28:05:00:B1
AA:CA:46:05:0D:05:CB:01:20:00:64:00:81:00:00:8E
AA:DA:00:00:00:00:EE:11:5E:09:00:00:2E:04:02:5A
AA:FA:22:00:46:05:F8:02:00:FD:FF:FF:28:05:00:B1
AA:CA:46:05:0D:05:CB:01:20:00:64:00:81:00:00:8E
AA:DA:00:00:00:00:EE:11:5E:0A:00:00:2E:04:02:59
AA:FA:22:00:46:05:F8:02:00:FD:FF:FF:28:05:00:B1
AA:CA:46:05:0D:05:CB:01:20:00
[14:39:59][E][uart1:093]: <<< AA:ED:00:00:00:00:00:ED
[14:40:00][E][uart1:093]: <<< AA:ED:00:00:00:00:00:ED
[14:40:01][I][uart0:064]: <<< 64:00:81:00:00:8E
AA:DA:00:00:00:00:EE:11:5E:09:00:00:2E:04:02:5A
AA:FA:22:00:46:05:F8:02:00:FD:FF:FF:28:05:00:B1
AA:CA:46:05:11:05:CB:01:20:00:64:00:81:00:00:92
AA:DA:00:00:00:00:EE:11:5E:0A:00:00:2E:04:02:59
AA:FA:22:00:46:05:F8:02:00:FD:FF:FF:28:05:00:B1
AA:CA:46:05:0D:05:CB:01:20:00:64:00:81:00:00:8E
AA:DA:00:00:00:00:EE:11:5E:09:00:00:2E:04:02:5A:AA:FA
[14:40:01][E][uart1:093]: <<< AA:ED:00:00:00:00:00:ED
[14:40:02][I][uart0:064]: <<< 22:00:46:05:F8:02:00:FD:FF:FF:28:05:00:B1
AA:CA:46:05:0D:05:CB:01:20:00:64:00:81:00:00:8E
AA:DA:00:00:00:00:EE:11:5E:0A:00:00:2E:04:02:59
AA:FA:22:00:46:05:F8:02:00:FD:FF:FF:28:05:00:B1
AA:CA:46:05:0D:05:CB:01:20:00:64:00:81:00:00:8E
AA:DA:00:00:00:00:EE:11:5E:09:00:00:2E:04:02:5A
AA:FA:22:00:46:05:F8:02:00:FD:FF:FF:28:05:00:B1
AA:CA:46:05:0D:05:CB:01:20:00
[14:40:02][E][uart1:093]: <<< AA:ED:00:00:00:00:00:ED
[14:40:03][I][uart0:064]: <<< 64:00:81:00:00:8E
AA:DA:00:00:00:00:EE:11:5E:0A:00:00:2E:04:02:59
AA:FA:22:00:46:05:F8:02:00:FF:FF:FF:28:05:00:B3
AA:CA:46:05:11:05:CB:01:20:00:64:00:2B:00:00:38
AA:DA:00:00:00:00:EE:11:5E:0A:00:00:2E:04:02:59
AA:FA:22:00:46:05:F8:02:00:FF:FF:FF:28:05:00:B3
AA:CA:46:05:11:05:CB:01:20:00:64:00:2B:00:00:38
AA:DA:00:00:00:00:EE:11:5E:0A:00:00:2E:04:02:59:AA:FA
[14:40:03][E][uart1:093]: <<< AA:ED:00:00:00:00:00:ED
[14:40:04][I][uart0:064]: <<< 22:00:46:05:F8:02:00:FD:FF:FF:28:05:00:B1
AA:CA:46:05:0D:05:CB:01:20:00:64:00:81:00:00:8E
AA:DA:00:00:00:00:EE:11:5E:0A:00:00:2E:04:02:59
AA:FA:22:00:46:05:F8:02:00:FD:FF:FF:28:05:00:B1
AA:CA:46:05:11:05:CB:01:20:00:64:00:81:00:00:92
AA:DA:00:00:00:00:EE:11:5E:0A:00:00:2E:04:02:59
AA:FA:22:00:46:05:F8:02:00:FD:FF:FF:28:05:00:B1
AA:CA:46:05:0A:05:CB:01:20:00
[14:40:04][E][uart1:093]: <<< AA:ED:00:00:00:00:00:ED
[14:40:05][I][uart0:064]: <<< 64:00:81:00:00:89
AA:DA:00:00:00:00:EE:11:5E:0A:00:00:2E:04:02:59
AA:FA:22:00:46:05:F8:02:00:FD:FF:FF:28:05:00:B1
AA:CA:46:05:FF:04:CB:01:20:00:64:00:81:00:00:7D
AA:DA:00:00:00:00:EE:11:5E:0A:00:00:2E:04:02:59
AA:FA:22:00:46:05:F8:02:00:02:00:00:28:05:00:4E
AA:CA:46:05:0A:05:CB:01:20:00:64:00:AA:FF:FF:A2
AA:DA:00:00:00:00:EE:11:5E:0A:00:00:2E:04:02:59:AA:FA
[14:40:05][E][uart1:093]: <<< AA:ED:00:00:00:00:00:ED
[14:40:06][E][uart1:093]: <<< AA:ED:00:00:00:00:00:ED
[14:40:07][I][uart0:064]: <<< 22:00:00:00:F8:02:00:02:00:00:28:D0:00:D8
AA:CA:46:05:0A:05:CB:01:20:00:64:00:AA:FF:FF:A2
AA:DA:00:00:00:00:EE:11:5E:0A:00:00:2E:04:02:59
AA:FA:22:00:00:00:F8:02:00:FE:FF:FF:28:D0:00:24
AA:CA:46:05:0A:05:CB:01:20:00:64:00:56:00:00:5E
AA:DA:00:00:00:00:EE:11:5E:09:00:00:2E:04:02:5A
AA:FA:22:00:46:05:F8:02:00:FE:FF:FF:28:05:00:B2
AA:CA:46:05:0A:05:CB:01:20:00
[14:40:07][E][uart1:093]: <<< AA:ED:00:00:00:00:00:ED
[14:40:08][I][uart0:064]: <<< 64:00:56:00:00:5E
AA:DA:00:00:00:00:EE:11:5E:0A:00:00:2E:04:02:59
AA:FA:22:00:46:05:F8:02:00:FF:FF:FF:28:05:00:B3
AA:CA:46:05:0A:05:CB:01:20:00:A4:2B:00:00:23
AA:DA:00:00:00:00:EE:11:5E:0A:00:00:2E:04:02:59
AA:FA:22:00:46:05:F8:02:00:FF:FF:FF:28:05:00:B3
AA:CA:46:05:0A:05:CB:01:20:00:64:00:2B:00:00:23
AA:DA:00:00:00:00:EE:11:5E:0A:00:00:2E:04:02:59
AA:FA:22
[14:40:08][E][uart1:093]: <<< AA:ED:00:00:00:00:00:ED
[14:40:09][I][uart0:064]: <<< 00:46:05:F8:02:00:FE:FF:FF:28:05:00:B2
AA:CA:46:05:0A:05:CB:01:20:00:64:00:56:00:00:5E
AA:DA:00:00:00:00:EE:11:5E:0A:00:00:2E:04:02:59
AA:FA:22:00:46:05:F8:02:00:FE:FF:FF:28:05:00:B2
AA:CA:46:05:0A:05:CB:01:20:00:64:00:56:00:00:5E
AA:DA:00:00:00:00:EE:11:5E:09:00:00:2E:04:02:5A
AA:FA:22:00:46:05:F8:02:00:FE:FF:FF:28:05:00:B2
AA:CA:46:05:0D:05:CB:01:20:00:64
[14:40:09][E][uart1:093]: <<< AA:ED:00:00:00:00:00:ED
[14:40:10][I][uart0:064]: <<< 00:56:00:00:59
AA:DA:00:00:00:00:EE:11:5E:0A:00:00:2E:04:02:59
AA:FA:22:00:46:05:F8:02:00:FE:FF:FF:28:05:00:B2
AA:CA:46:05:0D:05:CB:01:20:00:64:00:56:00:00:59
AA:DA:00:00:00:00:EE:11:5E:09:00:00:2E:04:02:5A
AA:FA:22:00:46:05:F8:02:00:FF:FF:FF:28:05:00:B3
AA:CA:46:05:0D:05:CB:01:20:00:64:00:2B:00:00:24
AA:DA:00:00:00:00:EE:11:5E:09:00:00:2E:04:02:5A
AA:FA:22
[14:40:10][E][uart1:093]: <<< AA:ED:00:00:00:00:00:ED
[14:40:11][I][uart0:064]: <<< 00:46:05:F8:02:00:FF:FF:FF:28:05:00:B3
AA:CA:46:05:0D:05:CB:01:20:00:64:00:2B:00:00:24
AA:DA:00:00:00:00:EE:11:5E:0A:00:00:2E:04:02:59
AA:FA:22:00:46:05:F8:02:00:FF:FF:FF:28:05:00:B3
AA:CA:46:05:0D:05:CB:01:20:00:64:00:00:00:00:0F
AA:DA:00:00:00:00:EE:11:5E:0A:00:00:2E:04:02:59
AA:FA:22:00:46:05:F8:02:00:00:00:00:28:05:00:4C
AA:CA:46:05:0D:05:CB:01:20:00:64
[14:40:11][E][uart1:093]: <<< AA:ED:00:00:00:00:00:ED
[14:40:12][E][uart1:093]: <<< AA:ED:00:00:00:00:00:ED
[14:40:13][I][uart0:064]: <<< 00:00:00:00:0F
AA:DA:00:00:00:00:EE:11:5E:09:00:00:2E:04:02:5A
AA:FA:22:00:46:05:F8:02:00:00:00:00:28:05:00:4C
AA:CA:46:05:0D:05:CB:01:20:00:64:00:2B:00:00:24
AA:DA:00:00:00:00:EE:11:5E:09:00:00:2E:04:02:5A
AA:FA:22:00:46:05:F8:02:00:FF:FF:FF:28:05:00:B3
AA:CA:46:05:0D:05:CB:01:20:00:64:00:2B:00:00:24
AA:DA:00:00:00:00:EE:11:5E:09:00:00:2E:04:02:5A
AA:FA:22
[14:40:13][E][uart1:093]: <<< AA:ED:00:00:00:00:00:ED
[14:40:14][I][uart0:064]: <<< 00:46:05:F8:02:00:FF:FF:FF:28:05:00:B3
AA:CA:46:05:0D:05:CB:01:20:00:64:00:56:00:00:59
AA:DA:00:00:00:00:EE:11:5E:0A:00:00:2E:04:02:59
AA:FA:22:00:46:05:F8:02:00:FE:FF:FF:28:05:00:B2
AA:CA:46:05:0D:05:CB:01:20:00:64:00:56:00:00:59
AA:DA:00:00:00:00:EE:11:5E:0A:00:00:2E:04:02:59
AA:FA:22:00:46:05:F8:02:00:FE:FF:FF:28:05:00:B2
AA:CA:46:05:0D:05:CB:01:20:00:64
[14:40:15][I][uart0:064]: <<< 00:56:00:00:59
AA:DA:00:00:00:00:EE:11:5E:0A:00:00:2E:04:02:59
AA:FA:22:00:46:05:F8:02:00:FE:FF:FF:28:05:00:B2
AA:CA:46:05:0D:05:CB:01:20:00:64:00:56:00:00:59
AA:DA:00:00:00:00:EE:11:5E:0A:00:00:2E:04:02:59
AA:FA:22:00:46:05:F8:02:00:FE:FF:FF:28:05:00:B2
AA:CA:46:05:0D:05:CB:01:20:00:64:00:56:00:00:59
AA:DA:00:00:00:00:EE:11:5E:0A:00:00:2E:04:02:59
AA:FA:22
[14:40:16][I][uart0:064]: <<< 00:46:05:F8:02:00:FE:FF:FF:28:05:00:B2
AA:CA:46:05:0D:05:CB:01:20:00:64:00:56:00:00:59
AA:DA:00:00:00:00:EE:11:5E:0A:00:00:2E:04:02:59
AA:FA:22:00:46:05:F8:02:00:FE:FF:FF:28:05:00:B2
AA:CA:46:05:0D:05:CB:01:20:00:64:00:56:00:00:59
AA:DA:00:00:00:00:EE:11:5E:09:00:00:2E:04:02:5A
AA:FA:22:00:46:05:F8:02:00:FE:FF:FF:28:05:00:B2
AA:CA:46:05:0D:05:CB:01:20:00:64:00:56:00:00:59
[14:40:17][I][uart0:064]: <<< AA:DA:00:00:00:00:EE:11:5E:09:00:00:2E:04:02:5A
[14:40:18][I][uart0:064]: <<< AA:FA:22:00:46:05:F8:02:00:FE:FF:FF:28:05:00:B2
[14:40:19][E][uart1:093]: <<< AA:ED:00:00:00:00:00:ED
[14:40:19][I][uart0:064]: <<< AA:CA:46:05:0D:05:CB:01:20:00:64:00:56:00:00:59
[14:40:19][I][uart0:064]: <<< AA:DA:00:00:00:00:EE:11:5E:0A:00:00:2E:04:02:59
[14:40:20][E][uart1:093]: <<< AA:ED:00:00:00:00:00:ED
[14:40:21][I][uart0:064]: <<< AA:FA:22:00:46:05:F8:02:00:FF:FF:FF:28:05:00:B3
AA:CA:46:05:0D:05:CB:01:20:00:64:00:2B:00:00:24
AA:DA:00:00:00:00:EE:11:5E:09:00:00:2E:04:02:5A
AA:FA:22:00:46:05:F8:02:00:FF:FF:FF:28:05:00:B3
AA:CA:46:05:0D:05:CB:01:20:00:64:00:2B:00:00:24
AA:DA:00:00:00:00:EE:11:5E:09:00:00:2E:04:02:5A
AA:FA:22:00:46:05:F8:02:00:FD:FF:FF:28:05:00:B1
AA:CA:46:05:0D:05:CB:01
[14:40:22][I][uart0:064]: <<< 20:00:64:00:81:00:00:8E
AA:DA:00:00:00:00:EE:11:5E:0A:00:00:2E:04:02:59
AA:FA:22:00:46:05:F8:02:00:FD:FF:FF:28:05:00:B1
AA:CA:46:05:0D:05:CB:01:20:00:64:00:81:00:00:8E
AA:DA:00:00:00:00:EE:11:5E:0A:00:00:2E:04:02:59
AA:FA:22:00:46:05:F8:02:00:FD:FF:FF:28:05:00:B1
AA:CA:46:05:0D:05:CB:01:20:00:64:00:81:00:00:8E
AA:DA:00:00:00:00:EE:11:5E:09:00:00:2E:04:02:5A
[14:40:22][I][uart0:064]: <<< AA:FA:22:00:46:05:F8:02:00:FD:FF:FF:28:05:00:B1
[14:40:23][I][uart0:064]: <<< AA:CA:46:05:0D:05:CB:01:20:00:64:00:56:00:00:59
[14:40:25][I][uart0:064]: <<< AA:DA:00:00:00:00:EE:11:5E:0A:00:00:2E:04:02:59
[14:40:25][E][uart1:093]: <<< AA:ED:00:00:00:00:00:ED
[14:40:26][I][uart0:064]: <<< AA:FA:22:00:46:05:F8:02:00:FE:FF:FF:28:05:00:B2
AA:CA:46:05:0D:05:CB:01:20:00:64:00:56:00:00:59
AA:DA:00:00:00:00:EE:11:5E:0A:00:00:2E:04:02:59
AA:FA:22:00:46:05:F8:02:00:FE:FF:FF:28:05:00:B2
AA:CA:46:05:0D:05:CB:01:20:00:64:00:56:00:00:59
AA:DA:00:00:00:00:EE:11:5E:0A:00:00:2E:04:02:59
AA:FA:22:00:46:05:F8:02:00:FD:FF:FF:28:05:00:B1
AA:CA:46:05:0D:05:CB:01
[14:40:27][I][uart0:064]: <<< 20:00:64:00:81:00:00:8E
AA:DA:00:00:00:00:EE:11:5E:09:00:00:2E:04:02:5A
AA:FA:22:00:46:05:F8:02:00:FD:FF:FF:28:05:00:B1
AA:CA:46:05:0D:05:CB:01:20:00:64:00:81:00:00:8E
AA:DA:00:00:00:00:EE:11:5E:09:00:00:2E:04:02:5A
AA:FA:22:00:46:05:F8:02:00:FD:FF:FF:28:05:00:B1
AA:CA:46:05:0D:05:CB:01:20:00:64:00:81:00:00:8E
AA:DA:00:00:00:00:EE:11:5E:0A:00:00:2E:04:02:59
[14:40:28][I][uart0:064]: <<< AA:FA:22:00:46:05:F8:02:00:FD:FF:FF:28:05:00:B1
[14:40:29][I][uart0:064]: <<< AA:CA:46:05:0D:05:CB:01:20:00:64:00:56:00:00:59
[14:40:30][I][uart0:064]: <<< AA:DA:00:00:00:00:EE:11:5E:0A:00:00:2E:04:02:59
[14:40:30][E][uart1:093]: <<< AA:ED:00:00:00:00:00:ED
[14:40:31][I][uart0:064]: <<< AA:FA:22:00:46:05:F8:02:00:FD:FF:FF:28:05:00:B1
AA:CA:46:05:0D:05:CB:01:20:00:64:00:81:00:00:8E
AA:DA:00:00:00:00:EE:11:5E:0A:00:00:2E:04:02:59
AA:FA:22:00:46:05:F8:02:00:FD:FF:FF:28:05:00:B1
AA:CA:46:05:0D:05:CB:01:20:00:64:00:56:00:00:59
AA:DA:00:00:00:00:EE:11:5E:0A:00:00:2E:04:02:59
AA:FA:22:00:46:05:F8:02:00:FE:FF:FF:28:05:00:B2
AA:CA:46:05:0D:05:CB:01
[14:40:32][I][uart0:064]: <<< 20:00:64:00:56:00:00:59
AA:DA:00:00:00:00:EE:11:5E:0A:00:00:2E:04:02:59
AA:FA:22:00:46:05:F8:02:00:FE:FF:FF:28:05:00:B2
AA:CA:46:05:0D:05:CB:01:20:00:64:00:56:00:00:59
AA:DA:00:00:00:00:EE:11:5E:09:00:00:2E:04:02:5A
AA:FA:22:00:46:05:F8:02:00:FE:FF:FF:28:05:00:B2
