# 460 ah, typ 47, 10.5v, 101%, 30%, 100% brightness

[14:51:58][I][uart0:064]: <<< AA:DA:00:00:00:00:EE:11:5E:0A:00:00:2E:04:02:59
[14:51:59][I][uart0:064]: <<< AA:FA:22:00:00:00:F0:02:00:05:00:00:28:D0:00:D7
[14:52:00][I][uart0:064]: <<< AA:CA:38:05:11:05:CB:01:20:00:64:00:28:FF:FF:45
[14:52:01][I][uart0:064]: <<< AA:DA:00:00:00:00:EE:11:5E:0A:00:00:2E:04:02:59
[14:52:02][I][uart0:064]: <<< AA:FA:22:00:00:00:F0:02:00:05:00:00:28:D0:00:D7
[14:52:02][I][uart0:064]: <<< AA:CA:38:05:11:05:CB:01:20:00:64:00:28:FF:FF:45
[14:52:03][I][uart0:064]: <<< AA:DA:00:00:00:00:EE:11:5E:0A:00:00:2E:04:02:59
[14:52:04][E][uart1:093]: <<< AA:ED:00:00:00:00:00:ED
[14:52:05][I][uart0:064]: <<< AA:FA:22:00:00:00:F0:02:00:04:00:00:28:D0:00:D6
[14:52:05][I][uart0:064]: <<< AA:CA:38:05:11:05:CB:01:20:00:64:00:53:FF:FF:3E
[14:52:05][I][uart0:064]: <<< AA:DA:00:00:00:00:EE:11:5E:0A:00:00:2E:04:02:59
[14:52:05][I][uart0:064]: <<< AA:FA:22:00:00:00:F0:02:00:05:00:00:28:D0:00:D7
[14:52:05][I][uart0:064]: <<< AA:CA:3C:05:11:05:CB:01:20:00:64:00:28:FF:FF:41
[14:52:05][I][uart0:064]: <<< AA:DA:00:00:00:00:EE:11:5E:0A:00:00:2E:04:02:59
[14:52:05][I][uart0:064]: <<< AA:FA:22:00:00:00:F0:02:00:05:00:00:28:D0:00:D7
[14:52:05][I][uart0:064]: <<< AA:CA:38:05:11:05:CB:01:20:00:64:00:28:FF:FF:45
[14:52:05][I][uart0:064]: <<< AA:DA:00:00:00:00:EE:11:5E:0A:00:00:2E:04:02:59
[14:52:05][I][uart0:064]: <<< AA:FA:22:00:00:00:F0:02:00:04:00:00:28:D0:00:D6
[14:52:05][I][uart0:064]: <<< AA:CA:38:05:11:05:CB:01:20:00:64:00:53:FF:FF:3E
[14:52:05][I][uart0:064]: <<< AA:DA:00:00:00:00:EE:11:5E:0A:00:00:2E:04:02:59
[14:52:05][I][uart0:064]: <<< AA:FA:22:00:00:00:F2:02:00:04:00:00:28:D0:00:D4
[14:52:05][I][uart0:064]: <<< AA:CA:38:05:11:05:CB:01:20:00:64:00:53:FF:FF:3E
[14:52:05][I][uart0:064]: <<< AA:DA:00:00:00:00:EE:11:5E:09:00:00:2E:04:02:5A
[14:52:07][I][uart0:064]: <<< AA:FA:22:00:00:00:F0:02:00:04:00:00:28:D0:00:D6
[14:52:07][I][uart0:064]: <<< AA:CA:3C:05:11:05:CB:01:20:00:64:00:53:FF:FF:3A
[14:52:07][I][uart0:064]: <<< AA:DA:00:00:00:00:EE:11:5E:09:00:00:2E:04:02:5A
[14:52:08][I][uart0:064]: <<< AA:FA:22:00:00:00:F0:02:00:04:00:00:28:D0:00:D6
[14:52:09][I][uart0:064]: <<< AA:CA:38:05:11:05:CB:01:20:00:64:00:53:FF:FF:3E
[14:52:10][I][uart0:064]: <<< AA:DA:00:00:00:00:EE:11:5E:0A:00:00:2E:04:02:59
[14:52:10][I][uart0:064]: <<< AA:FA:22:00:00:00:F0:02:00:04:00:00:28:D0:00:D6
[14:52:11][I][uart0:064]: <<< AA:CA:38:05:11:05:CB:01:20:00:64:00:53:FF:FF:3E
[14:52:12][I][uart0:064]: <<< AA:DA:00:00:00:00:EE:11:5E:0A:00:00:2E:04:02:59
[14:52:13][I][uart0:064]: <<< AA:FA:22:00:00:00:F0:02:00:04:00:00:28:D0:00:D6
[14:52:13][E][uart1:093]: <<< AA:ED:00:00:00:00:00:ED
[14:52:15][I][uart0:064]: <<< AA:CA:38:05:11:05:CB:01:20:00:64:00:53:FF:FF:3E
[14:52:15][I][uart0:064]: <<< AA:DA:00:00:00:00:EE:11:5E:0A:00:00:2E:04:02:59
[14:52:15][I][uart0:064]: <<< AA:FA:22:00:00:00:F0:02:00:04:00:00:28:D0:00:D6
[14:52:15][I][uart0:064]: <<< AA:CA:38:05:11:05:CB:01:20:00:64:00:53:FF:FF:3E
[14:52:15][I][uart0:064]: <<< AA:DA:00:00:00:00:EE:11:5E:0A:00:00:2E:04:02:59
[14:52:15][I][uart0:064]: <<< AA:FA:22:00:00:00:F0:02:00:04:00:00:28:D0:00:D6
[14:52:15][I][uart0:064]: <<< AA:CA:38:05:11:05:CB:01:20:00:64:00:53:FF:FF:3E
[14:52:15][I][uart0:064]: <<< AA:DA:00:00:00:00:EE:11:5E:0A:00:00:2E:04:02:59
[14:52:16][I][uart0:064]: <<< AA:FA:22:00:00:00:F0:02:00:04:00:00:28:D0:00:D6
[14:52:16][I][uart0:064]: <<< AA:CA:38:05:11:05:CB:01:20:00:64:00:53:FF:FF:3E
[14:52:16][I][uart0:064]: <<< AA:DA:00:00:00:00:EE:11:5E:09:00:00:2E:04:02:5A
[14:52:16][I][uart0:064]: <<< AA:FA:22:00:00:00:F0:02:00:04:00:00:28:D0:00:D6
[14:52:16][I][uart0:064]: <<< AA:CA:3C:05:11:05:CB:01:20:00:64:00:53:FF:FF:3A
[14:52:16][I][uart0:064]: <<< AA:DA:00:00:00:00:EE:11:5E:09:00:00:2E:04:02:5A
[14:52:16][I][uart0:064]: <<< AA:FA:22:00:00:00:F2:02:00:04:00:00:28:D0:00:D4
[14:52:16][I][uart0:064]: <<< AA:CA:38:05:11:05:CB:01:20:00:64:00:53:FF:FF:3E
[14:52:17][I][uart0:064]: <<< AA:DA:00:00:00:00:EE:11:5E:0A:00:00:2E:04:02:59
[14:52:18][I][uart0:064]: <<< AA:FA:22:00:00:00:F0:02:00:04:00:00:28:D0:00:D6
[14:52:18][E][uart1:093]: <<< AA:ED:00:00:00:00:00:ED
[14:52:19][I][uart0:064]: <<< AA:CA:38:05:11:05:CB:01:20:00:64:00:53:FF:FF:3E
[14:52:20][I][uart0:064]: <<< AA:DA:00:00:00:00:EE:11:5E:0A:00:00:2E:04:02:59
[14:52:20][I][uart0:064]: <<< AA:FA:22:00:00:00:F0:02:00:04:00:00:28:D0:00:D6
[14:52:20][I][uart0:064]: <<< AA:CA:3C:05:11:05:CB:01:20:00:64:00:53:FF:FF:3A
[14:52:20][I][uart0:064]: <<< AA:DA:00:00:00:00:EE:11:5E:09:00:00:2E:04:02:5A
[14:52:20][I][uart0:064]: <<< AA:FA:22:00:00:00:F0:02:00:04:00:00:28:D0:00:D6
[14:52:20][I][uart0:064]: <<< AA:CA:3C:05:11:05:CB:01:20:00:64:00:28:FF:FF:41
[14:52:20][I][uart0:064]: <<< AA:DA:00:00:00:00:EE:11:5E:0A:00:00:2E:04:02:59
[14:52:21][I][uart0:064]: <<< AA:FA:22:00:00:00:F0:02:00:05:00:00:28:D0:00:D7
[14:52:21][I][uart0:064]: <<< AA:CA:3C:05:11:05:CB:01:20:00:64:00:28:FF:FF:41
[14:52:21][I][uart0:064]: <<< AA:DA:00:00:00:00:EE:11:5E:0A:00:00:2E:04:02:59
[14:52:21][I][uart0:064]: <<< AA:FA:22:00:00:00:F2:02:00:05:00:00:28:D0:00:D5
[14:52:21][I][uart0:064]: <<< AA:CA:38:05:11:05:CB:01:20:00:64:00:53:FF:FF:3E
[14:52:21][I][uart0:064]: <<< AA:DA:00:00:00:00:EE:11:5E:0A:00:00:2E:04:02:59
[14:52:21][I][uart0:064]: <<< AA:FA:22:00:00:00:F0:02:00:04:00:00:28:D0:00:D6
[14:52:21][I][uart0:064]: <<< AA:CA:38:05:11:05:CB:01:20:00:64:00:53:FF:FF:3E
[14:52:22][I][uart0:064]: <<< AA:DA:00:00:00:00:EE:11:5E:0A:00:00:2E:04:02:59
[14:52:23][I][uart0:064]: <<< AA:FA:22:00:00:00:F0:02:00:03:00:00:28:D0:00:D1
[14:52:24][E][uart1:093]: <<< AA:ED:00:00:00:00:00:ED
[14:52:25][I][uart0:064]: <<< AA:CA:38:05:11:05:CB:01:20:00:64:00:7F:FF:FF:12
[14:52:25][I][uart0:064]: <<< AA:DA:00:00:00:00:EE:11:5E:0A:00:00:2E:04:02:59
[14:52:25][I][uart0:064]: <<< AA:FA:22:00:00:00:F0:02:00:03:00:00:28:D0:00:D1
[14:52:25][I][uart0:064]: <<< AA:CA:38:05:11:05:CB:01:20:00:64:00:7F:FF:FF:12
[14:52:25][I][uart0:064]: <<< AA:DA:00:00:00:00:EE:11:5E:0A:00:00:2E:04:02:59
[14:52:25][I][uart0:064]: <<< AA:FA:22:00:00:00:F0:02:00:04:00:00:28:D0:00:D6
[14:52:25][I][uart0:064]: <<< AA:CA:38:05:11:05:CB:01:20:00:64:00:53:FF:FF:3E
[14:52:26][I][uart0:064]: <<< AA:DA:00:00:00:00:EE:11:5E:0A:00:00:2E:04:02:59
[14:52:26][I][uart0:064]: <<< AA:FA:22:00:00:00:F0:02:00:04:00:00:28:D0:00:D6
[14:52:26][I][uart0:064]: <<< AA:CA:38:05:11:05:CB:01:20:00:64:00:53:FF:FF:3E
[14:52:26][I][uart0:064]: <<< AA:DA:00:00:00:00:EE:11:5E:0A:00:00:2E:04:02:59
[14:52:26][I][uart0:064]: <<< AA:FA:22:00:00:00:F0:02:00:03:00:00:28:D0:00:D1
[14:52:26][I][uart0:064]: <<< AA:CA:3C:05:11:05:CB:01:20:00:64:00:7F:FF:FF:16
[14:52:26][I][uart0:064]: <<< AA:DA:00:00:00:00:EE:11:5E:09:00:00:2E:04:02:5A
[14:52:26][I][uart0:064]: <<< AA:FA:22:00:00:00:F0:02:00:03:00:00:28:D0:00:D1
[14:52:27][I][uart0:064]: <<< AA:CA:38:05:11:05:CB:01:20:00:64:00:53:FF:FF:3E
[14:52:28][I][uart0:064]: <<< AA:DA:00:00:00:00:EE:11:5E:0A:00:00:2E:04:02:59
[14:52:29][E][uart1:093]: <<< AA:ED:00:00:00:00:00:ED
[14:52:30][I][uart0:064]: <<< AA:FA:22:00:00:00:F0:02:00:04:00:00:28:D0:00:D6
[14:52:30][I][uart0:064]: <<< AA:CA:38:05:11:05:CB:01:20:00:64:00:53:FF:FF:3E
[14:52:30][I][uart0:064]: <<< AA:DA:00:00:00:00:EE:11:5E:0A:00:00:2E:04:02:59
[14:52:30][I][uart0:064]: <<< AA:FA:22:00:00:00:F2:02:00:04:00:00:28:D0:00:D4
[14:52:30][I][uart0:064]: <<< AA:CA:38:05:11:05:CB:01:20:00:64:00:53:FF:FF:3E
[14:52:30][I][uart0:064]: <<< AA:DA:00:00:00:00:EE:11:5E:0A:00:00:2E:04:02:59
[14:52:30][I][uart0:064]: <<< AA:FA:22:00:00:00:F2:02:00:04:00:00:28:D0:00:D4
[14:52:31][I][uart0:064]: <<< AA:CA:38:05:11:05:CB:01:20:00:64:00:53:FF:FF:3E
[14:52:31][I][uart0:064]: <<< AA:DA:00:00:00:00:EE:11:5E:09:00:00:2E:04:02:5A
[14:52:31][I][uart0:064]: <<< AA:FA:22:00:00:00:F0:02:00:04:00:00:28:D0:00:D6
[14:52:31][I][uart0:064]: <<< AA:CA:38:05:11:05:CB:01:20:00:64:00:53:FF:FF:3E
[14:52:31][I][uart0:064]: <<< AA:DA:00:00:00:00:EE:11:5E:09:00:00:2E:04:02:5A
[14:52:31][I][uart0:064]: <<< AA:FA:22:00:00:00:F0:02:00:04:00:00:28:D0:00:D6
[14:52:31][I][uart0:064]: <<< AA:CA:38:05:11:05:CB:01:20:00:64:00:53:FF:FF:3E
[14:52:31][I][uart0:064]: <<< AA:DA:00:00:00:00:EE:11:5E:0A:00:00:2E:04:02:59
[14:52:32][I][uart0:064]: <<< AA:FA:22:00:00:00:F0:02:00:04:00:00:28:D0:00:D6
[14:52:32][I][uart0:064]: <<< AA:CA:3C:05:11:05:CB:01:20:00:64:00:7F:FF:FF:16
[14:52:32][I][uart0:064]: <<< AA:DA:00:00:00:00:EE:11:5E:0A:00:00:2E:04:02:59
[14:52:32][I][uart0:064]: <<< AA:FA:22:00:00:00:F0:02:00:03:00:00:28:D0:00:D1
[14:52:32][I][uart0:064]: <<< AA:CA:38:05:11:05:CB:01:20:00:64:00:7F:FF:FF:12
[14:52:33][I][uart0:064]: <<< AA:DA:00:00:00:00:EE:11:5E:0A:00:00:2E:04:02:59
[14:52:34][E][uart1:093]: <<< AA:ED:00:00:00:00:00:ED
[14:52:35][I][uart0:064]: <<< AA:FA:22:00:00:00:F0:02:00:06:00:00:28:D0:00:D4
[14:52:35][I][uart0:064]: <<< AA:CA:38:05:0A:05:CB:01:20:00:64:00:FD:FE:FF:8A
[14:52:35][I][uart0:064]: <<< AA:DA:00:00:00:00:EE:11:5E:0A:00:00:2E:04:02:59
[14:52:35][I][uart0:064]: <<< AA:FA:22:00:00:00:F0:02:00:05:00:00:28:D0:00:D7
[14:52:35][I][uart0:064]: <<< AA:CA:38:05:0D:05:CB:01:20:00:64:00:28:FF:FF:59
[14:52:35][I][uart0:064]: <<< AA:DA:00:00:00:00:EE:11:5E:0A:00:00:2E:04:02:59
[14:52:35][I][uart0:064]: <<< AA:FA:22:00:00:00:F0:02:00:05:00:00:28:D0:00:D7
[14:52:36][I][uart0:064]: <<< AA:CA:3C:05:0D:05:CB:01:20:00:64:00:28:FF:FF:5D
[14:52:36][I][uart0:064]: <<< AA:DA:00:00:00:00:EE:11:5E:0A:00:00:2E:04:02:59
[14:52:36][I][uart0:064]: <<< AA:FA:22:00:00:00:F0:02:00:05:00:00:28:D0:00:D7
[14:52:36][I][uart0:064]: <<< AA:CA:38:05:0D:05:CB:01:20:00:64:00:28:FF:FF:59
[14:52:36][I][uart0:064]: <<< AA:DA:00:00:00:00:EE:11:5E:0A:00:00:2E:04:02:59
[14:52:36][I][uart0:064]: <<< AA:FA:22:00:00:00:F2:02:00:05:00:00:28:D0:00:D5
[14:52:36][I][uart0:064]: <<< AA:CA:38:05:0D:05:CB:01:20:00:64:00:28:FF:FF:59
[14:52:36][I][uart0:064]: <<< AA:DA:00:00:00:00:EE:11:5E:09:00:00:2E:04:02:5A
[14:52:37][I][uart0:064]: <<< AA:FA:22:00:00:00:F2:02:00:04:00:00:28:D0:00:D4
[14:52:37][I][uart0:064]: <<< AA:CA:38:05:0D:05:CB:01:20:00:64:00:53:FF:FF:22
[14:52:37][I][uart0:064]: <<< AA:DA:00:00:00:00:EE:11:5E:09:00:00:2E:04:02:5A
[14:52:37][I][uart0:064]: <<< AA:FA:22:00:00:00:F0:02:00:04:00:00:28:D0:00:D6
[14:52:38][I][uart0:064]: <<< AA:CA:38:05:0D:05:CB:01:20:00:64:00:28:FF:FF:59
[14:52:39][E][uart1:093]: <<< AA:ED:00:00:00:00:00:ED
[14:52:39][I][uart0:064]: <<< AA:DA:00:00:00:00:EE:11:5E:0A:00:00:2E:04:02:59
[14:52:40][I][uart0:064]: <<< AA:FA:22:00:00:00:F0:02:00:04:00:00:28:D0:00:D6
[14:52:40][I][uart0:064]: <<< AA:CA:38:05:0D:05:CB:01:20:00:64:00:28:FF:FF:59
[14:52:40][I][uart0:064]: <<< AA:DA:00:00:00:00:EE:11:5E:0A:00:00:2E:04:02:59
[14:52:40][I][uart0:064]: <<< AA:FA:22:00:00:00:F0:02:00:05:00:00:28:D0:00:D7
[14:52:40][I][uart0:064]: <<< AA:CA:38:05:0D:05:CB:01:20:00:64:00:28:FF:FF:59
[14:52:40][I][uart0:064]: <<< AA:DA:00:00:00:00:EE:11:5E:0A:00:00:2E:04:02:59
[14:52:40][I][uart0:064]: <<< AA:FA:22:00:00:00:F0:02:00:05:00:00:28:D0:00:D7
[14:52:41][E][uart1:093]: <<< AA:ED:00:00:00:00:00:ED
[14:52:42][I][uart0:064]: <<< AA:DA:00:00:00:00:EE:11:5E:0A:00:00:2E:04:02:59
[14:52:42][I][uart0:064]: <<< AA:FA:22:00:00:00:F0:02:00:05:00:00:28:D0:00:D7
[14:52:42][I][uart0:064]: <<< AA:CA:38:05:0D:05:CB:01:20:00:64:00:28:FF:FF:59
[14:52:42][I][uart0:064]: <<< AA:DA:00:00:00:00:EE:11:5E:09:00:00:2E:04:02:5A
[14:52:42][I][uart0:064]: <<< AA:FA:22:00:00:00:F0:02:00:05:00:00:28:D0:00:D7
[14:52:42][I][uart0:064]: <<< AA:CA:38:05:0D:05:CB:01:20:00:64:00:28:FF:FF:59
[14:52:42][I][uart0:064]: <<< AA:DA:00:00:00:00:EE:11:5E:0A:00:00:2E:04:02:59
[14:52:42][E][uart1:093]: <<< AA:ED:00:00:00:00:00:ED
[14:52:43][I][uart0:064]: <<< AA:FA:22:00:00:00:F0:02:00:05:00:00:28:D0:00:D7
[14:52:43][I][uart0:064]: <<< AA:CA:38:05:0D:05:CB:01:20:00:64:00:28:FF:FF:59
[14:52:43][I][uart0:064]: <<< AA:DA:00:00:00:00:EE:11:5E:09:00:00:2E:04:02:5A
[14:52:43][I][uart0:064]: <<< AA:FA:22:00:00:00:F0:02:00:05:00:00:28:D0:00:D7
[14:52:43][I][uart0:064]: <<< AA:CA:38:05:0D:05:CB:01:20:00:64:00:28:FF:FF:59
[14:52:43][I][uart0:064]: <<< AA:DA:00:00:00:00:EE:11:5E:0A:00:00:2E:04:02:59
[14:52:43][I][uart0:064]: <<< AA:FA:22:00:00:00:F0:02:00:05:00:00:28:D0:00:D7
[14:52:43][I][uart0:064]: <<< AA:CA:3C:05:0D:05:CB:01:20:00:64:00:28:FF:FF:5D
[14:52:43][E][uart1:093]: <<< AA:ED:00:00:00:00:00:ED
[14:52:44][I][uart0:064]: <<< AA:DA:00:00:00:00:EE:11:5E:0A:00:00:2E:04:02:59
[14:52:44][I][uart0:064]: <<< AA:FA:22:00:00:00:F0:02:00:05:00:00:28:D0:00:D7
[14:52:44][I][uart0:064]: <<< AA:CA:38:05:0D:05:CB:01:20:00:64:00:28:FF:FF:59
[14:52:44][I][uart0:064]: <<< AA:DA:00:00:00:00:EE:11:5E:0A:00:00:2E:04:02:59
[14:52:44][I][uart0:064]: <<< AA:FA:22:00:00:00:F0:02:00:05:00:00:28:D0:00:D7
[14:52:44][I][uart0:064]: <<< AA:CA:38:05:0D:05:CB:01:20:00:64:00:28:FF:FF:59
[14:52:44][I][uart0:064]: <<< AA:DA:00:00:00:00:EE:11:5E:0A:00:00:2E:04:02:59
[14:52:44][E][uart1:093]: <<< AA:ED:00:00:00:00:00:ED
[14:52:45][I][uart0:064]: <<< AA:FA:22:00:00:00:F0:02:00:05:00:00:28:D0:00:D7
[14:52:45][I][uart0:064]: <<< AA:CA:38:05:0D:05:CB:01:20:00:64:00:28:FF:FF:59
[14:52:45][I][uart0:064]: <<< AA:DA:00:00:00:00:EE:11:5E:09:00:00:2E:04:02:5A
[14:52:45][I][uart0:064]: <<< AA:FA:22:00:00:00:F2:02:00:05:00:00:28:D0:00:D5
[14:52:45][I][uart0:064]: <<< AA:CA:38:05:0D:05:CB:01:20:00:64:00:28:FF:FF:59
[14:52:45][I][uart0:064]: <<< AA:DA:00:00:00:00:EE:11:5E:09:00:00:2E:04:02:5A
[14:52:45][I][uart0:064]: <<< AA:FA:22:00:00:00:F0:02:00:05:00:00:28:D0:00:D7
[14:52:45][I][uart0:064]: <<< AA:CA:3C:05:0D:05:CB:01:20:00:64:00:28:FF:FF:5D
[14:52:45][E][uart1:093]: <<< AA:ED:00:00:00:00:00:ED
[14:52:46][E][uart1:093]: <<< AA:ED:48:82:12:00:00:35:AA:ED:F8:11:13:00:00:17
[14:52:46][I][uart0:064]: <<< AA:DA:00:00:00:00:EE:11:5E:09:00:00:2E:04:02:5A
[14:52:46][I][uart0:064]: <<< AA:FA:22:00:00:00:F0:02:00:05:00:00:28:D0:00:D7
[14:52:46][I][uart0:064]: <<< AA:CA:38:05:0D:05:CB:01:20:00:64:00:28:FF:FF:59
[14:52:46][I][uart0:064]: <<< AA:DA:00:00:00:00:EE:11:5E:0A:00:00:2E:04:02:59
[14:52:46][I][uart0:064]: <<< AA:FA:22:00:00:00:F0:02:00:05:00:00:28:D0:00:D7
[14:52:46][I][uart0:064]: <<< AA:CA:38:05:0D:05:CB:01:20:00:64:00:28:FF:FF:59
[14:52:47][I][uart0:064]: <<< AA:FA:22:00:46:05:00:00:00:00:00:00:28:05:00:B6
[14:52:46][I][uart0:064]: <<< AA:CA:38:05:0D:05:00:00:00:00:00:00:00:00:00:FF
[14:52:46][I][uart0:064]: <<< AA:DA:00:00:00:00:F8:11:B0:77:00:00:2E:04:02:DC
[14:52:47][E][uart1:093]: <<< AA:ED:F8:11:13:00:00:17
[14:52:48][I][uart0:064]: <<< AA:FA:22:00:46:05:00:00:00:00:00:00:28:05:00:B6:AA:39:09:8D:41:80:80:80:80:EA:AA:3B:80:80:91:BB:01:80:09:82:FF
[14:52:48][E][uart1:093]: <<< AA:ED:00:00:00:00:00:ED
[14:52:49][E][uart1:093]: <<< AA:ED:00:00:00:00:00:ED
[14:52:50][E][uart1:093]: <<< AA:ED:00:00:00:00:00:ED
[14:52:51][I][uart0:064]: <<< AA:BF:02:80:F0:20:85:80:09:07:D7:AA:39:2A:8D:41:80:04:80:A8:FF:9C:CD:07:80:80:91:D5:01:80:09:82:FC
[14:52:51][E][uart1:093]: <<< AA:ED:00:00:00:00:00:ED
[14:52:52][E][uart1:093]: <<< AA:ED:00:00:00:00:00:ED
[14:52:53][E][uart1:093]: <<< AA:ED:00:00:00:00:00:ED
[14:52:53][I][uart0:064]: <<< AA:FA:22:00:00:00:F0:02:00:04:00:00:28:D0:00:D6
[14:52:53][I][uart0:064]: <<< AA:CA:38:05:0D:05:CC:01:20:00:64:00:28:FF:FF:5E
[14:52:53][I][uart0:064]: <<< AA:DA:00:00:00:00:F8:11:5E:0A:00:00:2E:04:02:4F
[14:52:54][E][uart1:093]: <<< AA:ED:00:00:00:00:00:ED
[14:52:55][I][uart0:064]: <<< AA:FA:22:00:00:00:F0:02:00:05:00:00:28:D0:00:D7
[14:52:55][I][uart0:064]: <<< AA:CA:38:05:0D:05:CC:01:20:00:64:00:28:FF:FF:5E
[14:52:55][I][uart0:064]: <<< AA:DA:00:00:00:00:F8:11:5E:0A:00:00:2E:04:02:4F
[14:52:55][I][uart0:064]: <<< AA:FA:22:00:00:00:F0:02:00:05:00:00:28:D0:00:D7
[14:52:55][I][uart0:064]: <<< AA:CA:38:05:0D:05:CC:01:20:00:64:00:28:FF:FF:5E
[14:52:55][I][uart0:064]: <<< AA:DA:00:00:00:00:F8:11:5E:0A:00:00:2E:04:02:4F
[14:52:55][I][uart0:064]: <<< AA:FA:22:00:00:00:F0:02:00:05:00:00:28:D0:00:D7
[14:52:55][E][uart1:093]: <<< AA:ED:48:82:12:00:00:35:AA:ED:2F:00:14:00:00:D6:AA:ED:2F:00:01:00:00:C3
[14:52:55][I][uart0:064]: <<< AA:FA:2F:00:50:05:00:00:00:00:00:00:28:05:00:AD:AA:39:09:8D:41:80:80:80:80:EA:AA:3B:80:80:91:BB:01:80:09:82:F7
[14:52:56][E][uart1:093]: <<< AA:ED:00:00:00:00:00:ED
[14:52:57][E][uart1:093]: <<< AA:ED:00:00:00:00:00:ED
[14:52:58][E][uart1:093]: <<< AA:ED:00:00:00:00:00:ED
[14:52:58][I][uart0:064]: <<< AA:BF:09:80:F0:20:85:80:09:07:DA:AA:39:2A:8D:41:80:05:80:A8:FF:98:CD:07:80:80:91:A9:01:80:09:82:D7
[14:52:59][E][uart1:093]: <<< AA:ED:00:00:00:00:00:ED
[14:53:00][E][uart1:093]: <<< AA:ED:00:00:00:00:00:ED
[14:53:01][E][uart1:093]: <<< AA:ED:00:00:00:00:00:ED
[14:53:01][I][uart0:064]: <<< AA:FA:2F:00:00:00:F0:02:00:04:00:00:28:D0:00:DB
[14:53:01][I][uart0:064]: <<< AA:CA:38:05:0D:05:CC:01:20:00:64:00:53:FF:FF:25
[14:53:01][I][uart0:064]: <<< AA:DA:00:00:00:00:F8:11:5E:09:00:00:2F:04:02:4D
[14:53:02][E][uart1:093]: <<< AA:ED:00:00:00:00:00:ED
[14:53:02][I][uart0:064]: <<< AA:FA:2F:00:00:00:F0:02:00:05:00:00:28:D0:00:DA
[14:53:02][I][uart0:064]: <<< AA:CA:38:05:0D:05:CC:01:20:00:64:00:28:FF:FF:5E
[14:53:02][I][uart0:064]: <<< AA:DA:00:00:00:00:F8:11:5E:09:00:00:2F:04:02:4D
[14:53:02][I][uart0:064]: <<< AA:FA:2F:00:00:00:F2:02:00:05:00:00:28:D0:00:D8
[14:53:02][I][uart0:064]: <<< AA:CA:38:05:0D:05:CC:01:20:00:64:00:28:FF:FF:5E
[14:53:02][I][uart0:064]: <<< AA:DA:00:00:00:00:F8:11:5E:09:00:00:2F:04:02:4D
[14:53:02][I][uart0:064]: <<< AA:FA:2F:00:00:00:F0:02:00:05:00:00:28:D0:00:DA
[14:53:02][I][uart0:064]: <<< AA:CA:3C:05:0D:05:CC:01:20:00:64:00:28:FF:FF:5A
[14:53:03][E][uart1:093]: <<< AA:ED:00:00:00:00:00:ED
[14:53:03][I][uart0:064]: <<< AA:DA:00:00:00:00:F8:11:5E:0A:00:00:2F:04:02:4E
[14:53:03][I][uart0:064]: <<< AA:FA:2F:00:00:00:F0:02:00:04:00:00:28:D0:00:DB
[14:53:03][I][uart0:064]: <<< AA:CA:38:05:0D:05:CC:01:20:00:64:00:53:FF:FF:25
[14:53:03][I][uart0:064]: <<< AA:DA:00:00:00:00:F8:11:5E:0A:00:00:2F:04:02:4E
[14:53:03][I][uart0:064]: <<< AA:FA:2F:00:00:00:F0:02:00:04:00:00:28:D0:00:DB
[14:53:03][I][uart0:064]: <<< AA:CA:38:05:0D:05:CC:01:20:00:64:00:53:FF:FF:25
[14:53:03][I][uart0:064]: <<< AA:DA:00:00:00:00:F8:11:5E:09:00:00:2F:04:02:4D
[14:53:04][E][uart1:093]: <<< AA:ED:00:00:00:00:00:ED
[14:53:04][I][uart0:064]: <<< AA:FA:2F:00:00:00:F2:02:00:04:00:00:28:D0:00:D9
[14:53:04][I][uart0:064]: <<< AA:CA:38:05:0D:05:CC:01:20:00:64:00:53:FF:FF:25
[14:53:04][I][uart0:064]: <<< AA:DA:00:00:00:00:F8:11:5E:0A:00:00:2F:04:02:4E
[14:53:04][I][uart0:064]: <<< AA:FA:2F:00:00:00:F0:02:00:04:00:00:28:D0:00:DB
[14:53:04][I][uart0:064]: <<< AA:CA:38:05:0D:05:CC:01:20:00:64:00:53:FF:FF:25
[14:53:04][I][uart0:064]: <<< AA:DA:00:00:00:00:F8:11:5E:09:00:00:2F:04:02:4D
[14:53:04][I][uart0:064]: <<< AA:FA:2F:00:00:00:F0:02:00:04:00:00:28:D0:00:DB
[14:53:05][I][uart0:064]: <<< AA:CA:38:05:0D:05:CC:01:20:00:64:00:53:FF:FF:25
[14:53:05][E][uart1:093]: <<< AA:ED:00:00:00:00:00:ED
[14:53:06][E][uart1:093]: <<< AA:ED:00:00:00:00:00:ED
[14:53:06][I][uart0:064]: <<< AA:DA:00:00:00:00:F8:11:5E:0A:00:00:2F:04:02:4E
[14:53:06][I][uart0:064]: <<< AA:FA:2F:00:00:00:F0:02:00:04:00:00:28:D0:00:DB
[14:53:06][I][uart0:064]: <<< AA:CA:38:05:0D:05:CC:01:20:00:64:00:53:FF:FF:25
[14:53:06][I][uart0:064]: <<< AA:DA:00:00:00:00:F8:11:5E:09:00:00:2F:04:02:4D
[14:53:06][I][uart0:064]: <<< AA:FA:2F:00:00:00:F0:02:00:04:00:00:28:D0:00:DB
[14:53:06][I][uart0:064]: <<< AA:CA:38:05:0D:05:CC:01:20:00:64:00:53:FF:FF:25
[14:53:06][I][uart0:064]: <<< AA:DA:00:00:00:00:F8:11:5E:09:00:00:2F:04:02:4D
[14:53:07][E][uart1:093]: <<< AA:ED:00:00:00:00:00:ED
[14:53:07][I][uart0:064]: <<< AA:FA:2F:00:00:00:F0:02:00:05:00:00:28:D0:00:DA
AA:CA:38:05:0D:05:CC:01:20:00:64:00:28:FF:FF:5E
AA:DA:00:00:00:00:F8:11:5E:09:00:00:2F:04:02:4D
AA:FA:2F:00:00:00:F0:02:00:05:00:00:28:D0:00:DA
AA:CA:38:05:0D:05:CC:01:20:00:64:00:28:FF:FF:5E
AA:DA:00:00:00:00:F8:11:5E:0A:00:00:2F:04:02:4E
AA:FA:2F:00:00:00:F0:02:00:05:00:00:28:D0:00:DA
AA:CA:38:05:0D:05:CC:01
[14:53:08][E][uart1:093]: <<< AA:ED:00:00:00:00:00:ED
[14:53:08][I][uart0:064]: <<< 20:00:64:00:28:FF:FF:5E
AA:DA:00:00:00:00:F8:11:5E:09:00:00:2F:04:02:4D
AA:FA:2F:00:00:00:F0:02:00:05:00:00:28:D0:00:DA
AA:CA:38:05:0D:05:CC:01:20:00:64:00:28:FF:FF:5E
AA:DA:00:00:00:00:F8:11:5E:0A:00:00:2F:04:02:4E
AA:FA:2F:00:00:00:F0:02:00:04:00:00:28:D0:00:DB
AA:CA:38:05:0D:05:CC:01:20:00:64:00:53:FF:FF:25
AA:DA:00:00:00:00:F8:11:5E:0A:00:00:2F:04:02:4E
[14:53:08][E][uart1:093]: <<< AA:ED:00:00:00:00:00:ED
[14:53:09][I][uart0:064]: <<< AA:FA:2F:00:00:00:F0:02:00:04:00:00:28:D0:00:DB
AA:CA:3C:05:0D:05:CC:01:20:00:64:00:53:FF:FF:21
AA:DA:00:00:00:00:F8:11:5E:09:00:00:2F:04:02:4D
AA:FA:2F:00:00:00:F0:02:00:04:00:00:28:D0:00:DB
AA:CA:38:05:0D:05:CC:01:20:00:64:00:53:FF:FF:25
AA:DA:00:00:00:00:F8:11:5E:0A:00:00:2F:04:02:4E
AA:FA:2F:00:00:00:F0:02:00:04:00:00:28:D0:00:DB
AA:CA:38:05:0A:05:CC:01
[14:53:09][E][uart1:093]: <<< AA:ED:00:00:00:00:00:ED
[14:53:10][I][uart0:064]: <<< 20:00:64:00:53:FF:FF:22
AA:DA:00:00:00:00:F8:11:5E:09:00:00:2F:04:02:4D
AA:FA:2F:00:00:00:F0:02:00:04:00:00:28:D0:00:DB
AA:CA:38:05:0D:05:CC:01:20:00:64:00:7F:FF:FF:09
AA:DA:00:00:00:00:F8:11:5E:0A:00:00:2F:04:02:4E
AA:FA:2F:00:00:00:F0:02:00:03:00:00:28:D0:00:DC
AA:CA:38:05:0A:05:CC:01:20:00:64:00:7F:FF:FF:0E
AA:DA:00:00:00:00:F8:11:5E:09:00:00:2F:04:02:4D
[14:53:10][E][uart1:093]: <<< AA:ED:00:00:00:00:00:ED
[14:53:11][I][uart0:064]: <<< AA:FA:2F:00:00:00:F0:02:00:03:00:00:28:D0:00:DC
AA:CA:38:05:0D:05:CC:01:20:00:64:00:7F:FF:FF:09
AA:DA:00:00:00:00:F8:11:5E:09:00:00:2F:04:02:4D
AA:FA:2F:00:00:00:F0:02:00:03:00:00:28:D0:00:DC
AA:CA:38:05:0D:05:CC:01:20:00:64:00:7F:FF:FF:09
AA:DA:00:00:00:00:F8:11:5E:0A:00:00:2F:04:02:4E
AA:FA:2F:00:00:00:F0:02:00:03:00:00:28:D0:00:DC
AA:CA:38:05:0A:05:CC:01
[14:53:12][E][uart1:093]: <<< AA:ED:00:00:00:00:00:ED
[14:53:13][I][uart0:064]: <<< 20:00:64:00:7F:FF:FF:0E
AA:DA:00:00:00:00:F8:11:5E:0A:00:00:2F:04:02:4E
AA:FA:2F:00:00:00:F0:02:00:03:00:00:28:D0:00:DC
AA:CA:38:05:0D:05:CC:01:20:00:64:00:7F:FF:FF:09
AA:DA:00:00:00:00:F8:11:5E:0A:00:00:2F:04:02:4E
AA:FA:2F:00:00:00:F0:02:00:03:00:00:28:D0:00:DC
AA:CA:38:05:0D:05:CC:01:20:00:64:00:7F:FF:FF:09
AA:DA:00:00:00:00:F8:11:5E:0A:00:00:2F:04:02:4E
[14:53:13][E][uart1:093]: <<< AA:ED:00:00:00:00:00:ED
[14:53:13][E][uart1:093]: <<< AA:ED:00:00:00:00:00:ED
[14:53:14][I][uart0:064]: <<< AA:FA:2F:00:00:00:F0:02:00:03:00:00:28:D0:00:DC
AA:CA:38:05:0A:05:CC:01:20:00:64:00:7F:FF:FF:0E
AA:DA:00:00:00:00:F8:11:5E:09:00:00:2F:04:02:4D
AA:FA:2F:00:00:00:F0:02:00:03:00:00:28:D0:00:DC
AA:CA:3C:05:0D:05:CC:01:20:00:64:00:7F:FF:FF:0D
AA:DA:00:00:00:00:F8:11:5E:09:00:00:2F:04:02:4D
AA:FA:2F:00:00:00:F0:02:00:04:00:00:28:D0:00:DB
AA:CA:38:05:0A:05:CC:01
[14:53:14][E][uart1:093]: <<< AA:ED:00:00:00:00:00:ED
[14:53:15][I][uart0:064]: <<< 20:00:64:00:53:FF:FF:22
AA:DA:00:00:00:00:F8:11:5E:0A:00:00:2F:04:02:4E
AA:FA:2F:00:00:00:F0:02:00:04:00:00:28:D0:00:DB
AA:CA:38:05:0D:05:CC:01:20:00:64:00:53:FF:FF:25
AA:DA:00:00:00:00:F8:11:5E:09:00:00:2F:04:02:4D
AA:FA:2F:00:00:00:F0:02:00:03:00:00:28:D0:00:DC
AA:CA:38:05:0D:05:CC:01:20:00:64:00:7F:FF:FF:09
AA:DA:00:00:00:00:F8:11:5E:09:00:00:2F:04:02:4D
[14:53:15][E][uart1:093]: <<< AA:ED:00:00:00:00:00:ED
[14:53:16][I][uart0:064]: <<< AA:FA:2F:00:00:00:F2:02:00:03:00:00:28:D0:00:DE
AA:CA:38:05:0D:05:CC:01:20:00:64:00:7F:FF:FF:09
AA:DA:00:00:00:00:F8:11:5E:09:00:00:2F:04:02:4D
AA:FA:2F:00:00:00:F0:02:00:03:00:00:28:D0:00:DC
AA:CA:38:05:0D:05:CC:01:20:00:64:00:7F:FF:FF:09
AA:DA:00:00:00:00:F8:11:5E:0A:00:00:2F:04:02:4E
AA:FA:2F:00:00:00:F0:02:00:03:00:00:28:D0:00:DC
AA:CA:38:05:0A:05:CC:01
[14:53:16][E][uart1:093]: <<< AA:ED:00:00:00:00:00:ED
[14:53:17][I][uart0:064]: <<< 20:00:64:00:7F:FF:FF:0E
AA:DA:00:00:00:00:F8:11:5E:0A:00:00:2F:04:02:4E
AA:FA:2F:00:00:00:F2:02:00:04:00:00:28:D0:00:D9
AA:CA:38:05:0D:05:CC:01:20:00:64:00:53:FF:FF:25
AA:DA:00:00:00:00:F8:11:5E:0A:00:00:2F:04:02:4E
AA:FA:2F:00:00:00:F0:02:00:04:00:00:28:D0:00:DB
AA:CA:38:05:0A:05:CC:01:20:00:64:00:53:FF:FF:22
AA:DA:00:00:00:00:F8:11:5E:0A:00:00:2F:04:02:4E
[14:53:17][E][uart1:093]: <<< AA:ED:00:00:00:00:00:ED
[14:53:18][I][uart0:064]: <<< AA:FA:2F:00:00:00:F0:02:00:04:00:00:28:D0:00:DB
AA:CA:38:05:0A:05:CC:01:20:00:64:00:7F:FF:FF:0E
AA:DA:00:00:00:00:F8:11:5E:09:00:00:2F:04:02:4D
AA:FA:2F:00:00:00:F0:02:00:03:00:00:28:D0:00:DC
AA:CA:38:05:0D:05:CC:01:20:00:64:00:7F:FF:FF:09
AA:DA:00:00:00:00:F8:11:5E:09:00:00:2F:04:02:4D
AA:FA:2F:00:00:00:F0:02:00:03:00:00:28:D0:00:DC
AA:CA:38:05:0A:05:CC:01
[14:53:18][E][uart1:093]: <<< AA:ED:00:00:00:00:00:ED
[14:53:19][E][uart1:093]: <<< AA:ED:00:00:00:00:00:ED
[14:53:20][I][uart0:064]: <<< 20:00:64:00:AA:FF:FF:DB
AA:DA:00:00:00:00:F8:11:5E:0A:00:00:2F:04:02:4E
AA:FA:2F:00:00:00:F0:02:00:02:00:00:28:D0:00:DD
AA:CA:38:05:0D:05:CC:01:20:00:64:00:AA:FF:FF:DC
AA:DA:00:00:00:00:F8:11:5E:09:00:00:2F:04:02:4D
AA:FA:2F:00:00:00:F0:02:00:02:00:00:28:D0:00:DD
AA:CA:38:05:0A:05:CC:01:20:00:64:00:7F:FF:FF:0E
AA:DA:00:00:00:00:F8:11:5E:0A:00:00:2F:04:02:4E
[14:53:20][E][uart1:093]: <<< AA:ED:00:00:00:00:00:ED
[14:53:21][I][uart0:064]: <<< AA:FA:2F:00:00:00:F0:02:00:03:00:00:28:D0:00:DC
AA:CA:38:05:0D:05:CC:01:20:00:64:00:7F:FF:FF:09
AA:DA:00:00:00:00:F8:11:5E:09:00:00:2F:04:02:4D
AA:FA:2F:00:00:00:F0:02:00:03:00:00:28:D0:00:DC
AA:CA:38:05:0A:05:CC:01:20:00:64:00:7F:FF:FF:0E
AA:DA:00:00:00:00:F8:11:5E:09:00:00:2F:04:02:4D
AA:FA:2F:00:00:00:F0:02:00:03:00:00:28:D0:00:DC
AA:CA:38:05:0D:05:CC:01
[14:53:21][E][uart1:093]: <<< AA:ED:00:00:00:00:00:ED
[14:53:22][I][uart0:064]: <<< 20:00:64:00:7F:FF:FF:09
AA:DA:00:00:00:00:F8:11:5E:0A:00:00:2F:04:02:4E
AA:FA:2F:00:00:00:F0:02:00:03:00:00:28:D0:00:DC
AA:CA:38:05:0D:05:CC:01:20:00:64:00:7F:FF:FF:09
AA:DA:00:00:00:00:F8:11:5E:09:00:00:2F:04:02:4D
AA:FA:2F:00:00:00:F0:02:00:03:00:00:28:D0:00:DC
AA:CA:38:05:0A:05:CC:01:20:00:64:00:7F:FF:FF:0E
AA:DA:00:00:00:00:F8:11:5E:0A:00:00:2F:04:02:4E
[14:53:22][E][uart1:093]: <<< AA:ED:00:00:00:00:00:ED
[14:53:23][I][uart0:064]: <<< AA:FA:2F:00:00:00:F0:02:00:03:00:00:28:D0:00:DC
AA:CA:38:05:0A:05:CC:01:20:00:64:00:7F:FF:FF:0E
AA:DA:00:00:00:00:F8:11:5E:0A:00:00:2F:04:02:4E
AA:FA:2F:00:00:00:F0:02:00:03:00:00:28:D0:00:DC
AA:CA:38:05:0D:05:CC:01:20:00:64:00:7F:FF:FF:09
AA:DA:00:00:00:00:F8:11:5E:09:00:00:2F:04:02:4D
AA:FA:2F:00:00:00:F0:02:00:03:00:00:28:D0:00:DC
AA:CA:38:05:0D:05:CC:01
[14:53:23][E][uart1:093]: <<< AA:ED:00:00:00:00:00:ED
[14:53:24][I][uart0:064]: <<< 20:00:64:00:7F:FF:FF:09
AA:DA:00:00:00:00:F8:11:5E:0A:00:00:2F:04:02:4E
AA:FA:2F:00:00:00:F0:02:00:03:00:00:28:D0:00:DC
AA:CA:38:05:0A:05:CC:01:20:00:64:00:7F:FF:FF:0E
AA:DA:00:00:00:00:F8:11:5E:0A:00:00:2F:04:02:4E
AA:FA:2F:00:00:00:F0:02:00:03:00:00:28:D0:00:DC
AA:CA:38:05:0A:05:CC:01:20:00:64:00:7F:FF:FF:0E
AA:DA:00:00:00:00:F8:11:5E:0A:00:00:2F:04:02:4E
[14:53:24][E][uart1:093]: <<< AA:ED:00:00:00:00:00:ED
[14:53:25][E][uart1:093]: <<< AA:ED:00:00:00:00:00:ED
[14:53:26][I][uart0:064]: <<< AA:FA:2F:00:00:00:F0:02:00:03:00:00:28:D0:00:DC
AA:CA:38:05:0A:05:CC:01:20:00:64:00:7F:FF:FF:0E
AA:DA:00:00:00:00:F8:11:5E:0A:00:00:2F:04:02:4E
AA:FA:2F:00:00:00:F0:02:00:03:00:00:28:D0:00:DC
AA:CA:3C:05:0D:05:CC:01:20:00:64:00:7F:FF:FF:0D
AA:DA:00:00:00:00:F8:11:5E:09:00:00:2F:04:02:4D
AA:FA:2F:00:00:00:F0:02:00:03:00:00:28:D0:00:DC
AA:CA:38:05:0A:05:CC:01
[14:53:26][E][uart1:093]: <<< AA:ED:00:00:00:00:00:ED
[14:53:27][I][uart0:064]: <<< 20:00:64:00:7F:FF:FF:0E
AA:DA:00:00:00:00:F8:11:5E:09:00:00:2F:04:02:4D
AA:FA:2F:00:00:00:F0:02:00:03:00:00:28:D0:00:DC
AA:CA:38:05:0A:05:CC:01:20:00:64:00:7F:FF:FF:0E
AA:DA:00:00:00:00:F8:11:5E:0A:00:00:2F:04:02:4E
AA:FA:2F:00:00:00:F0:02:00:04:00:00:28:D0:00:DB
AA:CA:38:05:0A:05:CC:01:20:00:64:00:53:FF:FF:22
AA:DA:00:00:00:00:F8:11:5E:09:00:00:2F:04:02:4D
[14:53:27][E][uart1:093]: <<< AA:ED:00:00:00:00:00:ED
[14:53:28][I][uart0:064]: <<< AA:FA:2F:00:00:00:F0:02:00:04:00:00:28:D0:00:DB
AA:CA:38:05:0A:05:CC:01:20:00:64:00:53:FF:FF:22
AA:DA:00:00:00:00:F8:11:5E:0A:00:00:2F:04:02:4E
AA:FA:2F:00:00:00:F0:02:00:03:00:00:28:D0:00:DC
AA:CA:38:05:0A:05:CC:01:20:00:64:00:7F:FF:FF:0E
AA:DA:00:00:00:00:F8:11:5E:09:00:00:2F:04:02:4D
AA:FA:2F:00:00:00:F0:02:00:03:00:00:28:D0:00:DC
AA:CA:38:05:0D:05:CC:01
[14:53:28][E][uart1:093]: <<< AA:ED:00:00:00:00:00:ED
[14:53:29][I][uart0:064]: <<< 20:00:64:00:7F:FF:FF:09
AA:DA:00:00:00:00:F8:11:5E:09:00:00:2F:04:02:4D
AA:FA:2F:00:00:00:F0:02:00:02:00:00:28:D0:00:DD
AA:CA:38:05:0A:05:CC:01:20:00:64:00:AA:FF:FF:DB
AA:DA:00:00:00:00:F8:11:5E:09:00:00:2F:04:02:4D
AA:FA:2F:00:00:00:F0:02:00:02:00:00:28:D0:00:DD
AA:CA:38:05:0D:05:CC:01:20:00:64:00:AA:FF:FF:DC
AA:DA:00:00:00:00:F8:11:5E:09:00:00:2F:04:02:4D
[14:53:29][E][uart1:093]: <<< AA:ED:00:00:00:00:00:ED
[14:53:30][E][uart1:093]: <<< AA:ED:00:00:00:00:00:ED
[14:53:30][I][uart0:064]: <<< AA:FA:2F:00:00:00:F0:02:00:03:00:00:28:D0:00:DC
AA:CA:38:05:0A:05:CC:01:20:00:64:00:7F:FF:FF:0E
AA:DA:00:00:00:00:F8:11:5E:09:00:00:2F:04:02:4D
AA:FA:2F:00:00:00:F0:02:00:03:00:00:28:D0:00:DC
AA:CA:38:05:0A:05:CC:01:20:00:64:00:7F:FF:FF:0E
AA:DA:00:00:00:00:F8:11:5E:0A:00:00:2F:04:02:4E
AA:FA:2F:00:00:00:F2:02:00:02:00:00:28:D0:00:DF
AA:CA:38:05:0A:05:CC:01
[14:53:31][E][uart1:093]: <<< AA:ED:00:00:00:00:00:ED
[14:53:32][I][uart0:064]: <<< 20:00:64:00:AA:FF:FF:DB
AA:DA:00:00:00:00:F8:11:5E:0A:00:00:2F:04:02:4E
AA:FA:2F:00:00:00:F0:02:00:02:00:00:28:D0:00:DD
AA:CA:38:05:0A:05:CC:01:20:00:64:00:AA:FF:FF:DB
AA:DA:00:00:00:00:F8:11:5E:0A:00:00:2F:04:02:4E
AA:FA:2F:00:00:00:F0:02:00:02:00:00:28:D0:00:DD
AA:CA:38:05:0A:05:CC:01:20:00:64:00:53:FF:FF:22
AA:DA:00:00:00:00:F8:11:5E:0A:00:00:2F:04:02:4E
[14:53:32][E][uart1:093]: <<< AA:ED:00:00:00:00:00:ED
[14:53:33][I][uart0:064]: <<< AA:FA:2F:00:00:00:F2:02:00:04:00:00:28:D0:00:D9
AA:CA:38:05:0A:05:CC:01:20:00:64:00:53:FF:FF:22
AA:DA:00:00:00:00:F8:11:5E:09:00:00:2F:04:02:4D
AA:FA:2F:00:00:00:F0:02:00:04:00:00:28:D0:00:DB
AA:CA:38:05:0A:05:CC:01:20:00:64:00:7F:FF:FF:0E
AA:DA:00:00:00:00:F8:11:5E:0A:00:00:2F:04:02:4E
AA:FA:2F:00:00:00:F0:02:00:03:00:00:28:D0:00:DC
AA:CA:38:05:0A:05:CC:01
[14:53:33][E][uart1:093]: <<< AA:ED:00:00:00:00:00:ED
[14:53:34][I][uart0:064]: <<< 20:00:64:00:7F:FF:FF:0E
AA:DA:00:00:00:00:F8:11:5E:09:00:00:2F:04:02:4D
AA:FA:2F:00:00:00:F0:02:00:03:00:00:28:D0:00:DC
AA:CA:38:05:0A:05:CC:01:20:00:64:00:53:FF:FF:22
AA:DA:00:00:00:00:F8:11:5E:0A:00:00:2F:04:02:4E
AA:FA:2F:00:00:00:F0:02:00:04:00:00:28:D0:00:DB
AA:CA:38:05:0A:05:CC:01:20:00:64:00:53:FF:FF:22
AA:DA:00:00:00:00:F8:11:5E:09:00:00:2F:04:02:4D
[14:53:34][E][uart1:093]: <<< AA:ED:00:00:00:00:00:ED
[14:53:35][I][uart0:064]: <<< AA:FA:2F:00:00:00:F0:02:00:04:00:00:28:D0:00:DB
AA:CA:38:05:0A:05:CC:01:20:00:64:00:7F:FF:FF:0E
AA:DA:00:00:00:00:F8:11:5E:0A:00:00:2F:04:02:4E
AA:FA:2F:00:00:00:F0:02:00:03:00:00:28:D0:00:DC
AA:CA:38:05:0A:05:CC:01:20:00:64:00:7F:FF:FF:0E
AA:DA:00:00:00:00:F8:11:5E:0A:00:00:2F:04:02:4E
AA:FA:2F:00:00:00:F0:02:00:03:00:00:28:D0:00:DC
AA:CA:38:05:0A:05:CC:01
[14:53:35][E][uart1:093]: <<< AA:ED:00:00:00:00:00:ED
[14:53:36][E][uart1:093]: <<< AA:ED:00:00:00:00:00:ED
[14:53:36][I][uart0:064]: <<< 20:00:64:00:7F:FF:FF:0E
AA:DA:00:00:00:00:F8:11:5E:0A:00:00:2F:04:02:4E
AA:FA:2F:00:00:00:F0:02:00:03:00:00:28:D0:00:DC
AA:CA:38:05:0D:05:CC:01:20:00:64:00:7F:FF:FF:09
AA:DA:00:00:00:00:F8:11:5E:09:00:00:2F:04:02:4D
AA:FA:2F:00:00:00:F0:02:00:03:00:00:28:D0:00:DC
AA:CA:38:05:0A:05:CC:01:20:00:64:00:7F:FF:FF:0E
AA:DA:00:00:00:00:F8:11:5E:09:00:00:2F:04:02:4D
[14:53:37][E][uart1:093]: <<< AA:ED:00:00:00:00:00:ED
[14:53:38][I][uart0:064]: <<< AA:FA:2F:00:00:00:F0:02:00:02:00:00:28:D0:00:DD
AA:CA:38:05:0A:05:CC:01:20:00:64:00:AA:FF:FF:DB
AA:DA:00:00:00:00:F8:11:5E:0A:00:00:2F:04:02:4E
AA:FA:2F:00:00:00:F0:02:00:02:00:00:28:D0:00:DD
AA:CA:38:05:0A:05:CC:01:20:00:64:00:AA:FF:FF:DB
AA:DA:00:00:00:00:F8:11:5E:09:00:00:2F:04:02:4D
AA:FA:2F:00:00:00:F0:02:00:02:00:00:28:D0:00:DD
AA:CA:38:05:0A:05:CC:01
[14:53:38][E][uart1:093]: <<< AA:ED:00:00:00:00:00:ED
[14:53:39][I][uart0:064]: <<< 20:00:64:00:AA:FF:FF:DB
AA:DA:00:00:00:00:F8:11:5E:09:00:00:2F:04:02:4D
AA:FA:2F:00:00:00:F0:02:00:02:00:00:28:D0:00:DD
AA:CA:38:05:0D:05:CC:01:20:00:64:00:AA:FF:FF:DC
AA:DA:00:00:00:00:F8:11:5E:09:00:00:2F:04:02:4D
AA:FA:2F:00:00:00:F0:02:00:03:00:00:28:D0:00:DC
AA:CA:38:05:0A:05:CC:01:20:00:64:00:7F:FF:FF:0E
AA:DA:00:00:00:00:F8:11:5E:0A:00:00:2F:04:02:4E
[14:53:39][E][uart1:093]: <<< AA:ED:00:00:00:00:00:ED
[14:53:40][I][uart0:064]: <<< AA:FA:2F:00:00:00:F0:02:00:03:00:00:28:D0:00:DC
AA:CA:38:05:0D:05:CC:01:20:00:64:00:7F:FF:FF:09
AA:DA:00:00:00:00:F8:11:5E:09:00:00:2F:04:02:4D
AA:FA:2F:00:00:00:F0:02:00:03:00:00:28:D0:00:DC
AA:CA:38:05:0A:05:CC:01:20:00:64:00:7F:FF:FF:0E
AA:DA:00:00:00:00:F8:11:5E:0A:00:00:2F:04:02:4E
AA:FA:2F:00:00:00:F0:02:00:03:00:00:28:D0:00:DC
AA:CA:38:05:0A:05:CC:01
[14:53:40][E][uart1:093]: <<< AA:ED:00:00:00:00:00:ED
[14:53:41][I][uart0:064]: <<< 20:00:64:00:7F:FF:FF:0E
AA:DA:00:00:00:00:F8:11:5E:09:00:00:2F:04:02:4D
AA:FA:2F:00:00:00:F0:02:00:03:00:00:28:D0:00:DC
AA:CA:38:05:0A:05:CC:01:20:00:64:00:7F:FF:FF:0E
AA:DA:00:00:00:00:F8:11:5E:09:00:00:2F:04:02:4D
AA:FA:2F:00:00:00:F2:02:00:03:00:00:28:D0:00:DE
AA:CA:38:05:0A:05:CC:01:20:00:64:00:7F:FF:FF:0E
AA:DA:00:00:00:00:F8:11:5E:0A:00:00:2F:04:02:4E
[14:53:41][E][uart1:093]: <<< AA:ED:00:00:00:00:00:ED
[14:53:42][E][uart1:093]: <<< AA:ED:00:00:00:00:00:ED
[14:53:43][I][uart0:064]: <<< AA:FA:2F:00:00:00:F0:02:00:03:00:00:28:D0:00:DC
AA:CA:38:05:0A:05:CC:01:20:00:64:00:7F:FF:FF:0E
AA:DA:00:00:00:00:F8:11:5E:0A:00:00:2F:04:02:4E
AA:FA:2F:00:00:00:F0:02:00:03:00:00:28:D0:00:DC
AA:CA:38:05:0A:05:CC:01:20:00:64:00:7F:FF:FF:0E
AA:DA:00:00:00:00:F8:11:5E:09:00:00:2F:04:02:4D
AA:FA:2F:00:00:00:F0:02:00:03:00:00:28:D0:00:DC
AA:CA:38:05:0A:05:CC:01
[14:53:43][E][uart1:093]: <<< AA:ED:00:00:00:00:00:ED
[14:53:44][I][uart0:064]: <<< 20:00:64:00:7F:FF:FF:0E
AA:DA:00:00:00:00:F8:11:5E:0A:00:00:2F:04:02:4E
AA:FA:2F:00:00:00:F0:02:00:03:00:00:28:D0:00:DC
AA:CA:38:05:0A:05:CC:01:20:00:64:00:7F:FF:FF:0E
AA:DA:00:00:00:00:F8:11:5E:0A:00:00:2F:04:02:4E
AA:FA:2F:00:00:00:F0:02:00:03:00:00:28:D0:00:DC
AA:CA:38:05:0A:05:CC:01:20:00:64:00:7F:FF:FF:0E
AA:DA:00:00:00:00:F8:11:5E:0A:00:00:2F:04:02:4E
[14:53:44][E][uart1:093]: <<< AA:ED:00:00:00:00:00:ED
[14:53:45][I][uart0:064]: <<< AA:FA:2F:00:00:00:F0:02:00:03:00:00:28:D0:00:DC
AA:CA:38:05:0A:05:CC:01:20:00:64:00:7F:FF:FF:0E
AA:DA:00:00:00:00:F8:11:5E:09:00:00:2F:04:02:4D
AA:FA:2F:00:00:00:F0:02:00:03:00:00:28:D0:00:DC
AA:CA:38:05:0A:05:CC:01:20:00:64:00:7F:FF:FF:0E
AA:DA:00:00:00:00:F8:11:5E:0A:00:00:2F:04:02:4E
AA:FA:2F:00:00:00:F0:02:00:03:00:00:28:D0:00:DC
AA:CA:38:05:0A:05:CC:01
[14:53:45][E][uart1:093]: <<< AA:ED:00:00:00:00:00:ED
[14:53:46][I][uart0:064]: <<< 20:00:64:00:7F:FF:FF:0E
AA:DA:00:00:00:00:F8:11:5E:0A:00:00:2F:04:02:4E
AA:FA:2F:00:00:00:F0:02:00:03:00:00:28:D0:00:DC
AA:CA:38:05:0D:05:CC:01:20:00:64:00:AA:FF:FF:DC
AA:DA:00:00:00:00:F8:11:5E:09:00:00:2F:04:02:4D
AA:FA:2F:00:00:00:F0:02:00:02:00:00:28:D0:00:DD
AA:CA:38:05:0A:05:CC:01:20:00:64:00:AA:FF:FF:DB
AA:DA:00:00:00:00:F8:11:5E:0A:00:00:2F:04:02:4E
[14:53:46][E][uart1:093]: <<< AA:ED:00:00:00:00:00:ED
[14:53:47][I][uart0:064]: <<< AA:FA:2F:00:00:00:F0:02:00:02:00:00:28:D0:00:DD
AA:CA:38:05:0A:05:CC:01:20:00:64:00:AA:FF:FF:DB
AA:DA:00:00:00:00:F8:11:5E:0A:00:00:2F:04:02:4E
AA:FA:2F:00:00:00:F0:02:00:02:00:00:28:D0:00:DD
AA:CA:38:05:0A:05:CC:01:20:00:64:00:AA:FF:FF:DB
AA:DA:00:00:00:00:F8:11:5E:0A:00:00:2F:04:02:4E
AA:FA:2F:00:00:00:F0:02:00:02:00:00:28:D0:00:DD
AA:CA:38:05:0A:05:CC:01
[14:53:47][E][uart1:093]: <<< AA:ED:00:00:00:00:00:ED
[14:53:48][E][uart1:093]: <<< AA:ED:00:00:00:00:00:ED
[14:53:49][I][uart0:064]: <<< 20:00:64:00:7F:FF:FF:0E
AA:DA:00:00:00:00:F8:11:5E:0A:00:00:2F:04:02:4E
AA:FA:2F:00:00:00:F0:02:00:03:00:00:28:D0:00:DC
AA:CA:38:05:0A:05:CC:01:20:00:64:00:7F:FF:FF:0E
AA:DA:00:00:00:00:F8:11:5E:0A:00:00:2F:04:02:4E
AA:FA:2F:00:00:00:F0:02:00:03:00:00:28:D0:00:DC
AA:CA:38:05:0A:05:CC:01:20:00:64:00:AA:FF:FF:DB
AA:DA:00:00:00:00:F8:11:5E:09:00:00:2F:04:02:4D
[14:53:49][E][uart1:093]: <<< AA:ED:00:00:00:00:00:ED
[14:53:50][I][uart0:064]: <<< AA:FA:2F:00:00:00:F0:02:00:02:00:00:28:D0:00:DD
AA:CA:38:05:0A:05:CC:01:20:00:64:00:AA:FF:FF:DB
AA:DA:00:00:00:00:F8:11:5E:0A:00:00:2F:04:02:4E
AA:FA:2F:00:00:00:F0:02:00:02:00:00:28:D0:00:DD
AA:CA:38:05:0A:05:CC:01:20:00:64:00:7F:FF:FF:0E
AA:DA:00:00:00:00:F8:11:5E:0A:00:00:2F:04:02:4E
AA:FA:2F:00:00:00:F0:02:00:03:00:00:28:D0:00:DC
AA:CA:38:05:0A:05:CC:01
[14:53:50][E][uart1:093]: <<< AA:ED:00:00:00:00:00:ED:AA:ED:00:00:00:10:00:FD
[14:53:51][I][uart0:064]: <<< 20:00:64:00:7F:FF:FF:0E
AA:DA:00:00:00:00:F8:11:5E:09:00:00:2F:04:02:4D
AA:FA:2F:00:00:00:F0:02:00:03:00:00:28:D0:00:DC
AA:CA:38:05:0A:05:CC:01:20:00:64:00:7F:FF:FF:0E
AA:DA:00:00:00:00:F8:11:5E:09:00:00:2F:04:02:4D
AA:FA:2F:00:00:00:F0:02:00:03:00:00:28:D0:00:DC
AA:CA:38:05:0A:05:CC:01:20:00:64:10:7F:FF:FF:1E
AA:DA:00:00:00:00:F8:11:5E:0A:00:00:2F:04:02:4E
[14:53:51][E][uart1:093]: <<< AA:ED:00:00:00:10:00:FD
[14:53:52][I][uart0:064]: <<< AA:FA:2F:00:00:00:F0:02:00:03:00:00:28:D0:00:DC
AA:CA:38:05:0A:05:CC:01:20:00:64:10:7F:FF:FF:1E
AA:DA:00:00:00:00:F8:11:5E:0A:00:00:2F:04:02:4E
AA:FA:2F:00:00:00:F0:02:00:03:00:00:28:D0:00:DC
AA:CA:38:05:0A:05:CC:01:20:00:64:10:7F:FF:FF:1E
AA:DA:00:00:00:00:F8:11:5E:0A:00:00:2F:04:02:4E
AA:FA:2F:00:00:00:F0:02:00:03:00:00:28:D0:00:DC
AA:CA:38:05:0A:05:CC:01
[14:53:52][E][uart1:093]: <<< AA:ED:00:00:00:10:00:FD
[14:53:53][I][uart0:064]: <<< 20:00:64:10:7F:FF:FF:1E
AA:DA:00:00:00:00:F8:11:5E:0A:00:00:2F:04:02:4E
AA:FA:2F:00:00:00:F0:02:00:02:00:00:28:D0:00:DD
AA:CA:38:05:0A:05:CC:01:20:00:64:10:AA:FF:FF:CB
AA:DA:00:00:00:00:F8:11:5E:0A:00:00:2F:04:02:4E
AA:FA:2F:00:00:00:F0:02:00:02:00:00:28:D0:00:DD
AA:CA:38:05:0A:05:CC:01:20:00:64:10:AA:FF:FF:CB
AA:DA:00:00:00:00:F8:11:5E:0A:00:00:2F:04:02:4E
[14:53:53][E][uart1:093]: <<< AA:ED:00:00:00:10:00:FD
[14:53:54][E][uart1:093]: <<< AA:ED:00:00:00:10:00:FD
[14:53:55][I][uart0:064]: <<< AA:FA:2F:00:00:00:F0:02:00:03:00:00:28:D0:00:DC
AA:CA:38:05:0A:05:CC:01:20:00:64:10:7F:FF:FF:1E
AA:DA:00:00:00:00:F8:11:5E:0A:00:00:2F:04:02:4E
AA:FA:2F:00:00:00:F0:02:00:03:00:00:28:D0:00:DC
AA:CA:38:05:0A:05:CC:01:20:00:64:10:7F:FF:FF:1E
AA:DA:00:00:00:00:F8:11:5E:0A:00:00:2F:04:02:4E
AA:FA:2F:00:00:00:F0:02:00:03:00:00:28:D0:00:DC
AA:CA:38:05:0A:05:CC:01
[14:53:55][E][uart1:093]: <<< AA:ED:00:00:00:10:00:FD
[14:53:56][I][uart0:064]: <<< 20:00:64:10:7F:FF:FF:1E
AA:DA:00:00:00:00:F8:11:5E:0A:00:00:2F:04:02:4E
AA:FA:2F:00:00:00:F0:02:00:03:00:00:28:D0:00:DC
AA:CA:38:05:0A:05:CC:01:20:00:64:10:7F:FF:FF:1E
AA:DA:00:00:00:00:F8:11:5E:0A:00:00:2F:04:02:4E
AA:FA:2F:00:00:00:F0:02:00:03:00:00:28:D0:00:DC
AA:CA:38:05:0A:05:CC:01:20:00:64:10:7F:FF:FF:1E
AA:DA:00:00:00:00:F8:11:5E:0A:00:00:2F:04:02:4E
[14:53:56][E][uart1:093]: <<< AA:ED:00:00:00:10:00:FD
[14:53:57][I][uart0:064]: <<< AA:FA:2F:00:00:00:F0:02:00:03:00:00:28:D0:00:DC
AA:CA:38:05:0A:05:CC:01:20:00:64:10:7F:FF:FF:1E
AA:DA:00:00:00:00:F8:11:5E:0A:00:00:2F:04:02:4E
AA:FA:2F:00:00:00:F0:02:00:03:00:00:28:D0:00:DC
AA:CA:38:05:0A:05:CC:01:20:00:64:10:7F:FF:FF:1E
AA:DA:00:00:00:00:F8:11:5E:0A:00:00:2F:04:02:4E
AA:FA:2F:00:00:00:F0:02:00:03:00:00:28:D0:00:DC
AA:CA:38:05:0A:05:CC:01
[14:53:57][E][uart1:093]: <<< AA:ED:00:00:00:10:00:FD
[14:53:58][I][uart0:064]: <<< 20:00:64:10:7F:FF:FF:1E
AA:DA:00:00:00:00:F8:11:5E:0A:00:00:2F:04:02:4E
AA:FA:2F:00:00:00:F0:02:00:02:00:00:28:D0:00:DD
AA:CA:38:05:0A:05:CC:01:20:00:64:10:AA:FF:FF:CB
AA:DA:00:00:00:00:F8:11:5E:0A:00:00:2F:04:02:4E
AA:FA:2F:00:00:00:F0:02:00:02:00:00:28:D0:00:DD
AA:CA:3C:05:0A:05:CC:01:20:00:64:10:AA:FF:FF:CF
AA:DA:00:00:00:00:F8:11:5E:0A:00:00:2F:04:02:4E
[14:53:58][E][uart1:093]: <<< AA:ED:00:00:00:10:00:FD
[14:53:59][I][uart0:064]: <<< AA:FA:2F:00:00:00:F0:02:00:02:00:00:28:D0:00:DD
AA:CA:38:05:0A:05:CC:01:20:00:64:10:7F:FF:FF:1E
AA:DA:00:00:00:00:F8:11:5E:09:00:00:2F:04:02:4D
AA:FA:2F:00:00:00:F0:02:00:03:00:00:28:D0:00:DC
AA:CA:38:05:0A:05:CC:01:20:00:64:10:7F:FF:FF:1E
AA:DA:00:00:00:00:F8:11:5E:0A:00:00:2F:04:02:4E
AA:FA:2F:00:00:00:F0:02:00:03:00:00:28:D0:00:DC
AA:CA:38:05:0A:05:CC:01
[14:53:59][E][uart1:093]: <<< AA:ED:00:00:00:10:00:FD
[14:54:00][E][uart1:093]: <<< AA:ED:00:00:00:10:00:FD
[14:54:01][I][uart0:064]: <<< 20:00:64:10:AA:FF:FF:CB
AA:DA:00:00:00:00:F8:11:5E:0A:00:00:89:02:4E
AA:FA:2F:00:00:00:F0:02:00:02:00:00:28:D0:00:DD
AA:CA:38:05:0A:05:CC:01:20:00:64:10:AA:FF:FF:CB
AA:DA:00:00:00:00:F8:11:5E:0A:00:00:2F:04:02:4E
AA:FA:2F:00:00:00:F0:02:00:02:00:00:28:D0:00:DD
AA:CA:38:05:0A:05:CC:01:20:00:64:10:7F:FF:FF:1E
AA:DA:00:00:00:00:F8:11:5E:0A:00:00:2F:04:02:4E:AA
[14:54:01][E][uart1:093]: <<< AA:ED:00:00:00:10:00:FD
[14:54:02][I][uart0:064]: <<< FA:2F:00:00:00:F0:02:00:03:00:00:28:D0:00:DC
AA:CA:38:05:0A:05:CC:01:20:00:64:10:7F:FF:FF:1E
AA:DA:00:00:00:00:F8:11:5E:0A:00:00:2F:04:02:4E
AA:FA:2F:00:00:00:F0:02:00:03:00:00:28:D0:00:DC
AA:CA:38:05:0A:05:CC:01:20:00:64:10:AA:FF:FF:CB
AA:DA:00:00:00:00:F8:11:5E:0A:00:00:2F:04:02:4E
AA:FA:2F:00:00:00:F0:02:00:02:00:00:28:D0:00:DD
AA:CA:38:05:0A:05:CC:01:20
[14:54:02][E][uart1:093]: <<< AA:ED:00:00:00:10:00:FD
[14:54:03][I][uart0:064]: <<< 00:64:10:AA:FF:FF:CB
AA:DA:00:00:00:00:F8:11:5E:09:00:00:2F:04:02:4D
AA:FA:2F:00:00:00:F0:02:00:02:00:00:28:D0:00:DD
AA:CA:38:05:0A:05:CC:01:20:00:64:10:7F:FF:FF:1E
AA:DA:00:00:00:00:F8:11:5E:0A:00:00:2F:04:02:4E
AA:FA:2F:00:00:00:F0:02:00:03:00:00:28:D0:00:DC
AA:CA:38:05:0A:05:CC:01:20:00:64:10:7F:FF:FF:1E
AA:DA:00:00:00:00:F8:11:5E:0A:00:00:2F:04:02:4E:AA
[14:54:03][E][uart1:093]: <<< AA:ED:00:00:00:10:00:FD
[14:54:04][I][uart0:064]: <<< FA:2F:00:00:00:F0:02:00:03:00:00:28:D0:00:DC
AA:CA:38:05:0A:05:CC:01:20:00:64:10:7F:FF:FF:1E
AA:DA:00:00:00:00:F8:11:5E:0A:00:00:2F:04:02:4E
AA:FA:2F:00:00:00:F0:02:00:03:00:00:28:D0:00:DC
AA:CA:38:05:0A:05:CC:01:20:00:64:10:7F:FF:FF:1E
AA:DA:00:00:00:00:F8:11:5E:0A:00:00:2F:04:02:4E
AA:FA:2F:00:00:00:F0:02:00:03:00:00:28:D0:00:DC
AA:CA:38:05:03:05:CC:01:20
[14:54:04][E][uart1:093]: <<< AA:ED:00:00:00:10:00:FD
[14:54:05][I][uart0:064]: <<< 00:64:10:7F:FF:FF:17
AA:DA:00:00:00:00:F8:11:5E:0A:00:00:2F:04:02:4E
AA:FA:2F:00:00:00:F0:02:00:08:00:00:28:D0:00:D7
AA:CA:38:05:FC:04:CC:01:20:00:64:10:A6:FE:FF:31
AA:DA:00:00:00:00:F8:11:5E:0A:00:00:2F:04:02:4E
AA:FA:2F:00:00:00:F0:02:00:08:00:00:28:D0:00:D7
AA:CA:38:05:06:05:CC:01:20:00:64:10:A6:FE:FF:CA
AA:DA:00:00:00:00:F8:11:5E:0A:00:00:2F:04:02:4E:AA
[14:54:05][E][uart1:093]: <<< AA:ED:00:00:00:10:00:FD
[14:54:06][E][uart1:093]: <<< AA:ED:00:00:00:10:00:FD
[14:54:07][I][uart0:064]: <<< FA:2F:00:00:00:F0:02:00:05:00:00:28:D0:00:DA
AA:CA:38:05:06:05:CC:01:20:00:64:10:28:FF:FF:45
AA:DA:00:00:00:00:F8:11:5E:0A:00:00:2F:04:02:4E
AA:FA:2F:00:00:00:F0:02:00:05:00:00:28:D0:00:DA
AA:CA:38:05:06:05:CC:01:20:00:64:10:28:FF:FF:45
AA:DA:00:00:00:00:F8:11:5E:0A:00:00:2F:04:02:4E
AA:FA:2F:00:00:00:F0:02:00:04:00:00:28:D0:00:DB
AA:CA:38:05:06:05:CC:01:20
[14:54:07][E][uart1:093]: <<< AA:ED:00:00:00:10:00:FD
[14:54:08][I][uart0:064]: <<< 00:64:10:53:FF:FF:3E
AA:DA:00:00:00:00:F8:11:5E:0A:00:00:2F:04:02:4E
AA:FA:2F:00:00:00:F0:02:00:04:00:00:28:D0:00:DB
AA:CA:38:05:06:05:CC:01:20:00:64:10:53:FF:FF:3E
AA:DA:00:00:00:00:F8:11:5E:0A:00:00:2F:04:02:4E
AA:FA:2F:00:00:00:F0:02:00:04:00:00:28:D0:00:DB
AA:CA:38:05:06:05:CC:01:20:00:64:10:53:FF:FF:3E
AA:DA:00:00:00:00:F8:11:5E:0A:00:00:2F:04:02:4E:AA
[14:54:08][E][uart1:093]: <<< AA:ED:00:00:00:10:00:FD
[14:54:09][I][uart0:064]: <<< FA:2F:00:00:00:F0:02:00:04:00:00:28:D0:00:DB
AA:CA:38:05:06:05:CC:01:20:00:64:10:53:FF:FF:3E
AA:DA:00:00:00:00:F8:11:5E:0A:00:00:2F:04:02:4E
AA:FA:2F:00:00:00:F0:02:00:03:00:00:28:D0:00:DC
AA:CA:38:05:06:05:CC:01:20:00:64:10:7F:FF:FF:12
AA:DA:00:00:00:00:F8:11:5E:09:00:00:2F:04:02:4D
AA:FA:2F:00:00:00:F0:02:00:03:00:00:28:D0:00:DC
AA:CA:38:05:06:05:CC:01:20
[14:54:09][E][uart1:093]: <<< AA:ED:00:00:00:10:00:FD
[14:54:10][I][uart0:064]: <<< 00:64:10:7F:FF:FF:12
AA:DA:00:00:00:00:F8:11:5E:0A:00:00:2F:04:02:4E
AA:FA:2F:00:00:00:F0:02:00:05:00:00:28:D0:00:DA
AA:CA:38:05:06:05:CC:01:20:00:64:10:28:FF:FF:45
AA:DA:00:00:00:00:F8:11:5E:0A:00:00:2F:04:02:4E
AA:FA:2F:00:00:00:F0:02:00:05:00:00:28:D0:00:DA
AA:CA:38:05:06:05:CC:01:20:00:64:10:28:FF:FF:45
AA:DA:00:00:00:00:F8:11:5E:0A:00:00:2F:04:02:4E:AA
[14:54:10][E][uart1:093]: <<< AA:ED:00:00:00:10:00:FD
[14:54:11][I][uart0:064]: <<< FA:2F:00:00:00:F0:02:00:03:00:00:28:D0:00:DC
AA:CA:38:05:06:05:CC:01:20:00:64:10:7F:FF:FF:12
AA:DA:00:00:00:00:F8:11:5E:0A:00:00:2F:04:02:4E
AA:FA:2F:00:00:00:F0:02:00:03:00:00:28:D0:00:DC
AA:CA:38:05:06:05:CC:01:20:00:64:10:7F:FF:FF:12
AA:DA:00:00:00:00:F8:11:5E:0A:00:00:2F:04:02:4E
AA:FA:2F:00:00:00:F0:02:00:03:00:00:28:D0:00:DC
AA:CA:38:05:06:05:CC:01:20
[14:54:11][E][uart1:093]: <<< AA:ED:00:00:00:10:00:FD
[14:54:12][E][uart1:093]: <<< AA:ED:00:00:00:10:00:FD
[14:54:13][I][uart0:064]: <<< 00:64:10:53:FF:FF:3E
AA:DA:00:00:00:00:F8:11:5E:0A:00:00:2F:04:02:4E
AA:FA:2F:00:00:00:F0:02:00:04:00:00:28:D0:00:DB
AA:CA:38:05:06:05:CC:01:20:00:64:10:53:FF:FF:3E
AA:DA:00:00:00:00:F8:11:5E:0A:00:00:2F:04:02:4E
AA:FA:2F:00:00:00:F0:02:00:04:00:00:28:D0:00:DB
AA:CA:38:05:06:05:CC:01:20:00:64:10:7F:FF:FF:12
AA:DA:00:00:00:00:F8:11:5E:0A:00:00:2F:04:02:4E:AA
[14:54:13][E][uart1:093]: <<< AA:ED:00:00:00:10:00:FD
[14:54:14][I][uart0:064]: <<< FA:2F:00:00:00:F0:02:00:03:00:00:28:D0:00:DC
AA:CA:38:05:0A:05:CC:01:20:00:64:10:7F:FF:FF:1E
AA:DA:00:00:00:00:F8:11:5E:0A:00:00:2F:04:02:4E
AA:FA:2F:00:00:00:F0:02:00:03:00:00:28:D0:00:DC
AA:CA:38:05:0A:05:CC:01:20:00:64:10:7F:FF:FF:1E
AA:DA:00:00:00:00:F8:11:5E:0A:00:00:2F:04:02:4E
AA:FA:2F:00:00:00:F0:02:00:03:00:00:28:D0:00:DC
AA:CA:38:05:0A:05:CC:01:20
[14:54:14][E][uart1:093]: <<< AA:ED:00:00:00:10:00:FD
[14:54:15][I][uart0:064]: <<< 00:64:10:7F:FF:FF:1E
AA:DA:00:00:00:00:F8:11:5E:0A:00:00:2F:04:02:4E
AA:FA:2F:00:00:00:F0:02:00:03:00:00:28:D0:00:DC
AA:CA:38:05:0A:05:CC:01:20:00:64:10:AA:FF:FF:CB
AA:DA:00:00:00:00:F8:11:5E:0A:00:00:2F:04:02:4E
AA:FA:2F:00:00:00:F0:02:00:02:00:00:28:D0:00:DD
AA:CA:38:05:0A:05:CC:01:20:00:64:10:AA:FF:FF:CB
AA:DA:00:00:00:00:F8:11:5E:0A:00:00:2F:04:02:4E:AA
[14:54:15][E][uart1:093]: <<< AA:ED:00:00:00:10:00:FD
[14:54:16][I][uart0:064]: <<< FA:2F:00:00:00:F0:02:00:02:00:00:28:D0:00:DD
AA:CA:38:05:0A:05:CC:01:20:00:64:10:AA:FF:FF:CB
AA:DA:00:00:00:00:F8:11:5E:0A:00:00:2F:04:02:4E
AA:FA:2F:00:00:00:F0:02:00:02:00:00:28:D0:00:DD
AA:CA:38:05:0A:05:CC:01:20:00:64:10:AA:FF:FF:CB
AA:DA:00:00:00:00:F8:11:5E:0A:00:00:2F:04:02:4E
AA:FA:2F:00:00:00:F0:02:00:02:00:00:28:D0:00:DD
AA:CA:38:05:0A:05:CC:01:20
[14:54:16][E][uart1:093]: <<< AA:ED:00:00:00:10:00:FD
[14:54:17][I][uart0:064]: <<< 00:64:10:AA:FF:FF:CB
AA:DA:00:00:00:00:F8:11:5E:0A:00:00:2F:04:02:4E
AA:FA:2F:00:00:00:F0:02:00:03:00:00:28:D0:00:DC
AA:CA:38:05:0A:05:CC:01:20:00:64:10:7F:FF:FF:1E
AA:DA:00:00:00:00:F8:11:5E:09:00:00:2F:04:02:4D
AA:FA:2F:00:00:00:F0:02:00:03:00:00:28:D0:00:DC
AA:CA:38:05:0A:05:CC:01:20:00:64:10:7F:FF:FF:1E
AA:DA:00:00:00:00:F8:11:5E:0A:00:00:2F:04:02:4E:AA
[14:54:17][E][uart1:093]: <<< AA:ED:00:00:00:10:00:FD
[14:54:18][E][uart1:093]: <<< AA:ED:00:00:00:10:00:FD
[14:54:19][I][uart0:064]: <<< FA:2F:00:00:00:F0:02:00:03:00:00:28:D0:00:DC
AA:CA:38:05:0A:05:CC:01:20:00:64:10:7F:FF:FF:1E
AA:DA:00:00:00:00:F8:11:5E:0A:00:00:2F:04:02:4E
AA:FA:2F:00:00:00:F0:02:00:03:00:00:28:D0:00:DC
AA:CA:38:05:0A:05:CC:01:20:00:64:10:7F:FF:FF:1E
AA:DA:00:00:00:00:F8:11:5E:0A:00:00:2F:04:02:4E
AA:FA:2F:00:00:00:F0:02:00:03:00:00:28:D0:00:DC
AA:CA:38:05:0A:05:CC:01:20
[14:54:19][E][uart1:093]: <<< AA:ED:00:00:00:10:00:FD
[14:54:20][I][uart0:064]: <<< 00:64:10:7F:FF:FF:1E
AA:DA:00:00:00:00:F8:11:5E:0A:00:00:2F:04:02:4E
AA:FA:2F:00:00:00:F0:02:00:03:00:00:28:D0:00:DC
AA:CA:38:05:0A:05:CC:01:20:00:64:10:7F:FF:FF:1E
AA:DA:00:00:00:00:F8:11:5E:0A:00:00:2F:04:02:4E
AA:FA:2F:00:00:00:F0:02:00:03:00:00:28:D0:00:DC
AA:CA:38:05:0A:05:CC:01:20:00:64:10:7F:FF:FF:1E
AA:DA:00:00:00:00:F8:11:5E:0A:00:00:2F:04:02:4E:AA
[14:54:20][E][uart1:093]: <<< AA:ED:00:00:00:10:00:FD
[14:54:21][I][uart0:064]: <<< FA:2F:00:00:00:F0:02:00:03:00:00:28:D0:00:DC
AA:CA:38:05:0A:05:CC:01:20:00:64:10:7F:FF:FF:1E
AA:DA:00:00:00:00:F8:11:5E:0A:00:00:2F:04:02:4E
AA:FA:2F:00:00:00:F0:02:00:04:00:00:28:D0:00:DB
AA:CA:38:05:0A:05:CC:01:20:00:64:10:53:FF:FF:32
AA:DA:00:00:00:00:F8:11:5E:0A:00:00:2F:04:02:4E
AA:FA:2F:00:00:00:F0:02:00:04:00:00:28:D0:00:DB
AA:CA:38:05:0A:05:CC:01:20
[14:54:21][E][uart1:093]: <<< AA:ED:00:00:00:10:00:FD
[14:54:22][I][uart0:064]: <<< 00:64:10:53:FF:FF:32
AA:DA:00:00:00:00:F8:11:5E:0A:00:00:2F:04:02:4E
AA:FA:2F:00:00:00:F0:02:00:03:00:00:28:D0:00:DC
AA:CA:38:05:0A:05:CC:01:20:00:64:10:7F:FF:FF:1E
AA:DA:00:00:00:00:F8:11:5E:0A:00:00:2F:04:02:4E
AA:FA:2F:00:00:00:F0:02:00:03:00:00:28:D0:00:DC
AA:CA:38:05:0A:05:CC:01:20:00:64:10:7F:FF:FF:1E
AA:DA:00:00:00:00:F8:11:5E:0A:00:00:2F:04:02:4E:AA
[14:54:22][E][uart1:093]: <<< AA:ED:00:00:00:10:00:FD
[14:54:23][I][uart0:064]: <<< FA:2F:00:00:00:F0:02:00:04:00:00:28:D0:00:DB
AA:CA:38:05:0A:05:CC:01:20:00:64:10:53:FF:FF:32
AA:DA:00:00:00:00:F8:11:5E:0A:00:00:2F:04:02:4E
AA:FA:2F:00:00:00:F0:02:00:04:00:00:28:D0:00:DB
AA:CA:38:05:0A:05:CC:01:20:00:64:10:53:FF:FF:32
AA:DA:00:00:00:00:F8:11:5E:0A:00:00:2F:04:02:4E
AA:FA:2F:00:00:00:F0:02:00:02:00:00:28:D0:00:DD
AA:CA:38:05:0A:05:CC:01:20
[14:54:23][E][uart1:093]: <<< AA:ED:00:00:00:10:00:FD
[14:54:24][E][uart1:093]: <<< AA:ED:00:00:00:10:00:FD
[14:54:25][I][uart0:064]: <<< 00:64:10:AA:FF:FF:CB
AA:DA:00:00:00:00:F8:11:5E:0A:00:00:2F:04:02:4E
AA:FA:2F:00:00:00:F0:02:00:02:00:00:28:D0:00:DD
AA:CA:38:05:0A:05:CC:01:20:00:64:10:AA:FF:FF:CB
AA:DA:00:00:00:00:F8:11:5E:0A:00:00:2F:04:02:4E
AA:FA:2F:00:00:00:F0:02:00:02:00:00:28:D0:00:DD
AA:CA:38:05:0A:05:CC:01:20:00:64:10:7F:FF:FF:1E
AA:DA:00:00:00:00:F8:11:5E:0A:00:00:2F:04:02:4E:AA
[14:54:25][E][uart1:093]: <<< AA:ED:00:00:00:10:00:FD
[14:54:26][I][uart0:064]: <<< FA:2F:00:00:00:F0:02:00:03:00:00:28:D0:00:DC
AA:CA:38:05:0A:05:CC:01:20:00:64:10:7F:FF:FF:1E
AA:DA:00:00:00:00:F8:11:5E:0A:00:00:2F:04:02:4E
AA:FA:2F:00:00:00:F0:02:00:03:00:00:28:D0:00:DC
AA:CA:38:05:0A:05:CC:01:20:00:64:10:AA:FF:FF:CB
AA:DA:00:00:00:00:F8:11:5E:0A:00:00:2F:04:02:4E
AA:FA:2F:00:00:00:F0:02:00:02:00:00:28:D0:00:DD
AA:CA:38:05:0A:05:CC:01:20
[14:54:26][E][uart1:093]: <<< AA:ED:00:00:00:10:00:FD
[14:54:27][I][uart0:064]: <<< 00:64:10:AA:FF:FF:CB
AA:DA:00:00:00:00:F8:11:5E:0A:00:00:2F:04:02:4E
AA:FA:2F:00:00:00:F0:02:00:02:00:00:28:D0:00:DD
AA:CA:38:05:0A:05:CC:01:20:00:64:10:7F:FF:FF:1E
AA:DA:00:00:00:00:F8:11:5E:0A:00:00:2F:04:02:4E
AA:FA:2F:00:00:00:F0:02:00:03:00:00:28:D0:00:DC
AA:CA:38:05:0A:05:CC:01:20:00:64:10:7F:FF:FF:1E
AA:DA:00:00:00:00:F8:11:5E:0A:00:00:2F:04:02:4E:AA
[14:54:27][E][uart1:093]: <<< AA:ED:00:00:00:10:00:FD
[14:54:28][I][uart0:064]: <<< FA:2F:00:00:00:F0:02:00:03:00:00:28:D0:00:DC
AA:CA:38:05:0A:05:CC:01:20:00:64:10:53:FF:FF:32
AA:DA:00:00:00:00:F8:11:5E:0A:00:00:2F:04:02:4E
AA:FA:2F:00:00:00:F0:02:00:04:00:00:28:D0:00:DB
AA:CA:38:05:0A:05:CC:01:20:00:64:10:53:FF:FF:32
AA:DA:00:00:00:00:F8:11:5E:0A:00:00:2F:04:02:4E
AA:FA:2F:00:00:00:F0:02:00:04:00:00:28:D0:00:DB
AA:CA:38:05:0A:05:CC:01:20
[14:54:28][E][uart1:093]: <<< AA:ED:00:00:00:10:00:FD
[14:54:29][E][uart1:093]: <<< AA:ED:00:00:00:10:00:FD
[14:54:29][I][uart0:064]: <<< 00:64:10:AA:FF:FF:CB
AA:DA:00:00:00:00:F8:11:5E:0A:00:00:2F:04:02:4E
AA:FA:2F:00:00:00:F0:02:00:02:00:00:28:D0:00:DD
AA:CA:38:05:0A:05:CC:01:20:00:64:10:AA:FF:FF:CB
AA:DA:00:00:00:00:F8:11:5E:0A:00:00:2F:04:02:4E
AA:FA:2F:00:00:00:F0:02:00:02:00:00:28:D0:00:DD
AA:CA:38:05:0A:05:CC:01:20:00:64:10:AA:FF:FF:CB
AA:DA:00:00:00:00:F8:11:5E:0A:00:00:2F:04:02:4E:AA
[14:54:30][E][uart1:093]: <<< AA:ED:00:00:00:10:00:FD
